<?xml version="1.0" encoding="UTF-8"?>
<!-- Generated by org.testng.reporters.JUnitXMLReporter -->
<testsuite ignored="0" hostname="DESKTOP-C4T3QLF" failures="4" tests="27" name="Default test" time="25.75" errors="0" timestamp="2023-10-02T17:27:05 EDT">
  <testcase classname="io.cucumber.testng.AbstractTestNGCucumberTests" name="runScenario" time="4.457"/>
  <testcase classname="io.cucumber.testng.AbstractTestNGCucumberTests" name="runScenario" time="0.814"/>
  <testcase classname="io.cucumber.testng.AbstractTestNGCucumberTests" name="runScenario" time="0.289"/>
  <testcase classname="io.cucumber.testng.AbstractTestNGCucumberTests" name="runScenario" time="0.682"/>
  <testcase classname="io.cucumber.testng.AbstractTestNGCucumberTests" name="runScenario" time="0.232"/>
  <testcase classname="io.cucumber.testng.AbstractTestNGCucumberTests" name="runScenario" time="0.42"/>
  <testcase classname="io.cucumber.testng.AbstractTestNGCucumberTests" name="runScenario" time="0.368"/>
  <testcase classname="io.cucumber.testng.AbstractTestNGCucumberTests" name="runScenario" time="1.486"/>
  <testcase classname="io.cucumber.testng.AbstractTestNGCucumberTests" name="runScenario" time="0.82"/>
  <testcase classname="io.cucumber.testng.AbstractTestNGCucumberTests" name="runScenario" time="0.661"/>
  <testcase classname="io.cucumber.testng.AbstractTestNGCucumberTests" name="runScenario" time="0.637"/>
  <testcase classname="io.cucumber.testng.AbstractTestNGCucumberTests" name="runScenario" time="0.597"/>
  <testcase classname="io.cucumber.testng.AbstractTestNGCucumberTests" name="runScenario" time="0.91">
    <failure type="java.lang.AssertionError" message="expected [Your password must contain at least 8 characters.] but found [password_mismatch:The two password fields didn’t match.]">
      <![CDATA[java.lang.AssertionError: expected [Your password must contain at least 8 characters.] but found [password_mismatch:The two password fields didn’t match.]
at org.testng.Assert.fail(Assert.java:111)
at org.testng.Assert.failNotEquals(Assert.java:1578)
at org.testng.Assert.assertEqualsImpl(Assert.java:150)
at org.testng.Assert.assertEquals(Assert.java:132)
at org.testng.Assert.assertEquals(Assert.java:656)
at org.testng.Assert.assertEquals(Assert.java:666)
at utilities.UtlityFunctions.check_text(UtlityFunctions.java:60)
at pageObjects.Register_POM.enter_password_less_than_eight_msg(Register_POM.java:114)
at step_definition.Register_SD.your_password_must_contain_at_least_characters_message_should_display(Register_SD.java:155)
at ✽.Your password must contain at least 8 characters message should display(file:///C:/Users/bobby/eclipse-workspace/ds-algo-quality-way/src/test/resources/features/02Register.feature:66)
]]>
    </failure>
  </testcase> <!-- runScenario -->
  <testcase classname="io.cucumber.testng.AbstractTestNGCucumberTests" name="runScenario" time="1.066">
    <failure type="java.lang.AssertionError" message="expected [Your password can’t be entirely numeric.] but found [password_mismatch:The two password fields didn’t match.]">
      <![CDATA[java.lang.AssertionError: expected [Your password can’t be entirely numeric.] but found [password_mismatch:The two password fields didn’t match.]
at org.testng.Assert.fail(Assert.java:111)
at org.testng.Assert.failNotEquals(Assert.java:1578)
at org.testng.Assert.assertEqualsImpl(Assert.java:150)
at org.testng.Assert.assertEquals(Assert.java:132)
at org.testng.Assert.assertEquals(Assert.java:656)
at org.testng.Assert.assertEquals(Assert.java:666)
at utilities.UtlityFunctions.check_text(UtlityFunctions.java:60)
at pageObjects.Register_POM.enter_password_only_numeric_msg(Register_POM.java:120)
at step_definition.Register_SD.your_password_can_not_be_entirely_numeric_message_should_display(Register_SD.java:178)
at ✽.Your password can not be entirely numeric message should display(file:///C:/Users/bobby/eclipse-workspace/ds-algo-quality-way/src/test/resources/features/02Register.feature:73)
]]>
    </failure>
  </testcase> <!-- runScenario -->
  <testcase classname="io.cucumber.testng.AbstractTestNGCucumberTests" name="runScenario" time="0.892"/>
  <testcase classname="io.cucumber.testng.AbstractTestNGCucumberTests" name="runScenario" time="0.92">
    <failure type="java.lang.AssertionError" message="expected [User already exists] but found [password_mismatch:The two password fields didn’t match.]">
      <![CDATA[java.lang.AssertionError: expected [User already exists] but found [password_mismatch:The two password fields didn’t match.]
at org.testng.Assert.fail(Assert.java:111)
at org.testng.Assert.failNotEquals(Assert.java:1578)
at org.testng.Assert.assertEqualsImpl(Assert.java:150)
at org.testng.Assert.assertEquals(Assert.java:132)
at org.testng.Assert.assertEquals(Assert.java:656)
at org.testng.Assert.assertEquals(Assert.java:666)
at utilities.UtlityFunctions.check_text(UtlityFunctions.java:60)
at pageObjects.Register_POM.enter_existing_username_msg(Register_POM.java:132)
at step_definition.Register_SD.user_already_exists_message_should_appears(Register_SD.java:228)
at ✽.user already exists message should appears.(file:///C:/Users/bobby/eclipse-workspace/ds-algo-quality-way/src/test/resources/features/02Register.feature:89)
]]>
    </failure>
  </testcase> <!-- runScenario -->
  <testcase classname="io.cucumber.testng.AbstractTestNGCucumberTests" name="runScenario" time="0.937"/>
  <testcase classname="io.cucumber.testng.AbstractTestNGCucumberTests" name="runScenario" time="0.903">
    <failure type="org.openqa.selenium.UnhandledAlertException" message="Dismissed user prompt dialog: To display this page, Firefox must send information that will repeat any action (such as a search or order confirmation) that was performed earlier.: 
Build info: version: &amp;apos;4.11.0&amp;apos;, revision: &amp;apos;040bc5406b&amp;apos;
System info: os.name: &amp;apos;Windows 10&amp;apos;, os.arch: &amp;apos;amd64&amp;apos;, os.version: &amp;apos;10.0&amp;apos;, java.version: &amp;apos;20.0.2&amp;apos;
Driver info: org.openqa.selenium.firefox.FirefoxDriver
Command: [08ac3138-5d71-4ce8-8eee-ca0fe80a617f, getCurrentUrl {}]
Capabilities {acceptInsecureCerts: true, browserName: firefox, browserVersion: 118.0.1, moz:accessibilityChecks: false, moz:buildID: 20230927232528, moz:debuggerAddress: 127.0.0.1:25535, moz:geckodriverVersion: 0.33.0, moz:headless: false, moz:platformVersion: 10.0, moz:processID: 9372, moz:profile: C:\Users\bobby\AppData\Loca..., moz:shutdownTimeout: 60000, moz:webdriverClick: true, moz:windowless: false, pageLoadStrategy: normal, platformName: windows, proxy: Proxy(), se:cdp: ws://127.0.0.1:25535/devtoo..., se:cdpVersion: 85.0, setWindowRect: true, strictFileInteractability: false, timeouts: {implicit: 0, pageLoad: 300000, script: 30000}, unhandledPromptBehavior: dismiss and notify}
Session ID: 08ac3138-5d71-4ce8-8eee-ca0fe80a617f">
      <![CDATA[org.openqa.selenium.UnhandledAlertException: Dismissed user prompt dialog: To display this page, Firefox must send information that will repeat any action (such as a search or order confirmation) that was performed earlier.: 
Build info: version: '4.11.0', revision: '040bc5406b'
System info: os.name: 'Windows 10', os.arch: 'amd64', os.version: '10.0', java.version: '20.0.2'
Driver info: org.openqa.selenium.firefox.FirefoxDriver
Command: [08ac3138-5d71-4ce8-8eee-ca0fe80a617f, getCurrentUrl {}]
Capabilities {acceptInsecureCerts: true, browserName: firefox, browserVersion: 118.0.1, moz:accessibilityChecks: false, moz:buildID: 20230927232528, moz:debuggerAddress: 127.0.0.1:25535, moz:geckodriverVersion: 0.33.0, moz:headless: false, moz:platformVersion: 10.0, moz:processID: 9372, moz:profile: C:\Users\bobby\AppData\Loca..., moz:shutdownTimeout: 60000, moz:webdriverClick: true, moz:windowless: false, pageLoadStrategy: normal, platformName: windows, proxy: Proxy(), se:cdp: ws://127.0.0.1:25535/devtoo..., se:cdpVersion: 85.0, setWindowRect: true, strictFileInteractability: false, timeouts: {implicit: 0, pageLoad: 300000, script: 30000}, unhandledPromptBehavior: dismiss and notify}
Session ID: 08ac3138-5d71-4ce8-8eee-ca0fe80a617f
at org.openqa.selenium.remote.codec.w3c.W3CHttpResponseCodec.decode(W3CHttpResponseCodec.java:131)
at org.openqa.selenium.remote.codec.w3c.W3CHttpResponseCodec.decode(W3CHttpResponseCodec.java:52)
at org.openqa.selenium.remote.HttpCommandExecutor.execute(HttpCommandExecutor.java:191)
at org.openqa.selenium.remote.service.DriverCommandExecutor.invokeExecute(DriverCommandExecutor.java:196)
at org.openqa.selenium.remote.service.DriverCommandExecutor.execute(DriverCommandExecutor.java:171)
at org.openqa.selenium.remote.RemoteWebDriver.execute(RemoteWebDriver.java:518)
at org.openqa.selenium.remote.RemoteWebDriver.execute(RemoteWebDriver.java:591)
at org.openqa.selenium.remote.RemoteWebDriver.execute(RemoteWebDriver.java:595)
at org.openqa.selenium.remote.RemoteWebDriver.getCurrentUrl(RemoteWebDriver.java:312)
at utilities.UtlityFunctions.check_url(UtlityFunctions.java:55)
at utilities.UtlityFunctions.check_url_home(UtlityFunctions.java:81)
at step_definition.Register_SD.user_will_navigate_to_home_page(Register_SD.java:270)
at ✽.user will navigate to home page(file:///C:/Users/bobby/eclipse-workspace/ds-algo-quality-way/src/test/resources/features/02Register.feature:102)
]]>
    </failure>
  </testcase> <!-- runScenario -->
  <testcase classname="io.cucumber.testng.AbstractTestNGCucumberTests" name="runScenario" time="0.472"/>
  <testcase classname="io.cucumber.testng.AbstractTestNGCucumberTests" name="runScenario" time="0.633"/>
  <testcase classname="io.cucumber.testng.AbstractTestNGCucumberTests" name="runScenario" time="0.604"/>
  <testcase classname="io.cucumber.testng.AbstractTestNGCucumberTests" name="runScenario" time="0.559"/>
  <testcase classname="io.cucumber.testng.AbstractTestNGCucumberTests" name="runScenario" time="0.819"/>
  <testcase classname="io.cucumber.testng.AbstractTestNGCucumberTests" name="runScenario" time="0.842"/>
  <testcase classname="io.cucumber.testng.AbstractTestNGCucumberTests" name="runScenario" time="1.115"/>
  <testcase classname="io.cucumber.testng.AbstractTestNGCucumberTests" name="runScenario" time="2.094"/>
  <testcase classname="io.cucumber.testng.AbstractTestNGCucumberTests" name="runScenario" time="0.507"/>
</testsuite> <!-- Default test -->
