<?xml version="1.0" encoding="UTF-8"?>
<!-- Generated by org.testng.reporters.JUnitXMLReporter -->
<testsuite ignored="0" hostname="DESKTOP-C4T3QLF" failures="43" tests="53" name="Default test" time="10.824" errors="0" timestamp="2023-09-23T23:10:29 EDT">
  <testcase classname="io.cucumber.testng.AbstractTestNGCucumberTests" name="runScenario" time="7.352"/>
  <testcase classname="io.cucumber.testng.AbstractTestNGCucumberTests" name="runScenario" time="0.441"/>
  <testcase classname="io.cucumber.testng.AbstractTestNGCucumberTests" name="runScenario" time="0.108"/>
  <testcase classname="io.cucumber.testng.AbstractTestNGCucumberTests" name="runScenario" time="0.295"/>
  <testcase classname="io.cucumber.testng.AbstractTestNGCucumberTests" name="runScenario" time="0.209"/>
  <testcase classname="io.cucumber.testng.AbstractTestNGCucumberTests" name="runScenario" time="0.191"/>
  <testcase classname="io.cucumber.testng.AbstractTestNGCucumberTests" name="runScenario" time="0.213"/>
  <testcase classname="io.cucumber.testng.AbstractTestNGCucumberTests" name="runScenario" time="0.507"/>
  <testcase classname="io.cucumber.testng.AbstractTestNGCucumberTests" name="runScenario" time="0.266"/>
  <testcase classname="io.cucumber.testng.AbstractTestNGCucumberTests" name="runScenario" time="0.221"/>
  <testcase classname="io.cucumber.testng.AbstractTestNGCucumberTests" name="runScenario" time="0.012">
    <failure type="io.cucumber.java.PendingException" message="TODO: implement me">
      <![CDATA[io.cucumber.java.PendingException: TODO: implement me
at step_definition.Tree_SD.the_user_is_in_the_tree_page(Tree_SD.java:49)
at ✽.The user is in the tree page(file:///C:/Users/bobby/eclipse-workspace/ds-algo-quality-way/src/test/resources/features/tree.feature:42)
]]>
    </failure>
  </testcase> <!-- runScenario -->
  <testcase classname="io.cucumber.testng.AbstractTestNGCucumberTests" name="runScenario" time="0.008">
    <failure type="io.cucumber.java.PendingException" message="TODO: implement me">
      <![CDATA[io.cucumber.java.PendingException: TODO: implement me
at step_definition.Tree_SD.the_user_clicks_try_here_button_for_overview_of_trees(Tree_SD.java:67)
at ✽.The user clicks Try Here button for Overview of Trees(file:///C:/Users/bobby/eclipse-workspace/ds-algo-quality-way/src/test/resources/features/tree.feature:48)
]]>
    </failure>
  </testcase> <!-- runScenario -->
  <testcase classname="io.cucumber.testng.AbstractTestNGCucumberTests" name="runScenario" time="0.008">
    <failure type="io.cucumber.java.PendingException" message="TODO: implement me">
      <![CDATA[io.cucumber.java.PendingException: TODO: implement me
at step_definition.Tree_SD.some_python_as_input_then_click_run_button_for_overview_of_trees(Tree_SD.java:79)
at ✽.some python as input then click run button for Overview of Trees(file:///C:/Users/bobby/eclipse-workspace/ds-algo-quality-way/src/test/resources/features/tree.feature:53)
]]>
    </failure>
  </testcase> <!-- runScenario -->
  <testcase classname="io.cucumber.testng.AbstractTestNGCucumberTests" name="runScenario" time="0.008">
    <failure type="io.cucumber.java.PendingException" message="TODO: implement me">
      <![CDATA[io.cucumber.java.PendingException: TODO: implement me
at step_definition.Tree_SD.the_user_is_in_the_overview_of_trees_page(Tree_SD.java:91)
at ✽.The user is in the Overview of Trees Page(file:///C:/Users/bobby/eclipse-workspace/ds-algo-quality-way/src/test/resources/features/tree.feature:58)
]]>
    </failure>
  </testcase> <!-- runScenario -->
  <testcase classname="io.cucumber.testng.AbstractTestNGCucumberTests" name="runScenario" time="0.012">
    <failure type="io.cucumber.java.PendingException" message="TODO: implement me">
      <![CDATA[io.cucumber.java.PendingException: TODO: implement me
at step_definition.Tree_SD.the_user_clicks_try_here_button_from_terminologies_page(Tree_SD.java:109)
at ✽.The user clicks Try Here button from Terminologies page(file:///C:/Users/bobby/eclipse-workspace/ds-algo-quality-way/src/test/resources/features/tree.feature:64)
]]>
    </failure>
  </testcase> <!-- runScenario -->
  <testcase classname="io.cucumber.testng.AbstractTestNGCucumberTests" name="runScenario" time="0.009">
    <failure type="io.cucumber.java.PendingException" message="TODO: implement me">
      <![CDATA[io.cucumber.java.PendingException: TODO: implement me
at step_definition.Tree_SD.some_python_as_input_then_click_run_button_for_terminologies(Tree_SD.java:121)
at ✽.some python as input then click run button for Terminologies(file:///C:/Users/bobby/eclipse-workspace/ds-algo-quality-way/src/test/resources/features/tree.feature:69)
]]>
    </failure>
  </testcase> <!-- runScenario -->
  <testcase classname="io.cucumber.testng.AbstractTestNGCucumberTests" name="runScenario" time="0.008">
    <failure type="io.cucumber.java.PendingException" message="TODO: implement me">
      <![CDATA[io.cucumber.java.PendingException: TODO: implement me
at step_definition.Tree_SD.the_user_is_in_the_queue_page_terminologies_page(Tree_SD.java:133)
at ✽.The user is in the queue page Terminologies page(file:///C:/Users/bobby/eclipse-workspace/ds-algo-quality-way/src/test/resources/features/tree.feature:74)
]]>
    </failure>
  </testcase> <!-- runScenario -->
  <testcase classname="io.cucumber.testng.AbstractTestNGCucumberTests" name="runScenario" time="0.008">
    <failure type="io.cucumber.java.PendingException" message="TODO: implement me">
      <![CDATA[io.cucumber.java.PendingException: TODO: implement me
at step_definition.Tree_SD.the_user_clicks_try_here_button_button_from_types_of_trees_page(Tree_SD.java:151)
at ✽.The user clicks Try Here button button from Types of Trees page(file:///C:/Users/bobby/eclipse-workspace/ds-algo-quality-way/src/test/resources/features/tree.feature:80)
]]>
    </failure>
  </testcase> <!-- runScenario -->
  <testcase classname="io.cucumber.testng.AbstractTestNGCucumberTests" name="runScenario" time="0.009">
    <failure type="io.cucumber.java.PendingException" message="TODO: implement me">
      <![CDATA[io.cucumber.java.PendingException: TODO: implement me
at step_definition.Tree_SD.some_python_as_input_then_click_run_button_for_types_of_trees(Tree_SD.java:163)
at ✽.some python as input then click run button for Types of Trees(file:///C:/Users/bobby/eclipse-workspace/ds-algo-quality-way/src/test/resources/features/tree.feature:85)
]]>
    </failure>
  </testcase> <!-- runScenario -->
  <testcase classname="io.cucumber.testng.AbstractTestNGCucumberTests" name="runScenario" time="0.008">
    <failure type="io.cucumber.java.PendingException" message="TODO: implement me">
      <![CDATA[io.cucumber.java.PendingException: TODO: implement me
at step_definition.Tree_SD.the_user_is_in_the_types_of_trees_page(Tree_SD.java:175)
at ✽.The user is in the Types of Trees page(file:///C:/Users/bobby/eclipse-workspace/ds-algo-quality-way/src/test/resources/features/tree.feature:90)
]]>
    </failure>
  </testcase> <!-- runScenario -->
  <testcase classname="io.cucumber.testng.AbstractTestNGCucumberTests" name="runScenario" time="0.007">
    <failure type="io.cucumber.java.PendingException" message="TODO: implement me">
      <![CDATA[io.cucumber.java.PendingException: TODO: implement me
at step_definition.Tree_SD.the_user_clicks_try_here_button_for_tree_traversals(Tree_SD.java:193)
at ✽.The user clicks Try Here button for Tree Traversals(file:///C:/Users/bobby/eclipse-workspace/ds-algo-quality-way/src/test/resources/features/tree.feature:96)
]]>
    </failure>
  </testcase> <!-- runScenario -->
  <testcase classname="io.cucumber.testng.AbstractTestNGCucumberTests" name="runScenario" time="0.007">
    <failure type="io.cucumber.java.PendingException" message="TODO: implement me">
      <![CDATA[io.cucumber.java.PendingException: TODO: implement me
at step_definition.Tree_SD.some_python_as_input_then_click_run_button_for_tree_traversals(Tree_SD.java:205)
at ✽.some python as input then click run button for Tree Traversals(file:///C:/Users/bobby/eclipse-workspace/ds-algo-quality-way/src/test/resources/features/tree.feature:101)
]]>
    </failure>
  </testcase> <!-- runScenario -->
  <testcase classname="io.cucumber.testng.AbstractTestNGCucumberTests" name="runScenario" time="0.008">
    <failure type="io.cucumber.java.PendingException" message="TODO: implement me">
      <![CDATA[io.cucumber.java.PendingException: TODO: implement me
at step_definition.Tree_SD.the_user_is_in_the_tree_traversals(Tree_SD.java:217)
at ✽.The user is in the Tree Traversals(file:///C:/Users/bobby/eclipse-workspace/ds-algo-quality-way/src/test/resources/features/tree.feature:106)
]]>
    </failure>
  </testcase> <!-- runScenario -->
  <testcase classname="io.cucumber.testng.AbstractTestNGCucumberTests" name="runScenario" time="0.008">
    <failure type="io.cucumber.java.PendingException" message="TODO: implement me">
      <![CDATA[io.cucumber.java.PendingException: TODO: implement me
at step_definition.Tree_SD.the_user_clicks_try_here_button_for_traversals_illustration(Tree_SD.java:235)
at ✽.The user clicks Try Here button for Traversals-Illustration(file:///C:/Users/bobby/eclipse-workspace/ds-algo-quality-way/src/test/resources/features/tree.feature:112)
]]>
    </failure>
  </testcase> <!-- runScenario -->
  <testcase classname="io.cucumber.testng.AbstractTestNGCucumberTests" name="runScenario" time="0.008">
    <failure type="io.cucumber.java.PendingException" message="TODO: implement me">
      <![CDATA[io.cucumber.java.PendingException: TODO: implement me
at step_definition.Tree_SD.some_python_as_input_then_click_run_button_for_traversals_illustration(Tree_SD.java:247)
at ✽.some python as input then click run button for Traversals-Illustration(file:///C:/Users/bobby/eclipse-workspace/ds-algo-quality-way/src/test/resources/features/tree.feature:117)
]]>
    </failure>
  </testcase> <!-- runScenario -->
  <testcase classname="io.cucumber.testng.AbstractTestNGCucumberTests" name="runScenario" time="0.007">
    <failure type="io.cucumber.java.PendingException" message="TODO: implement me">
      <![CDATA[io.cucumber.java.PendingException: TODO: implement me
at step_definition.Tree_SD.the_user_is_in_the_traversals_illustration_page(Tree_SD.java:259)
at ✽.The user is in the Traversals-Illustration Page(file:///C:/Users/bobby/eclipse-workspace/ds-algo-quality-way/src/test/resources/features/tree.feature:122)
]]>
    </failure>
  </testcase> <!-- runScenario -->
  <testcase classname="io.cucumber.testng.AbstractTestNGCucumberTests" name="runScenario" time="0.007">
    <failure type="io.cucumber.java.PendingException" message="TODO: implement me">
      <![CDATA[io.cucumber.java.PendingException: TODO: implement me
at step_definition.Tree_SD.the_user_clicks_try_here_button_from_binary_trees_page(Tree_SD.java:277)
at ✽.The user clicks Try Here button from Binary Trees page(file:///C:/Users/bobby/eclipse-workspace/ds-algo-quality-way/src/test/resources/features/tree.feature:128)
]]>
    </failure>
  </testcase> <!-- runScenario -->
  <testcase classname="io.cucumber.testng.AbstractTestNGCucumberTests" name="runScenario" time="0.007">
    <failure type="io.cucumber.java.PendingException" message="TODO: implement me">
      <![CDATA[io.cucumber.java.PendingException: TODO: implement me
at step_definition.Tree_SD.some_python_as_input_then_click_run_button_for_binary_trees(Tree_SD.java:289)
at ✽.some python as input then click run button for Binary Trees(file:///C:/Users/bobby/eclipse-workspace/ds-algo-quality-way/src/test/resources/features/tree.feature:133)
]]>
    </failure>
  </testcase> <!-- runScenario -->
  <testcase classname="io.cucumber.testng.AbstractTestNGCucumberTests" name="runScenario" time="0.008">
    <failure type="io.cucumber.java.PendingException" message="TODO: implement me">
      <![CDATA[io.cucumber.java.PendingException: TODO: implement me
at step_definition.Tree_SD.the_user_is_in_the_queue_page_binary_trees_page(Tree_SD.java:301)
at ✽.The user is in the queue page Binary Trees page(file:///C:/Users/bobby/eclipse-workspace/ds-algo-quality-way/src/test/resources/features/tree.feature:138)
]]>
    </failure>
  </testcase> <!-- runScenario -->
  <testcase classname="io.cucumber.testng.AbstractTestNGCucumberTests" name="runScenario" time="0.008">
    <failure type="io.cucumber.java.PendingException" message="TODO: implement me">
      <![CDATA[io.cucumber.java.PendingException: TODO: implement me
at step_definition.Tree_SD.the_user_clicks_try_here_button_button_from_types_of_binary_trees(Tree_SD.java:319)
at ✽.The user clicks Try Here button button from Types of Binary Trees(file:///C:/Users/bobby/eclipse-workspace/ds-algo-quality-way/src/test/resources/features/tree.feature:144)
]]>
    </failure>
  </testcase> <!-- runScenario -->
  <testcase classname="io.cucumber.testng.AbstractTestNGCucumberTests" name="runScenario" time="0.007">
    <failure type="io.cucumber.java.PendingException" message="TODO: implement me">
      <![CDATA[io.cucumber.java.PendingException: TODO: implement me
at step_definition.Tree_SD.some_python_as_input_then_click_run_button_for_types_of_binary_trees(Tree_SD.java:331)
at ✽.some python as input then click run button for Types of Binary Trees(file:///C:/Users/bobby/eclipse-workspace/ds-algo-quality-way/src/test/resources/features/tree.feature:149)
]]>
    </failure>
  </testcase> <!-- runScenario -->
  <testcase classname="io.cucumber.testng.AbstractTestNGCucumberTests" name="runScenario" time="0.009">
    <failure type="io.cucumber.java.PendingException" message="TODO: implement me">
      <![CDATA[io.cucumber.java.PendingException: TODO: implement me
at step_definition.Tree_SD.the_user_is_in_the_types_of_binary_trees(Tree_SD.java:343)
at ✽.The user is in the Types of Binary Trees(file:///C:/Users/bobby/eclipse-workspace/ds-algo-quality-way/src/test/resources/features/tree.feature:154)
]]>
    </failure>
  </testcase> <!-- runScenario -->
  <testcase classname="io.cucumber.testng.AbstractTestNGCucumberTests" name="runScenario" time="0.007">
    <failure type="io.cucumber.java.PendingException" message="TODO: implement me">
      <![CDATA[io.cucumber.java.PendingException: TODO: implement me
at step_definition.Tree_SD.the_user_clicks_try_here_button_for_implementation_in_python(Tree_SD.java:361)
at ✽.The user clicks Try Here button for Implementation in Python(file:///C:/Users/bobby/eclipse-workspace/ds-algo-quality-way/src/test/resources/features/tree.feature:160)
]]>
    </failure>
  </testcase> <!-- runScenario -->
  <testcase classname="io.cucumber.testng.AbstractTestNGCucumberTests" name="runScenario" time="0.007">
    <failure type="io.cucumber.java.PendingException" message="TODO: implement me">
      <![CDATA[io.cucumber.java.PendingException: TODO: implement me
at step_definition.Tree_SD.some_python_as_input_then_click_run_button_for_implementation_in_python(Tree_SD.java:373)
at ✽.some python as input then click run button for Implementation in Python(file:///C:/Users/bobby/eclipse-workspace/ds-algo-quality-way/src/test/resources/features/tree.feature:165)
]]>
    </failure>
  </testcase> <!-- runScenario -->
  <testcase classname="io.cucumber.testng.AbstractTestNGCucumberTests" name="runScenario" time="0.006">
    <failure type="io.cucumber.java.PendingException" message="TODO: implement me">
      <![CDATA[io.cucumber.java.PendingException: TODO: implement me
at step_definition.Tree_SD.the_user_is_in_the_implementation_in_python_page(Tree_SD.java:385)
at ✽.The user is in the Implementation in Python page(file:///C:/Users/bobby/eclipse-workspace/ds-algo-quality-way/src/test/resources/features/tree.feature:170)
]]>
    </failure>
  </testcase> <!-- runScenario -->
  <testcase classname="io.cucumber.testng.AbstractTestNGCucumberTests" name="runScenario" time="0.009">
    <failure type="io.cucumber.java.PendingException" message="TODO: implement me">
      <![CDATA[io.cucumber.java.PendingException: TODO: implement me
at step_definition.Tree_SD.the_user_clicks_try_here_button_for_binary_tree_traversals(Tree_SD.java:403)
at ✽.The user clicks Try Here button for Binary Tree Traversals(file:///C:/Users/bobby/eclipse-workspace/ds-algo-quality-way/src/test/resources/features/tree.feature:176)
]]>
    </failure>
  </testcase> <!-- runScenario -->
  <testcase classname="io.cucumber.testng.AbstractTestNGCucumberTests" name="runScenario" time="0.007">
    <failure type="io.cucumber.java.PendingException" message="TODO: implement me">
      <![CDATA[io.cucumber.java.PendingException: TODO: implement me
at step_definition.Tree_SD.some_python_as_input_then_click_run_button_for_binary_tree_traversals(Tree_SD.java:415)
at ✽.some python as input then click run button for Binary Tree Traversals(file:///C:/Users/bobby/eclipse-workspace/ds-algo-quality-way/src/test/resources/features/tree.feature:181)
]]>
    </failure>
  </testcase> <!-- runScenario -->
  <testcase classname="io.cucumber.testng.AbstractTestNGCucumberTests" name="runScenario" time="0.007">
    <failure type="io.cucumber.java.PendingException" message="TODO: implement me">
      <![CDATA[io.cucumber.java.PendingException: TODO: implement me
at step_definition.Tree_SD.the_user_is_in_the_binary_tree_traversals_page(Tree_SD.java:427)
at ✽.The user is in the Binary Tree Traversals Page(file:///C:/Users/bobby/eclipse-workspace/ds-algo-quality-way/src/test/resources/features/tree.feature:186)
]]>
    </failure>
  </testcase> <!-- runScenario -->
  <testcase classname="io.cucumber.testng.AbstractTestNGCucumberTests" name="runScenario" time="0.006">
    <failure type="io.cucumber.java.PendingException" message="TODO: implement me">
      <![CDATA[io.cucumber.java.PendingException: TODO: implement me
at step_definition.Tree_SD.the_user_clicks_try_here_button_from_implementation_of_binary_trees_page(Tree_SD.java:433)
at ✽.The user clicks Try Here button from Implementation of Binary Trees page(file:///C:/Users/bobby/eclipse-workspace/ds-algo-quality-way/src/test/resources/features/tree.feature:192)
]]>
    </failure>
  </testcase> <!-- runScenario -->
  <testcase classname="io.cucumber.testng.AbstractTestNGCucumberTests" name="runScenario" time="0.006">
    <failure type="io.cucumber.java.PendingException" message="TODO: implement me">
      <![CDATA[io.cucumber.java.PendingException: TODO: implement me
at step_definition.Tree_SD.some_python_as_input_then_click_run_button_for_implementation_of_binary_trees(Tree_SD.java:445)
at ✽.some python as input then click run button for Implementation of Binary Trees(file:///C:/Users/bobby/eclipse-workspace/ds-algo-quality-way/src/test/resources/features/tree.feature:197)
]]>
    </failure>
  </testcase> <!-- runScenario -->
  <testcase classname="io.cucumber.testng.AbstractTestNGCucumberTests" name="runScenario" time="0.007">
    <failure type="io.cucumber.java.PendingException" message="TODO: implement me">
      <![CDATA[io.cucumber.java.PendingException: TODO: implement me
at step_definition.Tree_SD.the_user_is_in_the_queue_page_implementation_of_binary_trees_page(Tree_SD.java:456)
at ✽.The user is in the queue page Implementation of Binary Trees page(file:///C:/Users/bobby/eclipse-workspace/ds-algo-quality-way/src/test/resources/features/tree.feature:202)
]]>
    </failure>
  </testcase> <!-- runScenario -->
  <testcase classname="io.cucumber.testng.AbstractTestNGCucumberTests" name="runScenario" time="0.006">
    <failure type="io.cucumber.java.PendingException" message="TODO: implement me">
      <![CDATA[io.cucumber.java.PendingException: TODO: implement me
at step_definition.Tree_SD.the_user_clicks_try_here_button_button_from_types_of_trees_page(Tree_SD.java:151)
at ✽.The user clicks Try Here button button from Types of Trees page(file:///C:/Users/bobby/eclipse-workspace/ds-algo-quality-way/src/test/resources/features/tree.feature:208)
]]>
    </failure>
  </testcase> <!-- runScenario -->
  <testcase classname="io.cucumber.testng.AbstractTestNGCucumberTests" name="runScenario" time="0.006">
    <failure type="io.cucumber.java.PendingException" message="TODO: implement me">
      <![CDATA[io.cucumber.java.PendingException: TODO: implement me
at step_definition.Tree_SD.some_python_as_input_then_click_run_button_for_types_of_trees(Tree_SD.java:163)
at ✽.some python as input then click run button for Types of Trees(file:///C:/Users/bobby/eclipse-workspace/ds-algo-quality-way/src/test/resources/features/tree.feature:213)
]]>
    </failure>
  </testcase> <!-- runScenario -->
  <testcase classname="io.cucumber.testng.AbstractTestNGCucumberTests" name="runScenario" time="0.005">
    <failure type="io.cucumber.java.PendingException" message="TODO: implement me">
      <![CDATA[io.cucumber.java.PendingException: TODO: implement me
at step_definition.Tree_SD.the_user_is_in_the_types_of_trees_page(Tree_SD.java:175)
at ✽.The user is in the Types of Trees page(file:///C:/Users/bobby/eclipse-workspace/ds-algo-quality-way/src/test/resources/features/tree.feature:218)
]]>
    </failure>
  </testcase> <!-- runScenario -->
  <testcase classname="io.cucumber.testng.AbstractTestNGCucumberTests" name="runScenario" time="0.006">
    <failure type="io.cucumber.java.PendingException" message="TODO: implement me">
      <![CDATA[io.cucumber.java.PendingException: TODO: implement me
at step_definition.Tree_SD.the_user_clicks_try_here_button_for_applications_of_binary_trees(Tree_SD.java:474)
at ✽.The user clicks Try Here button for Applications of Binary trees(file:///C:/Users/bobby/eclipse-workspace/ds-algo-quality-way/src/test/resources/features/tree.feature:224)
]]>
    </failure>
  </testcase> <!-- runScenario -->
  <testcase classname="io.cucumber.testng.AbstractTestNGCucumberTests" name="runScenario" time="0.007">
    <failure type="io.cucumber.java.PendingException" message="TODO: implement me">
      <![CDATA[io.cucumber.java.PendingException: TODO: implement me
at step_definition.Tree_SD.some_python_as_input_then_click_run_button_for_applications_of_binary_trees(Tree_SD.java:486)
at ✽.some python as input then click run button for Applications of Binary trees(file:///C:/Users/bobby/eclipse-workspace/ds-algo-quality-way/src/test/resources/features/tree.feature:229)
]]>
    </failure>
  </testcase> <!-- runScenario -->
  <testcase classname="io.cucumber.testng.AbstractTestNGCucumberTests" name="runScenario" time="0.007">
    <failure type="io.cucumber.java.PendingException" message="TODO: implement me">
      <![CDATA[io.cucumber.java.PendingException: TODO: implement me
at step_definition.Tree_SD.the_user_is_in_the_applications_of_binary_trees_page(Tree_SD.java:498)
at ✽.The user is in the Applications of Binary trees page(file:///C:/Users/bobby/eclipse-workspace/ds-algo-quality-way/src/test/resources/features/tree.feature:234)
]]>
    </failure>
  </testcase> <!-- runScenario -->
  <testcase classname="io.cucumber.testng.AbstractTestNGCucumberTests" name="runScenario" time="0.007">
    <failure type="io.cucumber.java.PendingException" message="TODO: implement me">
      <![CDATA[io.cucumber.java.PendingException: TODO: implement me
at step_definition.Tree_SD.the_user_clicks_try_here_button_for_binary_search_trees(Tree_SD.java:516)
at ✽.The user clicks Try Here button for Binary Search Trees(file:///C:/Users/bobby/eclipse-workspace/ds-algo-quality-way/src/test/resources/features/tree.feature:240)
]]>
    </failure>
  </testcase> <!-- runScenario -->
  <testcase classname="io.cucumber.testng.AbstractTestNGCucumberTests" name="runScenario" time="0.006">
    <failure type="io.cucumber.java.PendingException" message="TODO: implement me">
      <![CDATA[io.cucumber.java.PendingException: TODO: implement me
at step_definition.Tree_SD.some_python_as_input_then_click_run_button_for_binary_search_trees(Tree_SD.java:528)
at ✽.some python as input then click run button for Binary Search Trees(file:///C:/Users/bobby/eclipse-workspace/ds-algo-quality-way/src/test/resources/features/tree.feature:245)
]]>
    </failure>
  </testcase> <!-- runScenario -->
  <testcase classname="io.cucumber.testng.AbstractTestNGCucumberTests" name="runScenario" time="0.008">
    <failure type="io.cucumber.java.PendingException" message="TODO: implement me">
      <![CDATA[io.cucumber.java.PendingException: TODO: implement me
at step_definition.Tree_SD.the_user_is_in_the_binary_search_trees_page(Tree_SD.java:540)
at ✽.The user is in the Binary Search Trees page(file:///C:/Users/bobby/eclipse-workspace/ds-algo-quality-way/src/test/resources/features/tree.feature:250)
]]>
    </failure>
  </testcase> <!-- runScenario -->
  <testcase classname="io.cucumber.testng.AbstractTestNGCucumberTests" name="runScenario" time="0.006">
    <failure type="io.cucumber.java.PendingException" message="TODO: implement me">
      <![CDATA[io.cucumber.java.PendingException: TODO: implement me
at step_definition.Tree_SD.the_user_clicks_try_here_button_for_implementation_of_bst(Tree_SD.java:558)
at ✽.The user clicks Try Here button for Implementation Of BST(file:///C:/Users/bobby/eclipse-workspace/ds-algo-quality-way/src/test/resources/features/tree.feature:256)
]]>
    </failure>
  </testcase> <!-- runScenario -->
  <testcase classname="io.cucumber.testng.AbstractTestNGCucumberTests" name="runScenario" time="0.006">
    <failure type="io.cucumber.java.PendingException" message="TODO: implement me">
      <![CDATA[io.cucumber.java.PendingException: TODO: implement me
at step_definition.Tree_SD.some_python_as_input_then_click_run_button_for_implementation_of_bst(Tree_SD.java:570)
at ✽.some python as input then click run button for Implementation Of BST(file:///C:/Users/bobby/eclipse-workspace/ds-algo-quality-way/src/test/resources/features/tree.feature:261)
]]>
    </failure>
  </testcase> <!-- runScenario -->
  <testcase classname="io.cucumber.testng.AbstractTestNGCucumberTests" name="runScenario" time="0.007">
    <failure type="io.cucumber.java.PendingException" message="TODO: implement me">
      <![CDATA[io.cucumber.java.PendingException: TODO: implement me
at step_definition.Tree_SD.a_logged_in_user_is_in_the_implementation_of_bst_page(Tree_SD.java:582)
at ✽.A logged in user is in theImplementation Of BST page(file:///C:/Users/bobby/eclipse-workspace/ds-algo-quality-way/src/test/resources/features/tree.feature:266)
]]>
    </failure>
  </testcase> <!-- runScenario -->
</testsuite> <!-- Default test -->
