<?xml version="1.0" encoding="UTF-8"?>
<testng-results ignored="0" total="149" passed="145" failed="4" skipped="0">
  <reporter-output>
  </reporter-output>
  <suite started-at="2023-10-01T19:26:40 EDT" name="Default suite" finished-at="2023-10-01T19:27:42 EDT" duration-ms="61719">
    <groups>
      <group name="cucumber">
        <method signature="AbstractTestNGCucumberTests.runScenario(io.cucumber.testng.PickleWrapper,io.cucumber.testng.FeatureWrapper)[pri:0, instance:runner.TestRunner@5be1d0a4]" name="runScenario" class="io.cucumber.testng.AbstractTestNGCucumberTests"/>
      </group> <!-- cucumber -->
    </groups>
    <test started-at="2023-10-01T19:26:40 EDT" name="Default test" finished-at="2023-10-01T19:27:42 EDT" duration-ms="61719">
      <class name="runner.TestRunner">
        <test-method is-config="true" signature="setUpClass(org.testng.ITestContext)[pri:0, instance:runner.TestRunner@5be1d0a4]" started-at="2023-10-01T19:26:40 EDT" name="setUpClass" finished-at="2023-10-01T19:26:40 EDT" duration-ms="555" status="PASS">
          <params>
            <param index="0">
              <value>
                <![CDATA[org.testng.TestRunner@5b132063]]>
              </value>
            </param>
          </params>
          <reporter-output>
          </reporter-output>
        </test-method> <!-- setUpClass -->
        <test-method signature="runScenario(io.cucumber.testng.PickleWrapper,io.cucumber.testng.FeatureWrapper)[pri:0, instance:runner.TestRunner@5be1d0a4]" started-at="2023-10-01T19:26:40 EDT" name="runScenario" description="Runs Cucumber Scenarios" data-provider="scenarios" finished-at="2023-10-01T19:26:43 EDT" duration-ms="2563" status="PASS">
          <params>
            <param index="0">
              <value>
                <![CDATA["open home page"]]>
              </value>
            </param>
            <param index="1">
              <value>
                <![CDATA["to test functionality of home page"]]>
              </value>
            </param>
          </params>
          <reporter-output>
          </reporter-output>
        </test-method> <!-- runScenario -->
        <test-method signature="runScenario(io.cucumber.testng.PickleWrapper,io.cucumber.testng.FeatureWrapper)[pri:0, instance:runner.TestRunner@5be1d0a4]" started-at="2023-10-01T19:26:43 EDT" name="runScenario" description="Runs Cucumber Scenarios" data-provider="scenarios" finished-at="2023-10-01T19:26:44 EDT" duration-ms="518" status="PASS">
          <params>
            <param index="0">
              <value>
                <![CDATA["get started button to go to home page"]]>
              </value>
            </param>
            <param index="1">
              <value>
                <![CDATA["to test functionality of home page"]]>
              </value>
            </param>
          </params>
          <reporter-output>
          </reporter-output>
        </test-method> <!-- runScenario -->
        <test-method signature="runScenario(io.cucumber.testng.PickleWrapper,io.cucumber.testng.FeatureWrapper)[pri:0, instance:runner.TestRunner@5be1d0a4]" started-at="2023-10-01T19:26:44 EDT" name="runScenario" description="Runs Cucumber Scenarios" data-provider="scenarios" finished-at="2023-10-01T19:26:44 EDT" duration-ms="123" status="PASS">
          <params>
            <param index="0">
              <value>
                <![CDATA["The user already on DS Algo portal page drop down with Data structures"]]>
              </value>
            </param>
            <param index="1">
              <value>
                <![CDATA["to test functionality of home page"]]>
              </value>
            </param>
          </params>
          <reporter-output>
          </reporter-output>
        </test-method> <!-- runScenario -->
        <test-method signature="runScenario(io.cucumber.testng.PickleWrapper,io.cucumber.testng.FeatureWrapper)[pri:0, instance:runner.TestRunner@5be1d0a4]" started-at="2023-10-01T19:26:44 EDT" name="runScenario" description="Runs Cucumber Scenarios" data-provider="scenarios" finished-at="2023-10-01T19:26:44 EDT" duration-ms="300" status="PASS">
          <params>
            <param index="0">
              <value>
                <![CDATA["select one item from drop down without sign in"]]>
              </value>
            </param>
            <param index="1">
              <value>
                <![CDATA["to test functionality of home page"]]>
              </value>
            </param>
          </params>
          <reporter-output>
          </reporter-output>
        </test-method> <!-- runScenario -->
        <test-method signature="runScenario(io.cucumber.testng.PickleWrapper,io.cucumber.testng.FeatureWrapper)[pri:0, instance:runner.TestRunner@5be1d0a4]" started-at="2023-10-01T19:26:44 EDT" name="runScenario" description="Runs Cucumber Scenarios" data-provider="scenarios" finished-at="2023-10-01T19:26:44 EDT" duration-ms="202" status="PASS">
          <params>
            <param index="0">
              <value>
                <![CDATA["select one item from home page without sign in"]]>
              </value>
            </param>
            <param index="1">
              <value>
                <![CDATA["to test functionality of home page"]]>
              </value>
            </param>
          </params>
          <reporter-output>
          </reporter-output>
        </test-method> <!-- runScenario -->
        <test-method signature="runScenario(io.cucumber.testng.PickleWrapper,io.cucumber.testng.FeatureWrapper)[pri:0, instance:runner.TestRunner@5be1d0a4]" started-at="2023-10-01T19:26:44 EDT" name="runScenario" description="Runs Cucumber Scenarios" data-provider="scenarios" finished-at="2023-10-01T19:26:45 EDT" duration-ms="221" status="PASS">
          <params>
            <param index="0">
              <value>
                <![CDATA["The user already on DS Algo portal page and user try to go to sign in page"]]>
              </value>
            </param>
            <param index="1">
              <value>
                <![CDATA["to test functionality of home page"]]>
              </value>
            </param>
          </params>
          <reporter-output>
          </reporter-output>
        </test-method> <!-- runScenario -->
        <test-method signature="runScenario(io.cucumber.testng.PickleWrapper,io.cucumber.testng.FeatureWrapper)[pri:0, instance:runner.TestRunner@5be1d0a4]" started-at="2023-10-01T19:26:45 EDT" name="runScenario" description="Runs Cucumber Scenarios" data-provider="scenarios" finished-at="2023-10-01T19:26:45 EDT" duration-ms="285" status="PASS">
          <params>
            <param index="0">
              <value>
                <![CDATA["The user already on DS Algo portal page and the user try to go to sign in page"]]>
              </value>
            </param>
            <param index="1">
              <value>
                <![CDATA["to test functionality of home page"]]>
              </value>
            </param>
          </params>
          <reporter-output>
          </reporter-output>
        </test-method> <!-- runScenario -->
        <test-method signature="runScenario(io.cucumber.testng.PickleWrapper,io.cucumber.testng.FeatureWrapper)[pri:0, instance:runner.TestRunner@5be1d0a4]" started-at="2023-10-01T19:26:45 EDT" name="runScenario" description="Runs Cucumber Scenarios" data-provider="scenarios" finished-at="2023-10-01T19:26:46 EDT" duration-ms="842" status="PASS">
          <params>
            <param index="0">
              <value>
                <![CDATA["try register with username and password and confirm password fields empty"]]>
              </value>
            </param>
            <param index="1">
              <value>
                <![CDATA["to test register with valid and invalid credentials"]]>
              </value>
            </param>
          </params>
          <reporter-output>
          </reporter-output>
        </test-method> <!-- runScenario -->
        <test-method signature="runScenario(io.cucumber.testng.PickleWrapper,io.cucumber.testng.FeatureWrapper)[pri:0, instance:runner.TestRunner@5be1d0a4]" started-at="2023-10-01T19:26:46 EDT" name="runScenario" description="Runs Cucumber Scenarios" data-provider="scenarios" finished-at="2023-10-01T19:26:46 EDT" duration-ms="428" status="PASS">
          <params>
            <param index="0">
              <value>
                <![CDATA["check logging with valid username and leaving password field empty"]]>
              </value>
            </param>
            <param index="1">
              <value>
                <![CDATA["to test register with valid and invalid credentials"]]>
              </value>
            </param>
          </params>
          <reporter-output>
          </reporter-output>
        </test-method> <!-- runScenario -->
        <test-method signature="runScenario(io.cucumber.testng.PickleWrapper,io.cucumber.testng.FeatureWrapper)[pri:0, instance:runner.TestRunner@5be1d0a4]" started-at="2023-10-01T19:26:46 EDT" name="runScenario" description="Runs Cucumber Scenarios" data-provider="scenarios" finished-at="2023-10-01T19:26:46 EDT" duration-ms="354" status="PASS">
          <params>
            <param index="0">
              <value>
                <![CDATA["check logging with valid password  and leaving username field empty"]]>
              </value>
            </param>
            <param index="1">
              <value>
                <![CDATA["to test register with valid and invalid credentials"]]>
              </value>
            </param>
          </params>
          <reporter-output>
          </reporter-output>
        </test-method> <!-- runScenario -->
        <test-method signature="runScenario(io.cucumber.testng.PickleWrapper,io.cucumber.testng.FeatureWrapper)[pri:0, instance:runner.TestRunner@5be1d0a4]" started-at="2023-10-01T19:26:46 EDT" name="runScenario" description="Runs Cucumber Scenarios" data-provider="scenarios" finished-at="2023-10-01T19:26:47 EDT" duration-ms="346" status="PASS">
          <params>
            <param index="0">
              <value>
                <![CDATA["check logging with valid password  and username but leaving confirm password field empty"]]>
              </value>
            </param>
            <param index="1">
              <value>
                <![CDATA["to test register with valid and invalid credentials"]]>
              </value>
            </param>
          </params>
          <reporter-output>
          </reporter-output>
        </test-method> <!-- runScenario -->
        <test-method signature="runScenario(io.cucumber.testng.PickleWrapper,io.cucumber.testng.FeatureWrapper)[pri:0, instance:runner.TestRunner@5be1d0a4]" started-at="2023-10-01T19:26:47 EDT" name="runScenario" description="Runs Cucumber Scenarios" data-provider="scenarios" finished-at="2023-10-01T19:26:47 EDT" duration-ms="516" status="PASS">
          <params>
            <param index="0">
              <value>
                <![CDATA["Check register with similar usename and password"]]>
              </value>
            </param>
            <param index="1">
              <value>
                <![CDATA["to test register with valid and invalid credentials"]]>
              </value>
            </param>
          </params>
          <reporter-output>
          </reporter-output>
        </test-method> <!-- runScenario -->
        <test-method signature="runScenario(io.cucumber.testng.PickleWrapper,io.cucumber.testng.FeatureWrapper)[pri:0, instance:runner.TestRunner@5be1d0a4]" started-at="2023-10-01T19:26:47 EDT" name="runScenario" description="Runs Cucumber Scenarios" data-provider="scenarios" finished-at="2023-10-01T19:26:48 EDT" duration-ms="504" status="FAIL">
          <params>
            <param index="0">
              <value>
                <![CDATA["Check register with password minimum length"]]>
              </value>
            </param>
            <param index="1">
              <value>
                <![CDATA["to test register with valid and invalid credentials"]]>
              </value>
            </param>
          </params>
          <exception class="java.lang.AssertionError">
            <message>
              <![CDATA[expected [Your password must contain at least 8 characters.] but found [password_mismatch:The two password fields didn’t match.]]]>
            </message>
            <full-stacktrace>
              <![CDATA[java.lang.AssertionError: expected [Your password must contain at least 8 characters.] but found [password_mismatch:The two password fields didn’t match.]
at org.testng.Assert.fail(Assert.java:111)
at org.testng.Assert.failNotEquals(Assert.java:1578)
at org.testng.Assert.assertEqualsImpl(Assert.java:150)
at org.testng.Assert.assertEquals(Assert.java:132)
at org.testng.Assert.assertEquals(Assert.java:656)
at org.testng.Assert.assertEquals(Assert.java:666)
at utilities.UtlityFunctions.check_text(UtlityFunctions.java:59)
at pageObjeccts.Register_POM.enter_password_less_than_eight_msg(Register_POM.java:114)
at step_definition.Register_SD.your_password_must_contain_at_least_characters_message_should_display(Register_SD.java:154)
at ✽.Your password must contain at least 8 characters message should display(file:///C:/Users/bobby/eclipse-workspace/ds-algo-quality-way/src/test/resources/features/02Register.feature:66)
]]>
            </full-stacktrace>
          </exception> <!-- java.lang.AssertionError -->
          <reporter-output>
          </reporter-output>
        </test-method> <!-- runScenario -->
        <test-method signature="runScenario(io.cucumber.testng.PickleWrapper,io.cucumber.testng.FeatureWrapper)[pri:0, instance:runner.TestRunner@5be1d0a4]" started-at="2023-10-01T19:26:48 EDT" name="runScenario" description="Runs Cucumber Scenarios" data-provider="scenarios" finished-at="2023-10-01T19:26:48 EDT" duration-ms="447" status="FAIL">
          <params>
            <param index="0">
              <value>
                <![CDATA["Check register with password characters"]]>
              </value>
            </param>
            <param index="1">
              <value>
                <![CDATA["to test register with valid and invalid credentials"]]>
              </value>
            </param>
          </params>
          <exception class="java.lang.AssertionError">
            <message>
              <![CDATA[expected [Your password can’t be entirely numeric.] but found [password_mismatch:The two password fields didn’t match.]]]>
            </message>
            <full-stacktrace>
              <![CDATA[java.lang.AssertionError: expected [Your password can’t be entirely numeric.] but found [password_mismatch:The two password fields didn’t match.]
at org.testng.Assert.fail(Assert.java:111)
at org.testng.Assert.failNotEquals(Assert.java:1578)
at org.testng.Assert.assertEqualsImpl(Assert.java:150)
at org.testng.Assert.assertEquals(Assert.java:132)
at org.testng.Assert.assertEquals(Assert.java:656)
at org.testng.Assert.assertEquals(Assert.java:666)
at utilities.UtlityFunctions.check_text(UtlityFunctions.java:59)
at pageObjeccts.Register_POM.enter_password_only_numeric_msg(Register_POM.java:120)
at step_definition.Register_SD.your_password_can_not_be_entirely_numeric_message_should_display(Register_SD.java:176)
at ✽.Your password can not be entirely numeric message should display(file:///C:/Users/bobby/eclipse-workspace/ds-algo-quality-way/src/test/resources/features/02Register.feature:73)
]]>
            </full-stacktrace>
          </exception> <!-- java.lang.AssertionError -->
          <reporter-output>
          </reporter-output>
        </test-method> <!-- runScenario -->
        <test-method signature="runScenario(io.cucumber.testng.PickleWrapper,io.cucumber.testng.FeatureWrapper)[pri:0, instance:runner.TestRunner@5be1d0a4]" started-at="2023-10-01T19:26:48 EDT" name="runScenario" description="Runs Cucumber Scenarios" data-provider="scenarios" finished-at="2023-10-01T19:26:49 EDT" duration-ms="514" status="PASS">
          <params>
            <param index="0">
              <value>
                <![CDATA["password mismatch"]]>
              </value>
            </param>
            <param index="1">
              <value>
                <![CDATA["to test register with valid and invalid credentials"]]>
              </value>
            </param>
          </params>
          <reporter-output>
          </reporter-output>
        </test-method> <!-- runScenario -->
        <test-method signature="runScenario(io.cucumber.testng.PickleWrapper,io.cucumber.testng.FeatureWrapper)[pri:0, instance:runner.TestRunner@5be1d0a4]" started-at="2023-10-01T19:26:49 EDT" name="runScenario" description="Runs Cucumber Scenarios" data-provider="scenarios" finished-at="2023-10-01T19:26:49 EDT" duration-ms="434" status="FAIL">
          <params>
            <param index="0">
              <value>
                <![CDATA["Try to register with already existing user"]]>
              </value>
            </param>
            <param index="1">
              <value>
                <![CDATA["to test register with valid and invalid credentials"]]>
              </value>
            </param>
          </params>
          <exception class="java.lang.AssertionError">
            <message>
              <![CDATA[expected [User already exists] but found [password_mismatch:The two password fields didn’t match.]]]>
            </message>
            <full-stacktrace>
              <![CDATA[java.lang.AssertionError: expected [User already exists] but found [password_mismatch:The two password fields didn’t match.]
at org.testng.Assert.fail(Assert.java:111)
at org.testng.Assert.failNotEquals(Assert.java:1578)
at org.testng.Assert.assertEqualsImpl(Assert.java:150)
at org.testng.Assert.assertEquals(Assert.java:132)
at org.testng.Assert.assertEquals(Assert.java:656)
at org.testng.Assert.assertEquals(Assert.java:666)
at utilities.UtlityFunctions.check_text(UtlityFunctions.java:59)
at pageObjeccts.Register_POM.enter_existing_username_msg(Register_POM.java:132)
at step_definition.Register_SD.user_already_exists_message_should_appears(Register_SD.java:224)
at ✽.user already exists message should appears.(file:///C:/Users/bobby/eclipse-workspace/ds-algo-quality-way/src/test/resources/features/02Register.feature:89)
]]>
            </full-stacktrace>
          </exception> <!-- java.lang.AssertionError -->
          <reporter-output>
          </reporter-output>
        </test-method> <!-- runScenario -->
        <test-method signature="runScenario(io.cucumber.testng.PickleWrapper,io.cucumber.testng.FeatureWrapper)[pri:0, instance:runner.TestRunner@5be1d0a4]" started-at="2023-10-01T19:26:49 EDT" name="runScenario" description="Runs Cucumber Scenarios" data-provider="scenarios" finished-at="2023-10-01T19:26:50 EDT" duration-ms="276" status="PASS">
          <params>
            <param index="0">
              <value>
                <![CDATA["Check login link from register page"]]>
              </value>
            </param>
            <param index="1">
              <value>
                <![CDATA["to test register with valid and invalid credentials"]]>
              </value>
            </param>
          </params>
          <reporter-output>
          </reporter-output>
        </test-method> <!-- runScenario -->
        <test-method signature="runScenario(io.cucumber.testng.PickleWrapper,io.cucumber.testng.FeatureWrapper)[pri:0, instance:runner.TestRunner@5be1d0a4]" started-at="2023-10-01T19:26:50 EDT" name="runScenario" description="Runs Cucumber Scenarios" data-provider="scenarios" finished-at="2023-10-01T19:26:50 EDT" duration-ms="608" status="FAIL">
          <params>
            <param index="0">
              <value>
                <![CDATA["Check register is successful with valid credentials"]]>
              </value>
            </param>
            <param index="1">
              <value>
                <![CDATA["to test register with valid and invalid credentials"]]>
              </value>
            </param>
          </params>
          <exception class="java.lang.AssertionError">
            <message>
              <![CDATA[expected [https://dsportalapp.herokuapp.com/home] but found [https://dsportalapp.herokuapp.com/register]]]>
            </message>
            <full-stacktrace>
              <![CDATA[java.lang.AssertionError: expected [https://dsportalapp.herokuapp.com/home] but found [https://dsportalapp.herokuapp.com/register]
at org.testng.Assert.fail(Assert.java:111)
at org.testng.Assert.failNotEquals(Assert.java:1578)
at org.testng.Assert.assertEqualsImpl(Assert.java:150)
at org.testng.Assert.assertEquals(Assert.java:132)
at org.testng.Assert.assertEquals(Assert.java:656)
at org.testng.Assert.assertEquals(Assert.java:666)
at utilities.UtlityFunctions.check_url(UtlityFunctions.java:55)
at utilities.UtlityFunctions.check_url_home(UtlityFunctions.java:80)
at step_definition.Register_SD.user_will_navigate_to_home_page(Register_SD.java:265)
at ✽.user will navigate to home page(file:///C:/Users/bobby/eclipse-workspace/ds-algo-quality-way/src/test/resources/features/02Register.feature:102)
]]>
            </full-stacktrace>
          </exception> <!-- java.lang.AssertionError -->
          <reporter-output>
          </reporter-output>
        </test-method> <!-- runScenario -->
        <test-method signature="runScenario(io.cucumber.testng.PickleWrapper,io.cucumber.testng.FeatureWrapper)[pri:0, instance:runner.TestRunner@5be1d0a4]" started-at="2023-10-01T19:26:50 EDT" name="runScenario" description="Runs Cucumber Scenarios" data-provider="scenarios" finished-at="2023-10-01T19:26:50 EDT" duration-ms="241" status="PASS">
          <params>
            <param index="0">
              <value>
                <![CDATA["try logging with username and password fields empty"]]>
              </value>
            </param>
            <param index="1">
              <value>
                <![CDATA["to test login functionality"]]>
              </value>
            </param>
          </params>
          <reporter-output>
          </reporter-output>
        </test-method> <!-- runScenario -->
        <test-method signature="runScenario(io.cucumber.testng.PickleWrapper,io.cucumber.testng.FeatureWrapper)[pri:0, instance:runner.TestRunner@5be1d0a4]" started-at="2023-10-01T19:26:50 EDT" name="runScenario" description="Runs Cucumber Scenarios" data-provider="scenarios" finished-at="2023-10-01T19:26:51 EDT" duration-ms="255" status="PASS">
          <params>
            <param index="0">
              <value>
                <![CDATA["check logging with valid username and leaving password field empty"]]>
              </value>
            </param>
            <param index="1">
              <value>
                <![CDATA["to test login functionality"]]>
              </value>
            </param>
          </params>
          <reporter-output>
          </reporter-output>
        </test-method> <!-- runScenario -->
        <test-method signature="runScenario(io.cucumber.testng.PickleWrapper,io.cucumber.testng.FeatureWrapper)[pri:0, instance:runner.TestRunner@5be1d0a4]" started-at="2023-10-01T19:26:51 EDT" name="runScenario" description="Runs Cucumber Scenarios" data-provider="scenarios" finished-at="2023-10-01T19:26:51 EDT" duration-ms="250" status="PASS">
          <params>
            <param index="0">
              <value>
                <![CDATA["check logging with valid password  and leaving username field empty"]]>
              </value>
            </param>
            <param index="1">
              <value>
                <![CDATA["to test login functionality"]]>
              </value>
            </param>
          </params>
          <reporter-output>
          </reporter-output>
        </test-method> <!-- runScenario -->
        <test-method signature="runScenario(io.cucumber.testng.PickleWrapper,io.cucumber.testng.FeatureWrapper)[pri:0, instance:runner.TestRunner@5be1d0a4]" started-at="2023-10-01T19:26:51 EDT" name="runScenario" description="Runs Cucumber Scenarios" data-provider="scenarios" finished-at="2023-10-01T19:26:51 EDT" duration-ms="413" status="PASS">
          <params>
            <param index="0">
              <value>
                <![CDATA["Check login with non registered user"]]>
              </value>
            </param>
            <param index="1">
              <value>
                <![CDATA["to test login functionality"]]>
              </value>
            </param>
          </params>
          <reporter-output>
          </reporter-output>
        </test-method> <!-- runScenario -->
        <test-method signature="runScenario(io.cucumber.testng.PickleWrapper,io.cucumber.testng.FeatureWrapper)[pri:0, instance:runner.TestRunner@5be1d0a4]" started-at="2023-10-01T19:26:51 EDT" name="runScenario" description="Runs Cucumber Scenarios" data-provider="scenarios" finished-at="2023-10-01T19:26:52 EDT" duration-ms="479" status="PASS">
          <params>
            <param index="0">
              <value>
                <![CDATA["Check login with registered user with password incorrect"]]>
              </value>
            </param>
            <param index="1">
              <value>
                <![CDATA["to test login functionality"]]>
              </value>
            </param>
          </params>
          <reporter-output>
          </reporter-output>
        </test-method> <!-- runScenario -->
        <test-method signature="runScenario(io.cucumber.testng.PickleWrapper,io.cucumber.testng.FeatureWrapper)[pri:0, instance:runner.TestRunner@5be1d0a4]" started-at="2023-10-01T19:26:52 EDT" name="runScenario" description="Runs Cucumber Scenarios" data-provider="scenarios" finished-at="2023-10-01T19:26:52 EDT" duration-ms="379" status="PASS">
          <params>
            <param index="0">
              <value>
                <![CDATA["Check login with non registered user with username incorrect"]]>
              </value>
            </param>
            <param index="1">
              <value>
                <![CDATA["to test login functionality"]]>
              </value>
            </param>
          </params>
          <reporter-output>
          </reporter-output>
        </test-method> <!-- runScenario -->
        <test-method signature="runScenario(io.cucumber.testng.PickleWrapper,io.cucumber.testng.FeatureWrapper)[pri:0, instance:runner.TestRunner@5be1d0a4]" started-at="2023-10-01T19:26:52 EDT" name="runScenario" description="Runs Cucumber Scenarios" data-provider="scenarios" finished-at="2023-10-01T19:26:53 EDT" duration-ms="358" status="PASS">
          <params>
            <param index="0">
              <value>
                <![CDATA["Check register link from login page"]]>
              </value>
            </param>
            <param index="1">
              <value>
                <![CDATA["to test login functionality"]]>
              </value>
            </param>
          </params>
          <reporter-output>
          </reporter-output>
        </test-method> <!-- runScenario -->
        <test-method signature="runScenario(io.cucumber.testng.PickleWrapper,io.cucumber.testng.FeatureWrapper)[pri:0, instance:runner.TestRunner@5be1d0a4]" started-at="2023-10-01T19:26:53 EDT" name="runScenario" description="Runs Cucumber Scenarios" data-provider="scenarios" finished-at="2023-10-01T19:26:53 EDT" duration-ms="819" status="PASS">
          <params>
            <param index="0">
              <value>
                <![CDATA["Check login is successful with valid credentials"]]>
              </value>
            </param>
            <param index="1">
              <value>
                <![CDATA["to test login functionality"]]>
              </value>
            </param>
          </params>
          <reporter-output>
          </reporter-output>
        </test-method> <!-- runScenario -->
        <test-method signature="runScenario(io.cucumber.testng.PickleWrapper,io.cucumber.testng.FeatureWrapper)[pri:0, instance:runner.TestRunner@5be1d0a4]" started-at="2023-10-01T19:26:53 EDT" name="runScenario" description="Runs Cucumber Scenarios" data-provider="scenarios" finished-at="2023-10-01T19:26:54 EDT" duration-ms="368" status="PASS">
          <params>
            <param index="0">
              <value>
                <![CDATA["An existing user logged in with valid credentials in homepage to check Getting Started button in stack Pane"]]>
              </value>
            </param>
            <param index="1">
              <value>
                <![CDATA["to test functionality of stack"]]>
              </value>
            </param>
          </params>
          <reporter-output>
          </reporter-output>
        </test-method> <!-- runScenario -->
        <test-method signature="runScenario(io.cucumber.testng.PickleWrapper,io.cucumber.testng.FeatureWrapper)[pri:0, instance:runner.TestRunner@5be1d0a4]" started-at="2023-10-01T19:26:54 EDT" name="runScenario" description="Runs Cucumber Scenarios" data-provider="scenarios" finished-at="2023-10-01T19:26:54 EDT" duration-ms="237" status="PASS">
          <params>
            <param index="0">
              <value>
                <![CDATA["An existing user logged in with valid credentials in homepage to check the option stack from the datastructure drop down menu"]]>
              </value>
            </param>
            <param index="1">
              <value>
                <![CDATA["to test functionality of stack"]]>
              </value>
            </param>
          </params>
          <reporter-output>
          </reporter-output>
        </test-method> <!-- runScenario -->
        <test-method signature="runScenario(io.cucumber.testng.PickleWrapper,io.cucumber.testng.FeatureWrapper)[pri:0, instance:runner.TestRunner@5be1d0a4]" started-at="2023-10-01T19:26:54 EDT" name="runScenario" description="Runs Cucumber Scenarios" data-provider="scenarios" finished-at="2023-10-01T19:26:54 EDT" duration-ms="370" status="PASS">
          <params>
            <param index="0">
              <value>
                <![CDATA["A logged in user is in the stack page"]]>
              </value>
            </param>
            <param index="1">
              <value>
                <![CDATA["to test functionality of stack"]]>
              </value>
            </param>
          </params>
          <reporter-output>
          </reporter-output>
        </test-method> <!-- runScenario -->
        <test-method signature="runScenario(io.cucumber.testng.PickleWrapper,io.cucumber.testng.FeatureWrapper)[pri:0, instance:runner.TestRunner@5be1d0a4]" started-at="2023-10-01T19:26:54 EDT" name="runScenario" description="Runs Cucumber Scenarios" data-provider="scenarios" finished-at="2023-10-01T19:26:55 EDT" duration-ms="482" status="PASS">
          <params>
            <param index="0">
              <value>
                <![CDATA["User is in the Operations in Stack page"]]>
              </value>
            </param>
            <param index="1">
              <value>
                <![CDATA["to test functionality of stack"]]>
              </value>
            </param>
          </params>
          <reporter-output>
          </reporter-output>
        </test-method> <!-- runScenario -->
        <test-method signature="runScenario(io.cucumber.testng.PickleWrapper,io.cucumber.testng.FeatureWrapper)[pri:0, instance:runner.TestRunner@5be1d0a4]" started-at="2023-10-01T19:26:55 EDT" name="runScenario" description="Runs Cucumber Scenarios" data-provider="scenarios" finished-at="2023-10-01T19:26:55 EDT" duration-ms="366" status="PASS">
          <params>
            <param index="0">
              <value>
                <![CDATA["A logged in user is in the tryEditor page from Operations in Stack"]]>
              </value>
            </param>
            <param index="1">
              <value>
                <![CDATA["to test functionality of stack"]]>
              </value>
            </param>
          </params>
          <reporter-output>
          </reporter-output>
        </test-method> <!-- runScenario -->
        <test-method signature="runScenario(io.cucumber.testng.PickleWrapper,io.cucumber.testng.FeatureWrapper)[pri:0, instance:runner.TestRunner@5be1d0a4]" started-at="2023-10-01T19:26:55 EDT" name="runScenario" description="Runs Cucumber Scenarios" data-provider="scenarios" finished-at="2023-10-01T19:26:56 EDT" duration-ms="421" status="PASS">
          <params>
            <param index="0">
              <value>
                <![CDATA["A logged in user is in the tryEditor page from Operations in Stack page to check invelid code"]]>
              </value>
            </param>
            <param index="1">
              <value>
                <![CDATA["to test functionality of stack"]]>
              </value>
            </param>
          </params>
          <reporter-output>
          </reporter-output>
        </test-method> <!-- runScenario -->
        <test-method signature="runScenario(io.cucumber.testng.PickleWrapper,io.cucumber.testng.FeatureWrapper)[pri:0, instance:runner.TestRunner@5be1d0a4]" started-at="2023-10-01T19:26:56 EDT" name="runScenario" description="Runs Cucumber Scenarios" data-provider="scenarios" finished-at="2023-10-01T19:26:56 EDT" duration-ms="375" status="PASS">
          <params>
            <param index="0">
              <value>
                <![CDATA["A logged in user is in the tryEditor page from Operations in Stack page to check valid code"]]>
              </value>
            </param>
            <param index="1">
              <value>
                <![CDATA["to test functionality of stack"]]>
              </value>
            </param>
          </params>
          <reporter-output>
          </reporter-output>
        </test-method> <!-- runScenario -->
        <test-method signature="runScenario(io.cucumber.testng.PickleWrapper,io.cucumber.testng.FeatureWrapper)[pri:0, instance:runner.TestRunner@5be1d0a4]" started-at="2023-10-01T19:26:56 EDT" name="runScenario" description="Runs Cucumber Scenarios" data-provider="scenarios" finished-at="2023-10-01T19:26:56 EDT" duration-ms="377" status="PASS">
          <params>
            <param index="0">
              <value>
                <![CDATA["A logged in user is in the Operations in Stack Page"]]>
              </value>
            </param>
            <param index="1">
              <value>
                <![CDATA["to test functionality of stack"]]>
              </value>
            </param>
          </params>
          <reporter-output>
          </reporter-output>
        </test-method> <!-- runScenario -->
        <test-method signature="runScenario(io.cucumber.testng.PickleWrapper,io.cucumber.testng.FeatureWrapper)[pri:0, instance:runner.TestRunner@5be1d0a4]" started-at="2023-10-01T19:26:56 EDT" name="runScenario" description="Runs Cucumber Scenarios" data-provider="scenarios" finished-at="2023-10-01T19:26:57 EDT" duration-ms="232" status="PASS">
          <params>
            <param index="0">
              <value>
                <![CDATA["A logged in user is in the Implementation page"]]>
              </value>
            </param>
            <param index="1">
              <value>
                <![CDATA["to test functionality of stack"]]>
              </value>
            </param>
          </params>
          <reporter-output>
          </reporter-output>
        </test-method> <!-- runScenario -->
        <test-method signature="runScenario(io.cucumber.testng.PickleWrapper,io.cucumber.testng.FeatureWrapper)[pri:0, instance:runner.TestRunner@5be1d0a4]" started-at="2023-10-01T19:26:57 EDT" name="runScenario" description="Runs Cucumber Scenarios" data-provider="scenarios" finished-at="2023-10-01T19:26:57 EDT" duration-ms="316" status="PASS">
          <params>
            <param index="0">
              <value>
                <![CDATA["A logged in user is in the tryEditor page from Implementation page to check valid java code"]]>
              </value>
            </param>
            <param index="1">
              <value>
                <![CDATA["to test functionality of stack"]]>
              </value>
            </param>
          </params>
          <reporter-output>
          </reporter-output>
        </test-method> <!-- runScenario -->
        <test-method signature="runScenario(io.cucumber.testng.PickleWrapper,io.cucumber.testng.FeatureWrapper)[pri:0, instance:runner.TestRunner@5be1d0a4]" started-at="2023-10-01T19:26:57 EDT" name="runScenario" description="Runs Cucumber Scenarios" data-provider="scenarios" finished-at="2023-10-01T19:26:57 EDT" duration-ms="417" status="PASS">
          <params>
            <param index="0">
              <value>
                <![CDATA["A logged in user is in the tryEditor page from Implementation page to check invalid code"]]>
              </value>
            </param>
            <param index="1">
              <value>
                <![CDATA["to test functionality of stack"]]>
              </value>
            </param>
          </params>
          <reporter-output>
          </reporter-output>
        </test-method> <!-- runScenario -->
        <test-method signature="runScenario(io.cucumber.testng.PickleWrapper,io.cucumber.testng.FeatureWrapper)[pri:0, instance:runner.TestRunner@5be1d0a4]" started-at="2023-10-01T19:26:57 EDT" name="runScenario" description="Runs Cucumber Scenarios" data-provider="scenarios" finished-at="2023-10-01T19:26:58 EDT" duration-ms="371" status="PASS">
          <params>
            <param index="0">
              <value>
                <![CDATA["A logged in user is in the tryEditor page from Implementation page to check invalid code"]]>
              </value>
            </param>
            <param index="1">
              <value>
                <![CDATA["to test functionality of stack"]]>
              </value>
            </param>
          </params>
          <reporter-output>
          </reporter-output>
        </test-method> <!-- runScenario -->
        <test-method signature="runScenario(io.cucumber.testng.PickleWrapper,io.cucumber.testng.FeatureWrapper)[pri:0, instance:runner.TestRunner@5be1d0a4]" started-at="2023-10-01T19:26:58 EDT" name="runScenario" description="Runs Cucumber Scenarios" data-provider="scenarios" finished-at="2023-10-01T19:26:58 EDT" duration-ms="383" status="PASS">
          <params>
            <param index="0">
              <value>
                <![CDATA["A logged in user is in the Implementation page"]]>
              </value>
            </param>
            <param index="1">
              <value>
                <![CDATA["to test functionality of stack"]]>
              </value>
            </param>
          </params>
          <reporter-output>
          </reporter-output>
        </test-method> <!-- runScenario -->
        <test-method signature="runScenario(io.cucumber.testng.PickleWrapper,io.cucumber.testng.FeatureWrapper)[pri:0, instance:runner.TestRunner@5be1d0a4]" started-at="2023-10-01T19:26:58 EDT" name="runScenario" description="Runs Cucumber Scenarios" data-provider="scenarios" finished-at="2023-10-01T19:26:58 EDT" duration-ms="237" status="PASS">
          <params>
            <param index="0">
              <value>
                <![CDATA["A logged in user is in the  Applications page"]]>
              </value>
            </param>
            <param index="1">
              <value>
                <![CDATA["to test functionality of stack"]]>
              </value>
            </param>
          </params>
          <reporter-output>
          </reporter-output>
        </test-method> <!-- runScenario -->
        <test-method signature="runScenario(io.cucumber.testng.PickleWrapper,io.cucumber.testng.FeatureWrapper)[pri:0, instance:runner.TestRunner@5be1d0a4]" started-at="2023-10-01T19:26:58 EDT" name="runScenario" description="Runs Cucumber Scenarios" data-provider="scenarios" finished-at="2023-10-01T19:26:59 EDT" duration-ms="334" status="PASS">
          <params>
            <param index="0">
              <value>
                <![CDATA["A logged in user is in the tryEditor page from Applications page to check valid java code"]]>
              </value>
            </param>
            <param index="1">
              <value>
                <![CDATA["to test functionality of stack"]]>
              </value>
            </param>
          </params>
          <reporter-output>
          </reporter-output>
        </test-method> <!-- runScenario -->
        <test-method signature="runScenario(io.cucumber.testng.PickleWrapper,io.cucumber.testng.FeatureWrapper)[pri:0, instance:runner.TestRunner@5be1d0a4]" started-at="2023-10-01T19:26:59 EDT" name="runScenario" description="Runs Cucumber Scenarios" data-provider="scenarios" finished-at="2023-10-01T19:26:59 EDT" duration-ms="415" status="PASS">
          <params>
            <param index="0">
              <value>
                <![CDATA["A logged in user is in the tryEditor page from Applications page to check invalid code"]]>
              </value>
            </param>
            <param index="1">
              <value>
                <![CDATA["to test functionality of stack"]]>
              </value>
            </param>
          </params>
          <reporter-output>
          </reporter-output>
        </test-method> <!-- runScenario -->
        <test-method signature="runScenario(io.cucumber.testng.PickleWrapper,io.cucumber.testng.FeatureWrapper)[pri:0, instance:runner.TestRunner@5be1d0a4]" started-at="2023-10-01T19:26:59 EDT" name="runScenario" description="Runs Cucumber Scenarios" data-provider="scenarios" finished-at="2023-10-01T19:27:00 EDT" duration-ms="396" status="PASS">
          <params>
            <param index="0">
              <value>
                <![CDATA["A logged in user is in the tryEditor page from Applications page to check valid code"]]>
              </value>
            </param>
            <param index="1">
              <value>
                <![CDATA["to test functionality of stack"]]>
              </value>
            </param>
          </params>
          <reporter-output>
          </reporter-output>
        </test-method> <!-- runScenario -->
        <test-method signature="runScenario(io.cucumber.testng.PickleWrapper,io.cucumber.testng.FeatureWrapper)[pri:0, instance:runner.TestRunner@5be1d0a4]" started-at="2023-10-01T19:27:00 EDT" name="runScenario" description="Runs Cucumber Scenarios" data-provider="scenarios" finished-at="2023-10-01T19:27:00 EDT" duration-ms="401" status="PASS">
          <params>
            <param index="0">
              <value>
                <![CDATA["A logged in user is in the Applications page"]]>
              </value>
            </param>
            <param index="1">
              <value>
                <![CDATA["to test functionality of stack"]]>
              </value>
            </param>
          </params>
          <reporter-output>
          </reporter-output>
        </test-method> <!-- runScenario -->
        <test-method signature="runScenario(io.cucumber.testng.PickleWrapper,io.cucumber.testng.FeatureWrapper)[pri:0, instance:runner.TestRunner@5be1d0a4]" started-at="2023-10-01T19:27:00 EDT" name="runScenario" description="Runs Cucumber Scenarios" data-provider="scenarios" finished-at="2023-10-01T19:27:00 EDT" duration-ms="292" status="PASS">
          <params>
            <param index="0">
              <value>
                <![CDATA["An existing user logged in with valid credentials in homepage to check  Getting Started button in queue Pane"]]>
              </value>
            </param>
            <param index="1">
              <value>
                <![CDATA["to test functionality of queue"]]>
              </value>
            </param>
          </params>
          <reporter-output>
          </reporter-output>
        </test-method> <!-- runScenario -->
        <test-method signature="runScenario(io.cucumber.testng.PickleWrapper,io.cucumber.testng.FeatureWrapper)[pri:0, instance:runner.TestRunner@5be1d0a4]" started-at="2023-10-01T19:27:00 EDT" name="runScenario" description="Runs Cucumber Scenarios" data-provider="scenarios" finished-at="2023-10-01T19:27:00 EDT" duration-ms="215" status="PASS">
          <params>
            <param index="0">
              <value>
                <![CDATA["An existing user logged in with valid credentials in homepage to check the option queue from the datastructure drop down menu"]]>
              </value>
            </param>
            <param index="1">
              <value>
                <![CDATA["to test functionality of queue"]]>
              </value>
            </param>
          </params>
          <reporter-output>
          </reporter-output>
        </test-method> <!-- runScenario -->
        <test-method signature="runScenario(io.cucumber.testng.PickleWrapper,io.cucumber.testng.FeatureWrapper)[pri:0, instance:runner.TestRunner@5be1d0a4]" started-at="2023-10-01T19:27:00 EDT" name="runScenario" description="Runs Cucumber Scenarios" data-provider="scenarios" finished-at="2023-10-01T19:27:01 EDT" duration-ms="305" status="PASS">
          <params>
            <param index="0">
              <value>
                <![CDATA["A logged in user is in the queue page"]]>
              </value>
            </param>
            <param index="1">
              <value>
                <![CDATA["to test functionality of queue"]]>
              </value>
            </param>
          </params>
          <reporter-output>
          </reporter-output>
        </test-method> <!-- runScenario -->
        <test-method signature="runScenario(io.cucumber.testng.PickleWrapper,io.cucumber.testng.FeatureWrapper)[pri:0, instance:runner.TestRunner@5be1d0a4]" started-at="2023-10-01T19:27:01 EDT" name="runScenario" description="Runs Cucumber Scenarios" data-provider="scenarios" finished-at="2023-10-01T19:27:01 EDT" duration-ms="248" status="PASS">
          <params>
            <param index="0">
              <value>
                <![CDATA["A logged in user is in the queue/implementation-lists page"]]>
              </value>
            </param>
            <param index="1">
              <value>
                <![CDATA["to test functionality of queue"]]>
              </value>
            </param>
          </params>
          <reporter-output>
          </reporter-output>
        </test-method> <!-- runScenario -->
        <test-method signature="runScenario(io.cucumber.testng.PickleWrapper,io.cucumber.testng.FeatureWrapper)[pri:0, instance:runner.TestRunner@5be1d0a4]" started-at="2023-10-01T19:27:01 EDT" name="runScenario" description="Runs Cucumber Scenarios" data-provider="scenarios" finished-at="2023-10-01T19:27:01 EDT" duration-ms="307" status="PASS">
          <params>
            <param index="0">
              <value>
                <![CDATA["A logged in user is in the tryEditor page from implementation-lists page to check valid java code"]]>
              </value>
            </param>
            <param index="1">
              <value>
                <![CDATA["to test functionality of queue"]]>
              </value>
            </param>
          </params>
          <reporter-output>
          </reporter-output>
        </test-method> <!-- runScenario -->
        <test-method signature="runScenario(io.cucumber.testng.PickleWrapper,io.cucumber.testng.FeatureWrapper)[pri:0, instance:runner.TestRunner@5be1d0a4]" started-at="2023-10-01T19:27:01 EDT" name="runScenario" description="Runs Cucumber Scenarios" data-provider="scenarios" finished-at="2023-10-01T19:27:02 EDT" duration-ms="448" status="PASS">
          <params>
            <param index="0">
              <value>
                <![CDATA["A logged in user is in the tryEditor page from implementation-lists page to check invalid code"]]>
              </value>
            </param>
            <param index="1">
              <value>
                <![CDATA["to test functionality of queue"]]>
              </value>
            </param>
          </params>
          <reporter-output>
          </reporter-output>
        </test-method> <!-- runScenario -->
        <test-method signature="runScenario(io.cucumber.testng.PickleWrapper,io.cucumber.testng.FeatureWrapper)[pri:0, instance:runner.TestRunner@5be1d0a4]" started-at="2023-10-01T19:27:02 EDT" name="runScenario" description="Runs Cucumber Scenarios" data-provider="scenarios" finished-at="2023-10-01T19:27:02 EDT" duration-ms="388" status="PASS">
          <params>
            <param index="0">
              <value>
                <![CDATA["A logged in user is in the tryEditor page from implementation-lists page to check valid python code"]]>
              </value>
            </param>
            <param index="1">
              <value>
                <![CDATA["to test functionality of queue"]]>
              </value>
            </param>
          </params>
          <reporter-output>
          </reporter-output>
        </test-method> <!-- runScenario -->
        <test-method signature="runScenario(io.cucumber.testng.PickleWrapper,io.cucumber.testng.FeatureWrapper)[pri:0, instance:runner.TestRunner@5be1d0a4]" started-at="2023-10-01T19:27:02 EDT" name="runScenario" description="Runs Cucumber Scenarios" data-provider="scenarios" finished-at="2023-10-01T19:27:03 EDT" duration-ms="374" status="PASS">
          <params>
            <param index="0">
              <value>
                <![CDATA["A logged in user is in the queue/implementation-lists Page"]]>
              </value>
            </param>
            <param index="1">
              <value>
                <![CDATA["to test functionality of queue"]]>
              </value>
            </param>
          </params>
          <reporter-output>
          </reporter-output>
        </test-method> <!-- runScenario -->
        <test-method signature="runScenario(io.cucumber.testng.PickleWrapper,io.cucumber.testng.FeatureWrapper)[pri:0, instance:runner.TestRunner@5be1d0a4]" started-at="2023-10-01T19:27:03 EDT" name="runScenario" description="Runs Cucumber Scenarios" data-provider="scenarios" finished-at="2023-10-01T19:27:03 EDT" duration-ms="229" status="PASS">
          <params>
            <param index="0">
              <value>
                <![CDATA["A logged in user is in the queue/implementation-collections page"]]>
              </value>
            </param>
            <param index="1">
              <value>
                <![CDATA["to test functionality of queue"]]>
              </value>
            </param>
          </params>
          <reporter-output>
          </reporter-output>
        </test-method> <!-- runScenario -->
        <test-method signature="runScenario(io.cucumber.testng.PickleWrapper,io.cucumber.testng.FeatureWrapper)[pri:0, instance:runner.TestRunner@5be1d0a4]" started-at="2023-10-01T19:27:03 EDT" name="runScenario" description="Runs Cucumber Scenarios" data-provider="scenarios" finished-at="2023-10-01T19:27:03 EDT" duration-ms="312" status="PASS">
          <params>
            <param index="0">
              <value>
                <![CDATA["A logged in user is in the tryEditor page from implementation-collectionss page to check valid java code"]]>
              </value>
            </param>
            <param index="1">
              <value>
                <![CDATA["to test functionality of queue"]]>
              </value>
            </param>
          </params>
          <reporter-output>
          </reporter-output>
        </test-method> <!-- runScenario -->
        <test-method signature="runScenario(io.cucumber.testng.PickleWrapper,io.cucumber.testng.FeatureWrapper)[pri:0, instance:runner.TestRunner@5be1d0a4]" started-at="2023-10-01T19:27:03 EDT" name="runScenario" description="Runs Cucumber Scenarios" data-provider="scenarios" finished-at="2023-10-01T19:27:03 EDT" duration-ms="395" status="PASS">
          <params>
            <param index="0">
              <value>
                <![CDATA["A logged in user is in the tryEditor page from implementation-collectionss page to check invalid code"]]>
              </value>
            </param>
            <param index="1">
              <value>
                <![CDATA["to test functionality of queue"]]>
              </value>
            </param>
          </params>
          <reporter-output>
          </reporter-output>
        </test-method> <!-- runScenario -->
        <test-method signature="runScenario(io.cucumber.testng.PickleWrapper,io.cucumber.testng.FeatureWrapper)[pri:0, instance:runner.TestRunner@5be1d0a4]" started-at="2023-10-01T19:27:04 EDT" name="runScenario" description="Runs Cucumber Scenarios" data-provider="scenarios" finished-at="2023-10-01T19:27:04 EDT" duration-ms="388" status="PASS">
          <params>
            <param index="0">
              <value>
                <![CDATA["A logged in user is in the tryEditor page from implementation-collectionss page to check valid python code"]]>
              </value>
            </param>
            <param index="1">
              <value>
                <![CDATA["to test functionality of queue"]]>
              </value>
            </param>
          </params>
          <reporter-output>
          </reporter-output>
        </test-method> <!-- runScenario -->
        <test-method signature="runScenario(io.cucumber.testng.PickleWrapper,io.cucumber.testng.FeatureWrapper)[pri:0, instance:runner.TestRunner@5be1d0a4]" started-at="2023-10-01T19:27:04 EDT" name="runScenario" description="Runs Cucumber Scenarios" data-provider="scenarios" finished-at="2023-10-01T19:27:04 EDT" duration-ms="507" status="PASS">
          <params>
            <param index="0">
              <value>
                <![CDATA["A logged in user is in the queue/implementation-collections  page"]]>
              </value>
            </param>
            <param index="1">
              <value>
                <![CDATA["to test functionality of queue"]]>
              </value>
            </param>
          </params>
          <reporter-output>
          </reporter-output>
        </test-method> <!-- runScenario -->
        <test-method signature="runScenario(io.cucumber.testng.PickleWrapper,io.cucumber.testng.FeatureWrapper)[pri:0, instance:runner.TestRunner@5be1d0a4]" started-at="2023-10-01T19:27:04 EDT" name="runScenario" description="Runs Cucumber Scenarios" data-provider="scenarios" finished-at="2023-10-01T19:27:05 EDT" duration-ms="232" status="PASS">
          <params>
            <param index="0">
              <value>
                <![CDATA["A logged in user is in the  queue/implementation using array page"]]>
              </value>
            </param>
            <param index="1">
              <value>
                <![CDATA["to test functionality of queue"]]>
              </value>
            </param>
          </params>
          <reporter-output>
          </reporter-output>
        </test-method> <!-- runScenario -->
        <test-method signature="runScenario(io.cucumber.testng.PickleWrapper,io.cucumber.testng.FeatureWrapper)[pri:0, instance:runner.TestRunner@5be1d0a4]" started-at="2023-10-01T19:27:05 EDT" name="runScenario" description="Runs Cucumber Scenarios" data-provider="scenarios" finished-at="2023-10-01T19:27:05 EDT" duration-ms="324" status="PASS">
          <params>
            <param index="0">
              <value>
                <![CDATA["A logged in user is in the tryEditor page from implementation using array page to check valid java code"]]>
              </value>
            </param>
            <param index="1">
              <value>
                <![CDATA["to test functionality of queue"]]>
              </value>
            </param>
          </params>
          <reporter-output>
          </reporter-output>
        </test-method> <!-- runScenario -->
        <test-method signature="runScenario(io.cucumber.testng.PickleWrapper,io.cucumber.testng.FeatureWrapper)[pri:0, instance:runner.TestRunner@5be1d0a4]" started-at="2023-10-01T19:27:05 EDT" name="runScenario" description="Runs Cucumber Scenarios" data-provider="scenarios" finished-at="2023-10-01T19:27:05 EDT" duration-ms="397" status="PASS">
          <params>
            <param index="0">
              <value>
                <![CDATA["A logged in user is in the tryEditor page from implementation using array page to check invalid code"]]>
              </value>
            </param>
            <param index="1">
              <value>
                <![CDATA["to test functionality of queue"]]>
              </value>
            </param>
          </params>
          <reporter-output>
          </reporter-output>
        </test-method> <!-- runScenario -->
        <test-method signature="runScenario(io.cucumber.testng.PickleWrapper,io.cucumber.testng.FeatureWrapper)[pri:0, instance:runner.TestRunner@5be1d0a4]" started-at="2023-10-01T19:27:05 EDT" name="runScenario" description="Runs Cucumber Scenarios" data-provider="scenarios" finished-at="2023-10-01T19:27:06 EDT" duration-ms="407" status="PASS">
          <params>
            <param index="0">
              <value>
                <![CDATA["A logged in user is in the tryEditor page from implementation using array page to check valid python code"]]>
              </value>
            </param>
            <param index="1">
              <value>
                <![CDATA["to test functionality of queue"]]>
              </value>
            </param>
          </params>
          <reporter-output>
          </reporter-output>
        </test-method> <!-- runScenario -->
        <test-method signature="runScenario(io.cucumber.testng.PickleWrapper,io.cucumber.testng.FeatureWrapper)[pri:0, instance:runner.TestRunner@5be1d0a4]" started-at="2023-10-01T19:27:06 EDT" name="runScenario" description="Runs Cucumber Scenarios" data-provider="scenarios" finished-at="2023-10-01T19:27:06 EDT" duration-ms="439" status="PASS">
          <params>
            <param index="0">
              <value>
                <![CDATA["A logged in user is in the queue/implementation using array page"]]>
              </value>
            </param>
            <param index="1">
              <value>
                <![CDATA["to test functionality of queue"]]>
              </value>
            </param>
          </params>
          <reporter-output>
          </reporter-output>
        </test-method> <!-- runScenario -->
        <test-method signature="runScenario(io.cucumber.testng.PickleWrapper,io.cucumber.testng.FeatureWrapper)[pri:0, instance:runner.TestRunner@5be1d0a4]" started-at="2023-10-01T19:27:06 EDT" name="runScenario" description="Runs Cucumber Scenarios" data-provider="scenarios" finished-at="2023-10-01T19:27:07 EDT" duration-ms="304" status="PASS">
          <params>
            <param index="0">
              <value>
                <![CDATA["A logged in user is in the  queue/Queue Operations page"]]>
              </value>
            </param>
            <param index="1">
              <value>
                <![CDATA["to test functionality of queue"]]>
              </value>
            </param>
          </params>
          <reporter-output>
          </reporter-output>
        </test-method> <!-- runScenario -->
        <test-method signature="runScenario(io.cucumber.testng.PickleWrapper,io.cucumber.testng.FeatureWrapper)[pri:0, instance:runner.TestRunner@5be1d0a4]" started-at="2023-10-01T19:27:07 EDT" name="runScenario" description="Runs Cucumber Scenarios" data-provider="scenarios" finished-at="2023-10-01T19:27:07 EDT" duration-ms="378" status="PASS">
          <params>
            <param index="0">
              <value>
                <![CDATA["A logged in user is in the tryEditor page from Queue Operations page to check valid java code"]]>
              </value>
            </param>
            <param index="1">
              <value>
                <![CDATA["to test functionality of queue"]]>
              </value>
            </param>
          </params>
          <reporter-output>
          </reporter-output>
        </test-method> <!-- runScenario -->
        <test-method signature="runScenario(io.cucumber.testng.PickleWrapper,io.cucumber.testng.FeatureWrapper)[pri:0, instance:runner.TestRunner@5be1d0a4]" started-at="2023-10-01T19:27:07 EDT" name="runScenario" description="Runs Cucumber Scenarios" data-provider="scenarios" finished-at="2023-10-01T19:27:07 EDT" duration-ms="425" status="PASS">
          <params>
            <param index="0">
              <value>
                <![CDATA["A logged in user is in the tryEditor page from Queue Operations page to check invalid code"]]>
              </value>
            </param>
            <param index="1">
              <value>
                <![CDATA["to test functionality of queue"]]>
              </value>
            </param>
          </params>
          <reporter-output>
          </reporter-output>
        </test-method> <!-- runScenario -->
        <test-method signature="runScenario(io.cucumber.testng.PickleWrapper,io.cucumber.testng.FeatureWrapper)[pri:0, instance:runner.TestRunner@5be1d0a4]" started-at="2023-10-01T19:27:07 EDT" name="runScenario" description="Runs Cucumber Scenarios" data-provider="scenarios" finished-at="2023-10-01T19:27:08 EDT" duration-ms="418" status="PASS">
          <params>
            <param index="0">
              <value>
                <![CDATA["A logged in user is in the tryEditor page from Queue Operations page to check valid python code"]]>
              </value>
            </param>
            <param index="1">
              <value>
                <![CDATA["to test functionality of queue"]]>
              </value>
            </param>
          </params>
          <reporter-output>
          </reporter-output>
        </test-method> <!-- runScenario -->
        <test-method signature="runScenario(io.cucumber.testng.PickleWrapper,io.cucumber.testng.FeatureWrapper)[pri:0, instance:runner.TestRunner@5be1d0a4]" started-at="2023-10-01T19:27:08 EDT" name="runScenario" description="Runs Cucumber Scenarios" data-provider="scenarios" finished-at="2023-10-01T19:27:08 EDT" duration-ms="422" status="PASS">
          <params>
            <param index="0">
              <value>
                <![CDATA["A logged in user is in the Queue Operations page"]]>
              </value>
            </param>
            <param index="1">
              <value>
                <![CDATA["to test functionality of queue"]]>
              </value>
            </param>
          </params>
          <reporter-output>
          </reporter-output>
        </test-method> <!-- runScenario -->
        <test-method signature="runScenario(io.cucumber.testng.PickleWrapper,io.cucumber.testng.FeatureWrapper)[pri:0, instance:runner.TestRunner@5be1d0a4]" started-at="2023-10-01T19:27:08 EDT" name="runScenario" description="Runs Cucumber Scenarios" data-provider="scenarios" finished-at="2023-10-01T19:27:09 EDT" duration-ms="444" status="PASS">
          <params>
            <param index="0">
              <value>
                <![CDATA["An existing user logged in with valid credentials in homepage to check Getting Started button in tree Pane"]]>
              </value>
            </param>
            <param index="1">
              <value>
                <![CDATA["to test functionality of tree"]]>
              </value>
            </param>
          </params>
          <reporter-output>
          </reporter-output>
        </test-method> <!-- runScenario -->
        <test-method signature="runScenario(io.cucumber.testng.PickleWrapper,io.cucumber.testng.FeatureWrapper)[pri:0, instance:runner.TestRunner@5be1d0a4]" started-at="2023-10-01T19:27:09 EDT" name="runScenario" description="Runs Cucumber Scenarios" data-provider="scenarios" finished-at="2023-10-01T19:27:09 EDT" duration-ms="267" status="PASS">
          <params>
            <param index="0">
              <value>
                <![CDATA["An existing user logged in with valid credentials in homepage to check the option tree from the datastructure drop down menu"]]>
              </value>
            </param>
            <param index="1">
              <value>
                <![CDATA["to test functionality of tree"]]>
              </value>
            </param>
          </params>
          <reporter-output>
          </reporter-output>
        </test-method> <!-- runScenario -->
        <test-method signature="runScenario(io.cucumber.testng.PickleWrapper,io.cucumber.testng.FeatureWrapper)[pri:0, instance:runner.TestRunner@5be1d0a4]" started-at="2023-10-01T19:27:09 EDT" name="runScenario" description="Runs Cucumber Scenarios" data-provider="scenarios" finished-at="2023-10-01T19:27:09 EDT" duration-ms="368" status="PASS">
          <params>
            <param index="0">
              <value>
                <![CDATA["A logged in user is in the tree page"]]>
              </value>
            </param>
            <param index="1">
              <value>
                <![CDATA["to test functionality of tree"]]>
              </value>
            </param>
          </params>
          <reporter-output>
          </reporter-output>
        </test-method> <!-- runScenario -->
        <test-method signature="runScenario(io.cucumber.testng.PickleWrapper,io.cucumber.testng.FeatureWrapper)[pri:0, instance:runner.TestRunner@5be1d0a4]" started-at="2023-10-01T19:27:09 EDT" name="runScenario" description="Runs Cucumber Scenarios" data-provider="scenarios" finished-at="2023-10-01T19:27:10 EDT" duration-ms="286" status="PASS">
          <params>
            <param index="0">
              <value>
                <![CDATA["A logged in user is in the Overview of Trees page"]]>
              </value>
            </param>
            <param index="1">
              <value>
                <![CDATA["to test functionality of tree"]]>
              </value>
            </param>
          </params>
          <reporter-output>
          </reporter-output>
        </test-method> <!-- runScenario -->
        <test-method signature="runScenario(io.cucumber.testng.PickleWrapper,io.cucumber.testng.FeatureWrapper)[pri:0, instance:runner.TestRunner@5be1d0a4]" started-at="2023-10-01T19:27:10 EDT" name="runScenario" description="Runs Cucumber Scenarios" data-provider="scenarios" finished-at="2023-10-01T19:27:10 EDT" duration-ms="335" status="PASS">
          <params>
            <param index="0">
              <value>
                <![CDATA["A logged in user is in the tryEditor page from Overview of Trees page to check valid java code"]]>
              </value>
            </param>
            <param index="1">
              <value>
                <![CDATA["to test functionality of tree"]]>
              </value>
            </param>
          </params>
          <reporter-output>
          </reporter-output>
        </test-method> <!-- runScenario -->
        <test-method signature="runScenario(io.cucumber.testng.PickleWrapper,io.cucumber.testng.FeatureWrapper)[pri:0, instance:runner.TestRunner@5be1d0a4]" started-at="2023-10-01T19:27:10 EDT" name="runScenario" description="Runs Cucumber Scenarios" data-provider="scenarios" finished-at="2023-10-01T19:27:10 EDT" duration-ms="497" status="PASS">
          <params>
            <param index="0">
              <value>
                <![CDATA["A logged in user is in the tryEditor page from Overview of Trees page to check invalid code"]]>
              </value>
            </param>
            <param index="1">
              <value>
                <![CDATA["to test functionality of tree"]]>
              </value>
            </param>
          </params>
          <reporter-output>
          </reporter-output>
        </test-method> <!-- runScenario -->
        <test-method signature="runScenario(io.cucumber.testng.PickleWrapper,io.cucumber.testng.FeatureWrapper)[pri:0, instance:runner.TestRunner@5be1d0a4]" started-at="2023-10-01T19:27:10 EDT" name="runScenario" description="Runs Cucumber Scenarios" data-provider="scenarios" finished-at="2023-10-01T19:27:11 EDT" duration-ms="583" status="PASS">
          <params>
            <param index="0">
              <value>
                <![CDATA["A logged in user is in the tryEditor page from Overview of Trees page to check valid python code"]]>
              </value>
            </param>
            <param index="1">
              <value>
                <![CDATA["to test functionality of tree"]]>
              </value>
            </param>
          </params>
          <reporter-output>
          </reporter-output>
        </test-method> <!-- runScenario -->
        <test-method signature="runScenario(io.cucumber.testng.PickleWrapper,io.cucumber.testng.FeatureWrapper)[pri:0, instance:runner.TestRunner@5be1d0a4]" started-at="2023-10-01T19:27:11 EDT" name="runScenario" description="Runs Cucumber Scenarios" data-provider="scenarios" finished-at="2023-10-01T19:27:12 EDT" duration-ms="604" status="PASS">
          <params>
            <param index="0">
              <value>
                <![CDATA["A logged in user is in the Overview of Trees Page"]]>
              </value>
            </param>
            <param index="1">
              <value>
                <![CDATA["to test functionality of tree"]]>
              </value>
            </param>
          </params>
          <reporter-output>
          </reporter-output>
        </test-method> <!-- runScenario -->
        <test-method signature="runScenario(io.cucumber.testng.PickleWrapper,io.cucumber.testng.FeatureWrapper)[pri:0, instance:runner.TestRunner@5be1d0a4]" started-at="2023-10-01T19:27:12 EDT" name="runScenario" description="Runs Cucumber Scenarios" data-provider="scenarios" finished-at="2023-10-01T19:27:12 EDT" duration-ms="243" status="PASS">
          <params>
            <param index="0">
              <value>
                <![CDATA["A logged in user is in the Terminologies page"]]>
              </value>
            </param>
            <param index="1">
              <value>
                <![CDATA["to test functionality of tree"]]>
              </value>
            </param>
          </params>
          <reporter-output>
          </reporter-output>
        </test-method> <!-- runScenario -->
        <test-method signature="runScenario(io.cucumber.testng.PickleWrapper,io.cucumber.testng.FeatureWrapper)[pri:0, instance:runner.TestRunner@5be1d0a4]" started-at="2023-10-01T19:27:12 EDT" name="runScenario" description="Runs Cucumber Scenarios" data-provider="scenarios" finished-at="2023-10-01T19:27:12 EDT" duration-ms="330" status="PASS">
          <params>
            <param index="0">
              <value>
                <![CDATA["A logged in user is in the tryEditor page from Terminologiess page to check valid java code"]]>
              </value>
            </param>
            <param index="1">
              <value>
                <![CDATA["to test functionality of tree"]]>
              </value>
            </param>
          </params>
          <reporter-output>
          </reporter-output>
        </test-method> <!-- runScenario -->
        <test-method signature="runScenario(io.cucumber.testng.PickleWrapper,io.cucumber.testng.FeatureWrapper)[pri:0, instance:runner.TestRunner@5be1d0a4]" started-at="2023-10-01T19:27:12 EDT" name="runScenario" description="Runs Cucumber Scenarios" data-provider="scenarios" finished-at="2023-10-01T19:27:13 EDT" duration-ms="422" status="PASS">
          <params>
            <param index="0">
              <value>
                <![CDATA["A logged in user is in the tryEditor page from Terminologiess page to check invalid code"]]>
              </value>
            </param>
            <param index="1">
              <value>
                <![CDATA["to test functionality of tree"]]>
              </value>
            </param>
          </params>
          <reporter-output>
          </reporter-output>
        </test-method> <!-- runScenario -->
        <test-method signature="runScenario(io.cucumber.testng.PickleWrapper,io.cucumber.testng.FeatureWrapper)[pri:0, instance:runner.TestRunner@5be1d0a4]" started-at="2023-10-01T19:27:13 EDT" name="runScenario" description="Runs Cucumber Scenarios" data-provider="scenarios" finished-at="2023-10-01T19:27:13 EDT" duration-ms="402" status="PASS">
          <params>
            <param index="0">
              <value>
                <![CDATA["A logged in user is in the tryEditor page from Terminologiess page to check valid python code"]]>
              </value>
            </param>
            <param index="1">
              <value>
                <![CDATA["to test functionality of tree"]]>
              </value>
            </param>
          </params>
          <reporter-output>
          </reporter-output>
        </test-method> <!-- runScenario -->
        <test-method signature="runScenario(io.cucumber.testng.PickleWrapper,io.cucumber.testng.FeatureWrapper)[pri:0, instance:runner.TestRunner@5be1d0a4]" started-at="2023-10-01T19:27:13 EDT" name="runScenario" description="Runs Cucumber Scenarios" data-provider="scenarios" finished-at="2023-10-01T19:27:14 EDT" duration-ms="500" status="PASS">
          <params>
            <param index="0">
              <value>
                <![CDATA["A logged in user is in the Terminologies  page"]]>
              </value>
            </param>
            <param index="1">
              <value>
                <![CDATA["to test functionality of tree"]]>
              </value>
            </param>
          </params>
          <reporter-output>
          </reporter-output>
        </test-method> <!-- runScenario -->
        <test-method signature="runScenario(io.cucumber.testng.PickleWrapper,io.cucumber.testng.FeatureWrapper)[pri:0, instance:runner.TestRunner@5be1d0a4]" started-at="2023-10-01T19:27:14 EDT" name="runScenario" description="Runs Cucumber Scenarios" data-provider="scenarios" finished-at="2023-10-01T19:27:14 EDT" duration-ms="263" status="PASS">
          <params>
            <param index="0">
              <value>
                <![CDATA["A logged in user is in the  Types of Trees page"]]>
              </value>
            </param>
            <param index="1">
              <value>
                <![CDATA["to test functionality of tree"]]>
              </value>
            </param>
          </params>
          <reporter-output>
          </reporter-output>
        </test-method> <!-- runScenario -->
        <test-method signature="runScenario(io.cucumber.testng.PickleWrapper,io.cucumber.testng.FeatureWrapper)[pri:0, instance:runner.TestRunner@5be1d0a4]" started-at="2023-10-01T19:27:14 EDT" name="runScenario" description="Runs Cucumber Scenarios" data-provider="scenarios" finished-at="2023-10-01T19:27:14 EDT" duration-ms="351" status="PASS">
          <params>
            <param index="0">
              <value>
                <![CDATA["A logged in user is in the tryEditor page from Types of Trees page to check valid java code"]]>
              </value>
            </param>
            <param index="1">
              <value>
                <![CDATA["to test functionality of tree"]]>
              </value>
            </param>
          </params>
          <reporter-output>
          </reporter-output>
        </test-method> <!-- runScenario -->
        <test-method signature="runScenario(io.cucumber.testng.PickleWrapper,io.cucumber.testng.FeatureWrapper)[pri:0, instance:runner.TestRunner@5be1d0a4]" started-at="2023-10-01T19:27:14 EDT" name="runScenario" description="Runs Cucumber Scenarios" data-provider="scenarios" finished-at="2023-10-01T19:27:15 EDT" duration-ms="418" status="PASS">
          <params>
            <param index="0">
              <value>
                <![CDATA["A logged in user is in the tryEditor page from Types of Trees page to check invalid code"]]>
              </value>
            </param>
            <param index="1">
              <value>
                <![CDATA["to test functionality of tree"]]>
              </value>
            </param>
          </params>
          <reporter-output>
          </reporter-output>
        </test-method> <!-- runScenario -->
        <test-method signature="runScenario(io.cucumber.testng.PickleWrapper,io.cucumber.testng.FeatureWrapper)[pri:0, instance:runner.TestRunner@5be1d0a4]" started-at="2023-10-01T19:27:15 EDT" name="runScenario" description="Runs Cucumber Scenarios" data-provider="scenarios" finished-at="2023-10-01T19:27:15 EDT" duration-ms="414" status="PASS">
          <params>
            <param index="0">
              <value>
                <![CDATA["A logged in user is in the tryEditor page from Types of Trees page to check valid python code"]]>
              </value>
            </param>
            <param index="1">
              <value>
                <![CDATA["to test functionality of tree"]]>
              </value>
            </param>
          </params>
          <reporter-output>
          </reporter-output>
        </test-method> <!-- runScenario -->
        <test-method signature="runScenario(io.cucumber.testng.PickleWrapper,io.cucumber.testng.FeatureWrapper)[pri:0, instance:runner.TestRunner@5be1d0a4]" started-at="2023-10-01T19:27:15 EDT" name="runScenario" description="Runs Cucumber Scenarios" data-provider="scenarios" finished-at="2023-10-01T19:27:16 EDT" duration-ms="446" status="PASS">
          <params>
            <param index="0">
              <value>
                <![CDATA["A logged in user is in the Types of Trees page"]]>
              </value>
            </param>
            <param index="1">
              <value>
                <![CDATA["to test functionality of tree"]]>
              </value>
            </param>
          </params>
          <reporter-output>
          </reporter-output>
        </test-method> <!-- runScenario -->
        <test-method signature="runScenario(io.cucumber.testng.PickleWrapper,io.cucumber.testng.FeatureWrapper)[pri:0, instance:runner.TestRunner@5be1d0a4]" started-at="2023-10-01T19:27:16 EDT" name="runScenario" description="Runs Cucumber Scenarios" data-provider="scenarios" finished-at="2023-10-01T19:27:16 EDT" duration-ms="255" status="PASS">
          <params>
            <param index="0">
              <value>
                <![CDATA["A logged in user is in the  Tree Traversals page"]]>
              </value>
            </param>
            <param index="1">
              <value>
                <![CDATA["to test functionality of tree"]]>
              </value>
            </param>
          </params>
          <reporter-output>
          </reporter-output>
        </test-method> <!-- runScenario -->
        <test-method signature="runScenario(io.cucumber.testng.PickleWrapper,io.cucumber.testng.FeatureWrapper)[pri:0, instance:runner.TestRunner@5be1d0a4]" started-at="2023-10-01T19:27:16 EDT" name="runScenario" description="Runs Cucumber Scenarios" data-provider="scenarios" finished-at="2023-10-01T19:27:16 EDT" duration-ms="317" status="PASS">
          <params>
            <param index="0">
              <value>
                <![CDATA["A logged in user is in the tryEditor page from Tree Traversals page to check valid java code"]]>
              </value>
            </param>
            <param index="1">
              <value>
                <![CDATA["to test functionality of tree"]]>
              </value>
            </param>
          </params>
          <reporter-output>
          </reporter-output>
        </test-method> <!-- runScenario -->
[...]
          <params>
            <param index="0">
              <value>
                <![CDATA["A logged in user is in the tryEditor page from Binary Search Trees page to check valid java code"]]>
              </value>
            </param>
            <param index="1">
              <value>
                <![CDATA["to test functionality of tree"]]>
              </value>
            </param>
          </params>
          <reporter-output>
          </reporter-output>
        </test-method> <!-- runScenario -->
        <test-method signature="runScenario(io.cucumber.testng.PickleWrapper,io.cucumber.testng.FeatureWrapper)[pri:0, instance:runner.TestRunner@5be1d0a4]" started-at="2023-10-01T19:27:33 EDT" name="runScenario" description="Runs Cucumber Scenarios" data-provider="scenarios" finished-at="2023-10-01T19:27:33 EDT" duration-ms="543" status="PASS">
          <params>
            <param index="0">
              <value>
                <![CDATA["A logged in user is in the tryEditor page from Binary Search Trees page to check invalid code"]]>
              </value>
            </param>
            <param index="1">
              <value>
                <![CDATA["to test functionality of tree"]]>
              </value>
            </param>
          </params>
          <reporter-output>
          </reporter-output>
        </test-method> <!-- runScenario -->
        <test-method signature="runScenario(io.cucumber.testng.PickleWrapper,io.cucumber.testng.FeatureWrapper)[pri:0, instance:runner.TestRunner@5be1d0a4]" started-at="2023-10-01T19:27:33 EDT" name="runScenario" description="Runs Cucumber Scenarios" data-provider="scenarios" finished-at="2023-10-01T19:27:34 EDT" duration-ms="425" status="PASS">
          <params>
            <param index="0">
              <value>
                <![CDATA["A logged in user is in the tryEditor page from Binary Search Trees page to check valid python code"]]>
              </value>
            </param>
            <param index="1">
              <value>
                <![CDATA["to test functionality of tree"]]>
              </value>
            </param>
          </params>
          <reporter-output>
          </reporter-output>
        </test-method> <!-- runScenario -->
        <test-method signature="runScenario(io.cucumber.testng.PickleWrapper,io.cucumber.testng.FeatureWrapper)[pri:0, instance:runner.TestRunner@5be1d0a4]" started-at="2023-10-01T19:27:34 EDT" name="runScenario" description="Runs Cucumber Scenarios" data-provider="scenarios" finished-at="2023-10-01T19:27:34 EDT" duration-ms="471" status="PASS">
          <params>
            <param index="0">
              <value>
                <![CDATA["A logged in user is in the Binary Search Trees page"]]>
              </value>
            </param>
            <param index="1">
              <value>
                <![CDATA["to test functionality of tree"]]>
              </value>
            </param>
          </params>
          <reporter-output>
          </reporter-output>
        </test-method> <!-- runScenario -->
        <test-method signature="runScenario(io.cucumber.testng.PickleWrapper,io.cucumber.testng.FeatureWrapper)[pri:0, instance:runner.TestRunner@5be1d0a4]" started-at="2023-10-01T19:27:34 EDT" name="runScenario" description="Runs Cucumber Scenarios" data-provider="scenarios" finished-at="2023-10-01T19:27:35 EDT" duration-ms="280" status="PASS">
          <params>
            <param index="0">
              <value>
                <![CDATA["A logged in user is in the Implementation Of BST page"]]>
              </value>
            </param>
            <param index="1">
              <value>
                <![CDATA["to test functionality of tree"]]>
              </value>
            </param>
          </params>
          <reporter-output>
          </reporter-output>
        </test-method> <!-- runScenario -->
        <test-method signature="runScenario(io.cucumber.testng.PickleWrapper,io.cucumber.testng.FeatureWrapper)[pri:0, instance:runner.TestRunner@5be1d0a4]" started-at="2023-10-01T19:27:35 EDT" name="runScenario" description="Runs Cucumber Scenarios" data-provider="scenarios" finished-at="2023-10-01T19:27:35 EDT" duration-ms="428" status="PASS">
          <params>
            <param index="0">
              <value>
                <![CDATA["A logged in user is in the tryEditor page from Implementation Of BST page to check valid java code"]]>
              </value>
            </param>
            <param index="1">
              <value>
                <![CDATA["to test functionality of tree"]]>
              </value>
            </param>
          </params>
          <reporter-output>
          </reporter-output>
        </test-method> <!-- runScenario -->
        <test-method signature="runScenario(io.cucumber.testng.PickleWrapper,io.cucumber.testng.FeatureWrapper)[pri:0, instance:runner.TestRunner@5be1d0a4]" started-at="2023-10-01T19:27:35 EDT" name="runScenario" description="Runs Cucumber Scenarios" data-provider="scenarios" finished-at="2023-10-01T19:27:36 EDT" duration-ms="543" status="PASS">
          <params>
            <param index="0">
              <value>
                <![CDATA["A logged in user is in the tryEditor page from Implementation Of BST page to check invalid code"]]>
              </value>
            </param>
            <param index="1">
              <value>
                <![CDATA["to test functionality of tree"]]>
              </value>
            </param>
          </params>
          <reporter-output>
          </reporter-output>
        </test-method> <!-- runScenario -->
        <test-method signature="runScenario(io.cucumber.testng.PickleWrapper,io.cucumber.testng.FeatureWrapper)[pri:0, instance:runner.TestRunner@5be1d0a4]" started-at="2023-10-01T19:27:36 EDT" name="runScenario" description="Runs Cucumber Scenarios" data-provider="scenarios" finished-at="2023-10-01T19:27:36 EDT" duration-ms="472" status="PASS">
          <params>
            <param index="0">
              <value>
                <![CDATA["A logged in user is in the tryEditor page from Implementation Of BST page to check valid python code"]]>
              </value>
            </param>
            <param index="1">
              <value>
                <![CDATA["to test functionality of tree"]]>
              </value>
            </param>
          </params>
          <reporter-output>
          </reporter-output>
        </test-method> <!-- runScenario -->
        <test-method signature="runScenario(io.cucumber.testng.PickleWrapper,io.cucumber.testng.FeatureWrapper)[pri:0, instance:runner.TestRunner@5be1d0a4]" started-at="2023-10-01T19:27:36 EDT" name="runScenario" description="Runs Cucumber Scenarios" data-provider="scenarios" finished-at="2023-10-01T19:27:36 EDT" duration-ms="467" status="PASS">
          <params>
            <param index="0">
              <value>
                <![CDATA["A logged in user is in Implementation Of BST page"]]>
              </value>
            </param>
            <param index="1">
              <value>
                <![CDATA["to test functionality of tree"]]>
              </value>
            </param>
          </params>
          <reporter-output>
          </reporter-output>
        </test-method> <!-- runScenario -->
        <test-method signature="runScenario(io.cucumber.testng.PickleWrapper,io.cucumber.testng.FeatureWrapper)[pri:0, instance:runner.TestRunner@5be1d0a4]" started-at="2023-10-01T19:27:36 EDT" name="runScenario" description="Runs Cucumber Scenarios" data-provider="scenarios" finished-at="2023-10-01T19:27:37 EDT" duration-ms="322" status="PASS">
          <params>
            <param index="0">
              <value>
                <![CDATA["An existing user logged in with valid credentials in homepage to check Getting Started button in Graph Pane"]]>
              </value>
            </param>
            <param index="1">
              <value>
                <![CDATA["to test functionality of graph"]]>
              </value>
            </param>
          </params>
          <reporter-output>
          </reporter-output>
        </test-method> <!-- runScenario -->
        <test-method signature="runScenario(io.cucumber.testng.PickleWrapper,io.cucumber.testng.FeatureWrapper)[pri:0, instance:runner.TestRunner@5be1d0a4]" started-at="2023-10-01T19:27:37 EDT" name="runScenario" description="Runs Cucumber Scenarios" data-provider="scenarios" finished-at="2023-10-01T19:27:37 EDT" duration-ms="232" status="PASS">
          <params>
            <param index="0">
              <value>
                <![CDATA["An existing user logged in with valid credentials in homepage to check the option Graph from the datastructure drop down menu"]]>
              </value>
            </param>
            <param index="1">
              <value>
                <![CDATA["to test functionality of graph"]]>
              </value>
            </param>
          </params>
          <reporter-output>
          </reporter-output>
        </test-method> <!-- runScenario -->
        <test-method signature="runScenario(io.cucumber.testng.PickleWrapper,io.cucumber.testng.FeatureWrapper)[pri:0, instance:runner.TestRunner@5be1d0a4]" started-at="2023-10-01T19:27:37 EDT" name="runScenario" description="Runs Cucumber Scenarios" data-provider="scenarios" finished-at="2023-10-01T19:27:37 EDT" duration-ms="317" status="PASS">
          <params>
            <param index="0">
              <value>
                <![CDATA["A logged in user is in the Graph page"]]>
              </value>
            </param>
            <param index="1">
              <value>
                <![CDATA["to test functionality of graph"]]>
              </value>
            </param>
          </params>
          <reporter-output>
          </reporter-output>
        </test-method> <!-- runScenario -->
        <test-method signature="runScenario(io.cucumber.testng.PickleWrapper,io.cucumber.testng.FeatureWrapper)[pri:0, instance:runner.TestRunner@5be1d0a4]" started-at="2023-10-01T19:27:37 EDT" name="runScenario" description="Runs Cucumber Scenarios" data-provider="scenarios" finished-at="2023-10-01T19:27:38 EDT" duration-ms="280" status="PASS">
          <params>
            <param index="0">
              <value>
                <![CDATA["A logged in user is in the Graph page to check tryeditor"]]>
              </value>
            </param>
            <param index="1">
              <value>
                <![CDATA["to test functionality of graph"]]>
              </value>
            </param>
          </params>
          <reporter-output>
          </reporter-output>
        </test-method> <!-- runScenario -->
        <test-method signature="runScenario(io.cucumber.testng.PickleWrapper,io.cucumber.testng.FeatureWrapper)[pri:0, instance:runner.TestRunner@5be1d0a4]" started-at="2023-10-01T19:27:38 EDT" name="runScenario" description="Runs Cucumber Scenarios" data-provider="scenarios" finished-at="2023-10-01T19:27:38 EDT" duration-ms="332" status="PASS">
          <params>
            <param index="0">
              <value>
                <![CDATA["A logged in user is in the tryEditor page from Graph/Graph page to check valid java code"]]>
              </value>
            </param>
            <param index="1">
              <value>
                <![CDATA["to test functionality of graph"]]>
              </value>
            </param>
          </params>
          <reporter-output>
          </reporter-output>
        </test-method> <!-- runScenario -->
        <test-method signature="runScenario(io.cucumber.testng.PickleWrapper,io.cucumber.testng.FeatureWrapper)[pri:0, instance:runner.TestRunner@5be1d0a4]" started-at="2023-10-01T19:27:38 EDT" name="runScenario" description="Runs Cucumber Scenarios" data-provider="scenarios" finished-at="2023-10-01T19:27:38 EDT" duration-ms="463" status="PASS">
          <params>
            <param index="0">
              <value>
                <![CDATA["A logged in user is in the tryEditor page from Graph/Graph page to check invalid code"]]>
              </value>
            </param>
            <param index="1">
              <value>
                <![CDATA["to test functionality of graph"]]>
              </value>
            </param>
          </params>
          <reporter-output>
          </reporter-output>
        </test-method> <!-- runScenario -->
        <test-method signature="runScenario(io.cucumber.testng.PickleWrapper,io.cucumber.testng.FeatureWrapper)[pri:0, instance:runner.TestRunner@5be1d0a4]" started-at="2023-10-01T19:27:38 EDT" name="runScenario" description="Runs Cucumber Scenarios" data-provider="scenarios" finished-at="2023-10-01T19:27:39 EDT" duration-ms="447" status="PASS">
          <params>
            <param index="0">
              <value>
                <![CDATA["A logged in user is in the tryEditor page from Graph/Graph page to check valid python code"]]>
              </value>
            </param>
            <param index="1">
              <value>
                <![CDATA["to test functionality of graph"]]>
              </value>
            </param>
          </params>
          <reporter-output>
          </reporter-output>
        </test-method> <!-- runScenario -->
        <test-method signature="runScenario(io.cucumber.testng.PickleWrapper,io.cucumber.testng.FeatureWrapper)[pri:0, instance:runner.TestRunner@5be1d0a4]" started-at="2023-10-01T19:27:39 EDT" name="runScenario" description="Runs Cucumber Scenarios" data-provider="scenarios" finished-at="2023-10-01T19:27:39 EDT" duration-ms="464" status="PASS">
          <params>
            <param index="0">
              <value>
                <![CDATA["A logged in user is in the Graph page"]]>
              </value>
            </param>
            <param index="1">
              <value>
                <![CDATA["to test functionality of graph"]]>
              </value>
            </param>
          </params>
          <reporter-output>
          </reporter-output>
        </test-method> <!-- runScenario -->
        <test-method signature="runScenario(io.cucumber.testng.PickleWrapper,io.cucumber.testng.FeatureWrapper)[pri:0, instance:runner.TestRunner@5be1d0a4]" started-at="2023-10-01T19:27:39 EDT" name="runScenario" description="Runs Cucumber Scenarios" data-provider="scenarios" finished-at="2023-10-01T19:27:40 EDT" duration-ms="354" status="PASS">
          <params>
            <param index="0">
              <value>
                <![CDATA["The user is in the graph Representations page"]]>
              </value>
            </param>
            <param index="1">
              <value>
                <![CDATA["to test functionality of graph"]]>
              </value>
            </param>
          </params>
          <reporter-output>
          </reporter-output>
        </test-method> <!-- runScenario -->
        <test-method signature="runScenario(io.cucumber.testng.PickleWrapper,io.cucumber.testng.FeatureWrapper)[pri:0, instance:runner.TestRunner@5be1d0a4]" started-at="2023-10-01T19:27:40 EDT" name="runScenario" description="Runs Cucumber Scenarios" data-provider="scenarios" finished-at="2023-10-01T19:27:40 EDT" duration-ms="338" status="PASS">
          <params>
            <param index="0">
              <value>
                <![CDATA["A logged in user is in the tryEditor page from Graph/Graph Representations page to check valid java code"]]>
              </value>
            </param>
            <param index="1">
              <value>
                <![CDATA["to test functionality of graph"]]>
              </value>
            </param>
          </params>
          <reporter-output>
          </reporter-output>
        </test-method> <!-- runScenario -->
        <test-method signature="runScenario(io.cucumber.testng.PickleWrapper,io.cucumber.testng.FeatureWrapper)[pri:0, instance:runner.TestRunner@5be1d0a4]" started-at="2023-10-01T19:27:40 EDT" name="runScenario" description="Runs Cucumber Scenarios" data-provider="scenarios" finished-at="2023-10-01T19:27:41 EDT" duration-ms="413" status="PASS">
          <params>
            <param index="0">
              <value>
                <![CDATA["A logged in user is in the tryEditor page from Graph/Graph Representations page to check invalid code"]]>
              </value>
            </param>
            <param index="1">
              <value>
                <![CDATA["to test functionality of graph"]]>
              </value>
            </param>
          </params>
          <reporter-output>
          </reporter-output>
        </test-method> <!-- runScenario -->
        <test-method signature="runScenario(io.cucumber.testng.PickleWrapper,io.cucumber.testng.FeatureWrapper)[pri:0, instance:runner.TestRunner@5be1d0a4]" started-at="2023-10-01T19:27:41 EDT" name="runScenario" description="Runs Cucumber Scenarios" data-provider="scenarios" finished-at="2023-10-01T19:27:41 EDT" duration-ms="381" status="PASS">
          <params>
            <param index="0">
              <value>
                <![CDATA["A logged in user is in the tryEditor page from Graph/Graph Representations page to check valid python code"]]>
              </value>
            </param>
            <param index="1">
              <value>
                <![CDATA["to test functionality of graph"]]>
              </value>
            </param>
          </params>
          <reporter-output>
          </reporter-output>
        </test-method> <!-- runScenario -->
        <test-method signature="runScenario(io.cucumber.testng.PickleWrapper,io.cucumber.testng.FeatureWrapper)[pri:0, instance:runner.TestRunner@5be1d0a4]" started-at="2023-10-01T19:27:41 EDT" name="runScenario" description="Runs Cucumber Scenarios" data-provider="scenarios" finished-at="2023-10-01T19:27:41 EDT" duration-ms="423" status="PASS">
          <params>
            <param index="0">
              <value>
                <![CDATA["A logged in user is in the Graph page to check practice questions Page for Graph page"]]>
              </value>
            </param>
            <param index="1">
              <value>
                <![CDATA["to test functionality of graph"]]>
              </value>
            </param>
          </params>
          <reporter-output>
          </reporter-output>
        </test-method> <!-- runScenario -->
        <test-method signature="runScenario(io.cucumber.testng.PickleWrapper,io.cucumber.testng.FeatureWrapper)[pri:0, instance:runner.TestRunner@5be1d0a4]" started-at="2023-10-01T19:27:41 EDT" name="runScenario" description="Runs Cucumber Scenarios" data-provider="scenarios" finished-at="2023-10-01T19:27:42 EDT" duration-ms="217" status="PASS">
          <params>
            <param index="0">
              <value>
                <![CDATA["The user already login with valid usernae and password to check signout link"]]>
              </value>
            </param>
            <param index="1">
              <value>
                <![CDATA["to test functionality of signout link"]]>
              </value>
            </param>
          </params>
          <reporter-output>
          </reporter-output>
        </test-method> <!-- runScenario -->
        <test-method is-config="true" signature="tearDownClass()[pri:0, instance:runner.TestRunner@5be1d0a4]" started-at="2023-10-01T19:27:42 EDT" name="tearDownClass" finished-at="2023-10-01T19:27:42 EDT" duration-ms="34" status="PASS">
          <reporter-output>
          </reporter-output>
        </test-method> <!-- tearDownClass -->
      </class> <!-- runner.TestRunner -->
    </test> <!-- Default test -->
  </suite> <!-- Default suite -->
</testng-results>
