<?xml version="1.0" encoding="UTF-8"?>
<testng-results ignored="0" total="18" passed="15" failed="3" skipped="0">
  <reporter-output>
  </reporter-output>
  <suite started-at="2023-09-25T22:37:08 EDT" name="Default suite" finished-at="2023-09-25T22:37:23 EDT" duration-ms="15173">
    <groups>
      <group name="cucumber">
        <method signature="AbstractTestNGCucumberTests.runScenario(io.cucumber.testng.PickleWrapper,io.cucumber.testng.FeatureWrapper)[pri:0, instance:runner.TestRunner@7eac9008]" name="runScenario" class="io.cucumber.testng.AbstractTestNGCucumberTests"/>
      </group> <!-- cucumber -->
    </groups>
    <test started-at="2023-09-25T22:37:08 EDT" name="Default test" finished-at="2023-09-25T22:37:23 EDT" duration-ms="15173">
      <class name="runner.TestRunner">
        <test-method is-config="true" signature="setUpClass(org.testng.ITestContext)[pri:0, instance:runner.TestRunner@7eac9008]" started-at="2023-09-25T22:37:08 EDT" name="setUpClass" finished-at="2023-09-25T22:37:08 EDT" duration-ms="622" status="PASS">
          <params>
            <param index="0">
              <value>
                <![CDATA[org.testng.TestRunner@78a8978a]]>
              </value>
            </param>
          </params>
          <reporter-output>
          </reporter-output>
        </test-method> <!-- setUpClass -->
        <test-method signature="runScenario(io.cucumber.testng.PickleWrapper,io.cucumber.testng.FeatureWrapper)[pri:0, instance:runner.TestRunner@7eac9008]" started-at="2023-09-25T22:37:09 EDT" name="runScenario" description="Runs Cucumber Scenarios" data-provider="scenarios" finished-at="2023-09-25T22:37:17 EDT" duration-ms="8082" status="PASS">
          <params>
            <param index="0">
              <value>
                <![CDATA["open home page"]]>
              </value>
            </param>
            <param index="1">
              <value>
                <![CDATA["to test functionality of home page"]]>
              </value>
            </param>
          </params>
          <reporter-output>
          </reporter-output>
        </test-method> <!-- runScenario -->
        <test-method signature="runScenario(io.cucumber.testng.PickleWrapper,io.cucumber.testng.FeatureWrapper)[pri:0, instance:runner.TestRunner@7eac9008]" started-at="2023-09-25T22:37:17 EDT" name="runScenario" description="Runs Cucumber Scenarios" data-provider="scenarios" finished-at="2023-09-25T22:37:17 EDT" duration-ms="797" status="PASS">
          <params>
            <param index="0">
              <value>
                <![CDATA["get started button to go to home page"]]>
              </value>
            </param>
            <param index="1">
              <value>
                <![CDATA["to test functionality of home page"]]>
              </value>
            </param>
          </params>
          <reporter-output>
          </reporter-output>
        </test-method> <!-- runScenario -->
        <test-method signature="runScenario(io.cucumber.testng.PickleWrapper,io.cucumber.testng.FeatureWrapper)[pri:0, instance:runner.TestRunner@7eac9008]" started-at="2023-09-25T22:37:17 EDT" name="runScenario" description="Runs Cucumber Scenarios" data-provider="scenarios" finished-at="2023-09-25T22:37:18 EDT" duration-ms="114" status="PASS">
          <params>
            <param index="0">
              <value>
                <![CDATA["The user already on DS Algo portal page drop down with Data structures"]]>
              </value>
            </param>
            <param index="1">
              <value>
                <![CDATA["to test functionality of home page"]]>
              </value>
            </param>
          </params>
          <reporter-output>
          </reporter-output>
        </test-method> <!-- runScenario -->
        <test-method signature="runScenario(io.cucumber.testng.PickleWrapper,io.cucumber.testng.FeatureWrapper)[pri:0, instance:runner.TestRunner@7eac9008]" started-at="2023-09-25T22:37:18 EDT" name="runScenario" description="Runs Cucumber Scenarios" data-provider="scenarios" finished-at="2023-09-25T22:37:18 EDT" duration-ms="265" status="PASS">
          <params>
            <param index="0">
              <value>
                <![CDATA["select one item from drop down without sign in"]]>
              </value>
            </param>
            <param index="1">
              <value>
                <![CDATA["to test functionality of home page"]]>
              </value>
            </param>
          </params>
          <reporter-output>
          </reporter-output>
        </test-method> <!-- runScenario -->
        <test-method signature="runScenario(io.cucumber.testng.PickleWrapper,io.cucumber.testng.FeatureWrapper)[pri:0, instance:runner.TestRunner@7eac9008]" started-at="2023-09-25T22:37:18 EDT" name="runScenario" description="Runs Cucumber Scenarios" data-provider="scenarios" finished-at="2023-09-25T22:37:18 EDT" duration-ms="219" status="PASS">
          <params>
            <param index="0">
              <value>
                <![CDATA["select one item from home page without sign in"]]>
              </value>
            </param>
            <param index="1">
              <value>
                <![CDATA["to test functionality of home page"]]>
              </value>
            </param>
          </params>
          <reporter-output>
          </reporter-output>
        </test-method> <!-- runScenario -->
        <test-method signature="runScenario(io.cucumber.testng.PickleWrapper,io.cucumber.testng.FeatureWrapper)[pri:0, instance:runner.TestRunner@7eac9008]" started-at="2023-09-25T22:37:18 EDT" name="runScenario" description="Runs Cucumber Scenarios" data-provider="scenarios" finished-at="2023-09-25T22:37:18 EDT" duration-ms="256" status="PASS">
          <params>
            <param index="0">
              <value>
                <![CDATA["The user already on DS Algo portal page and user try to go to sign in page"]]>
              </value>
            </param>
            <param index="1">
              <value>
                <![CDATA["to test functionality of home page"]]>
              </value>
            </param>
          </params>
          <reporter-output>
          </reporter-output>
        </test-method> <!-- runScenario -->
        <test-method signature="runScenario(io.cucumber.testng.PickleWrapper,io.cucumber.testng.FeatureWrapper)[pri:0, instance:runner.TestRunner@7eac9008]" started-at="2023-09-25T22:37:18 EDT" name="runScenario" description="Runs Cucumber Scenarios" data-provider="scenarios" finished-at="2023-09-25T22:37:19 EDT" duration-ms="247" status="PASS">
          <params>
            <param index="0">
              <value>
                <![CDATA["The user already on DS Algo portal page and the user try to go to sign in page"]]>
              </value>
            </param>
            <param index="1">
              <value>
                <![CDATA["to test functionality of home page"]]>
              </value>
            </param>
          </params>
          <reporter-output>
          </reporter-output>
        </test-method> <!-- runScenario -->
        <test-method signature="runScenario(io.cucumber.testng.PickleWrapper,io.cucumber.testng.FeatureWrapper)[pri:0, instance:runner.TestRunner@7eac9008]" started-at="2023-09-25T22:37:19 EDT" name="runScenario" description="Runs Cucumber Scenarios" data-provider="scenarios" finished-at="2023-09-25T22:37:19 EDT" duration-ms="443" status="PASS">
          <params>
            <param index="0">
              <value>
                <![CDATA["try register with username and password and confirm password fields empty"]]>
              </value>
            </param>
            <param index="1">
              <value>
                <![CDATA["to test register with valid and invalid credentials"]]>
              </value>
            </param>
          </params>
          <reporter-output>
          </reporter-output>
        </test-method> <!-- runScenario -->
        <test-method signature="runScenario(io.cucumber.testng.PickleWrapper,io.cucumber.testng.FeatureWrapper)[pri:0, instance:runner.TestRunner@7eac9008]" started-at="2023-09-25T22:37:19 EDT" name="runScenario" description="Runs Cucumber Scenarios" data-provider="scenarios" finished-at="2023-09-25T22:37:19 EDT" duration-ms="401" status="PASS">
          <params>
            <param index="0">
              <value>
                <![CDATA["check logging with valid username and leaving password field empty"]]>
              </value>
            </param>
            <param index="1">
              <value>
                <![CDATA["to test register with valid and invalid credentials"]]>
              </value>
            </param>
          </params>
          <reporter-output>
          </reporter-output>
        </test-method> <!-- runScenario -->
        <test-method signature="runScenario(io.cucumber.testng.PickleWrapper,io.cucumber.testng.FeatureWrapper)[pri:0, instance:runner.TestRunner@7eac9008]" started-at="2023-09-25T22:37:19 EDT" name="runScenario" description="Runs Cucumber Scenarios" data-provider="scenarios" finished-at="2023-09-25T22:37:20 EDT" duration-ms="348" status="PASS">
          <params>
            <param index="0">
              <value>
                <![CDATA["check logging with valid password  and leaving username field empty"]]>
              </value>
            </param>
            <param index="1">
              <value>
                <![CDATA["to test register with valid and invalid credentials"]]>
              </value>
            </param>
          </params>
          <reporter-output>
          </reporter-output>
        </test-method> <!-- runScenario -->
        <test-method signature="runScenario(io.cucumber.testng.PickleWrapper,io.cucumber.testng.FeatureWrapper)[pri:0, instance:runner.TestRunner@7eac9008]" started-at="2023-09-25T22:37:20 EDT" name="runScenario" description="Runs Cucumber Scenarios" data-provider="scenarios" finished-at="2023-09-25T22:37:20 EDT" duration-ms="313" status="PASS">
          <params>
            <param index="0">
              <value>
                <![CDATA["check logging with valid password  and username but leaving confirm password field empty"]]>
              </value>
            </param>
            <param index="1">
              <value>
                <![CDATA["to test register with valid and invalid credentials"]]>
              </value>
            </param>
          </params>
          <reporter-output>
          </reporter-output>
        </test-method> <!-- runScenario -->
        <test-method signature="runScenario(io.cucumber.testng.PickleWrapper,io.cucumber.testng.FeatureWrapper)[pri:0, instance:runner.TestRunner@7eac9008]" started-at="2023-09-25T22:37:20 EDT" name="runScenario" description="Runs Cucumber Scenarios" data-provider="scenarios" finished-at="2023-09-25T22:37:20 EDT" duration-ms="373" status="PASS">
          <params>
            <param index="0">
              <value>
                <![CDATA["Check register with similar usename and password"]]>
              </value>
            </param>
            <param index="1">
              <value>
                <![CDATA["to test register with valid and invalid credentials"]]>
              </value>
            </param>
          </params>
          <reporter-output>
          </reporter-output>
        </test-method> <!-- runScenario -->
        <test-method signature="runScenario(io.cucumber.testng.PickleWrapper,io.cucumber.testng.FeatureWrapper)[pri:0, instance:runner.TestRunner@7eac9008]" started-at="2023-09-25T22:37:20 EDT" name="runScenario" description="Runs Cucumber Scenarios" data-provider="scenarios" finished-at="2023-09-25T22:37:21 EDT" duration-ms="451" status="FAIL">
          <params>
            <param index="0">
              <value>
                <![CDATA["Check register with password minimum length"]]>
              </value>
            </param>
            <param index="1">
              <value>
                <![CDATA["to test register with valid and invalid credentials"]]>
              </value>
            </param>
          </params>
          <exception class="java.lang.AssertionError">
            <message>
              <![CDATA[expected [Your password must contain at least 8 characters.] but found [password_mismatch:The two password fields didn’t match.]]]>
            </message>
            <full-stacktrace>
              <![CDATA[java.lang.AssertionError: expected [Your password must contain at least 8 characters.] but found [password_mismatch:The two password fields didn’t match.]
at org.testng.Assert.fail(Assert.java:111)
at org.testng.Assert.failNotEquals(Assert.java:1578)
at org.testng.Assert.assertEqualsImpl(Assert.java:150)
at org.testng.Assert.assertEquals(Assert.java:132)
at org.testng.Assert.assertEquals(Assert.java:656)
at org.testng.Assert.assertEquals(Assert.java:666)
at utilities.UtlityFunctions.check_text(UtlityFunctions.java:46)
at pageObjeccts.Register_POM.enter_password_less_than_eight_msg(Register_POM.java:76)
at step_definition.Register_SD.your_password_must_contain_at_least_characters_message_should_display(Register_SD.java:155)
at ✽.Your password must contain at least 8 characters message should display(file:///C:/Users/bobby/eclipse-workspace/ds-algo-quality-way/src/test/resources/features/02Register.feature:66)
]]>
            </full-stacktrace>
          </exception> <!-- java.lang.AssertionError -->
          <reporter-output>
          </reporter-output>
        </test-method> <!-- runScenario -->
        <test-method signature="runScenario(io.cucumber.testng.PickleWrapper,io.cucumber.testng.FeatureWrapper)[pri:0, instance:runner.TestRunner@7eac9008]" started-at="2023-09-25T22:37:21 EDT" name="runScenario" description="Runs Cucumber Scenarios" data-provider="scenarios" finished-at="2023-09-25T22:37:21 EDT" duration-ms="408" status="FAIL">
          <params>
            <param index="0">
              <value>
                <![CDATA["Check register with password characters"]]>
              </value>
            </param>
            <param index="1">
              <value>
                <![CDATA["to test register with valid and invalid credentials"]]>
              </value>
            </param>
          </params>
          <exception class="java.lang.AssertionError">
            <message>
              <![CDATA[expected [Your password can’t be entirely numeric.] but found [password_mismatch:The two password fields didn’t match.]]]>
            </message>
            <full-stacktrace>
              <![CDATA[java.lang.AssertionError: expected [Your password can’t be entirely numeric.] but found [password_mismatch:The two password fields didn’t match.]
at org.testng.Assert.fail(Assert.java:111)
at org.testng.Assert.failNotEquals(Assert.java:1578)
at org.testng.Assert.assertEqualsImpl(Assert.java:150)
at org.testng.Assert.assertEquals(Assert.java:132)
at org.testng.Assert.assertEquals(Assert.java:656)
at org.testng.Assert.assertEquals(Assert.java:666)
at utilities.UtlityFunctions.check_text(UtlityFunctions.java:46)
at pageObjeccts.Register_POM.enter_password_only_numeric_msg(Register_POM.java:81)
at step_definition.Register_SD.your_password_can_not_be_entirely_numeric_message_should_display(Register_SD.java:177)
at ✽.Your password can not be entirely numeric message should display(file:///C:/Users/bobby/eclipse-workspace/ds-algo-quality-way/src/test/resources/features/02Register.feature:73)
]]>
            </full-stacktrace>
          </exception> <!-- java.lang.AssertionError -->
          <reporter-output>
          </reporter-output>
        </test-method> <!-- runScenario -->
        <test-method signature="runScenario(io.cucumber.testng.PickleWrapper,io.cucumber.testng.FeatureWrapper)[pri:0, instance:runner.TestRunner@7eac9008]" started-at="2023-09-25T22:37:21 EDT" name="runScenario" description="Runs Cucumber Scenarios" data-provider="scenarios" finished-at="2023-09-25T22:37:22 EDT" duration-ms="447" status="PASS">
          <params>
            <param index="0">
              <value>
                <![CDATA["password mismatch"]]>
              </value>
            </param>
            <param index="1">
              <value>
                <![CDATA["to test register with valid and invalid credentials"]]>
              </value>
            </param>
          </params>
          <reporter-output>
          </reporter-output>
        </test-method> <!-- runScenario -->
        <test-method signature="runScenario(io.cucumber.testng.PickleWrapper,io.cucumber.testng.FeatureWrapper)[pri:0, instance:runner.TestRunner@7eac9008]" started-at="2023-09-25T22:37:22 EDT" name="runScenario" description="Runs Cucumber Scenarios" data-provider="scenarios" finished-at="2023-09-25T22:37:22 EDT" duration-ms="368" status="FAIL">
          <params>
            <param index="0">
              <value>
                <![CDATA["Try to register with already existing user"]]>
              </value>
            </param>
            <param index="1">
              <value>
                <![CDATA["to test register with valid and invalid credentials"]]>
              </value>
            </param>
          </params>
          <exception class="java.lang.AssertionError">
            <message>
              <![CDATA[expected [User already exists.] but found [password_mismatch:The two password fields didn’t match.]]]>
            </message>
            <full-stacktrace>
              <![CDATA[java.lang.AssertionError: expected [User already exists.] but found [password_mismatch:The two password fields didn’t match.]
at org.testng.Assert.fail(Assert.java:111)
at org.testng.Assert.failNotEquals(Assert.java:1578)
at org.testng.Assert.assertEqualsImpl(Assert.java:150)
at org.testng.Assert.assertEquals(Assert.java:132)
at org.testng.Assert.assertEquals(Assert.java:656)
at org.testng.Assert.assertEquals(Assert.java:666)
at utilities.UtlityFunctions.check_text(UtlityFunctions.java:46)
at pageObjeccts.Register_POM.enter_existing_username_msg(Register_POM.java:91)
at step_definition.Register_SD.user_already_exists_message_should_appears(Register_SD.java:225)
at ✽.user already exists message should appears.(file:///C:/Users/bobby/eclipse-workspace/ds-algo-quality-way/src/test/resources/features/02Register.feature:89)
]]>
            </full-stacktrace>
          </exception> <!-- java.lang.AssertionError -->
          <reporter-output>
          </reporter-output>
        </test-method> <!-- runScenario -->
        <test-method signature="runScenario(io.cucumber.testng.PickleWrapper,io.cucumber.testng.FeatureWrapper)[pri:0, instance:runner.TestRunner@7eac9008]" started-at="2023-09-25T22:37:22 EDT" name="runScenario" description="Runs Cucumber Scenarios" data-provider="scenarios" finished-at="2023-09-25T22:37:22 EDT" duration-ms="288" status="PASS">
          <params>
            <param index="0">
              <value>
                <![CDATA["Check login link from register page"]]>
              </value>
            </param>
            <param index="1">
              <value>
                <![CDATA["to test register with valid and invalid credentials"]]>
              </value>
            </param>
          </params>
          <reporter-output>
          </reporter-output>
        </test-method> <!-- runScenario -->
        <test-method signature="runScenario(io.cucumber.testng.PickleWrapper,io.cucumber.testng.FeatureWrapper)[pri:0, instance:runner.TestRunner@7eac9008]" started-at="2023-09-25T22:37:22 EDT" name="runScenario" description="Runs Cucumber Scenarios" data-provider="scenarios" finished-at="2023-09-25T22:37:23 EDT" duration-ms="594" status="PASS">
          <params>
            <param index="0">
              <value>
                <![CDATA["Check register is successful with valid credentials"]]>
              </value>
            </param>
            <param index="1">
              <value>
                <![CDATA["to test register with valid and invalid credentials"]]>
              </value>
            </param>
          </params>
          <reporter-output>
          </reporter-output>
        </test-method> <!-- runScenario -->
        <test-method is-config="true" signature="tearDownClass()[pri:0, instance:runner.TestRunner@7eac9008]" started-at="2023-09-25T22:37:23 EDT" name="tearDownClass" finished-at="2023-09-25T22:37:23 EDT" duration-ms="51" status="PASS">
          <reporter-output>
          </reporter-output>
        </test-method> <!-- tearDownClass -->
      </class> <!-- runner.TestRunner -->
    </test> <!-- Default test -->
  </suite> <!-- Default suite -->
</testng-results>
