<?xml version="1.0" encoding="UTF-8"?>
<testng-results ignored="0" total="4" passed="4" failed="0" skipped="0">
  <reporter-output>
  </reporter-output>
  <suite started-at="2023-09-20T12:59:32 EDT" name="Default suite" finished-at="2023-09-20T12:59:41 EDT" duration-ms="8912">
    <groups>
      <group name="cucumber">
        <method signature="AbstractTestNGCucumberTests.runScenario(io.cucumber.testng.PickleWrapper,io.cucumber.testng.FeatureWrapper)[pri:0, instance:runner.TestRunner@7eac9008]" name="runScenario" class="io.cucumber.testng.AbstractTestNGCucumberTests"/>
      </group> <!-- cucumber -->
    </groups>
    <test started-at="2023-09-20T12:59:32 EDT" name="Default test" finished-at="2023-09-20T12:59:41 EDT" duration-ms="8912">
      <class name="runner.TestRunner">
        <test-method is-config="true" signature="setUpClass(org.testng.ITestContext)[pri:0, instance:runner.TestRunner@7eac9008]" started-at="2023-09-20T12:59:32 EDT" name="setUpClass" finished-at="2023-09-20T12:59:33 EDT" duration-ms="557" status="PASS">
          <params>
            <param index="0">
              <value>
                <![CDATA[org.testng.TestRunner@6242ae3b]]>
              </value>
            </param>
          </params>
          <reporter-output>
          </reporter-output>
        </test-method> <!-- setUpClass -->
        <test-method signature="runScenario(io.cucumber.testng.PickleWrapper,io.cucumber.testng.FeatureWrapper)[pri:0, instance:runner.TestRunner@7eac9008]" started-at="2023-09-20T12:59:33 EDT" name="runScenario" description="Runs Cucumber Scenarios" data-provider="scenarios" finished-at="2023-09-20T12:59:40 EDT" duration-ms="7408" status="PASS">
          <params>
            <param index="0">
              <value>
                <![CDATA["open home page"]]>
              </value>
            </param>
            <param index="1">
              <value>
                <![CDATA["to test functionality of home page"]]>
              </value>
            </param>
          </params>
          <reporter-output>
          </reporter-output>
        </test-method> <!-- runScenario -->
        <test-method signature="runScenario(io.cucumber.testng.PickleWrapper,io.cucumber.testng.FeatureWrapper)[pri:0, instance:runner.TestRunner@7eac9008]" started-at="2023-09-20T12:59:40 EDT" name="runScenario" description="Runs Cucumber Scenarios" data-provider="scenarios" finished-at="2023-09-20T12:59:40 EDT" duration-ms="291" status="PASS">
          <params>
            <param index="0">
              <value>
                <![CDATA["get started button to go to home page"]]>
              </value>
            </param>
            <param index="1">
              <value>
                <![CDATA["to test functionality of home page"]]>
              </value>
            </param>
          </params>
          <reporter-output>
          </reporter-output>
        </test-method> <!-- runScenario -->
        <test-method signature="runScenario(io.cucumber.testng.PickleWrapper,io.cucumber.testng.FeatureWrapper)[pri:0, instance:runner.TestRunner@7eac9008]" started-at="2023-09-20T12:59:40 EDT" name="runScenario" description="Runs Cucumber Scenarios" data-provider="scenarios" finished-at="2023-09-20T12:59:41 EDT" duration-ms="156" status="PASS">
          <params>
            <param index="0">
              <value>
                <![CDATA["The user already on DS Algo portal page drop down with Data structures"]]>
              </value>
            </param>
            <param index="1">
              <value>
                <![CDATA["to test functionality of home page"]]>
              </value>
            </param>
          </params>
          <reporter-output>
          </reporter-output>
        </test-method> <!-- runScenario -->
        <test-method signature="runScenario(io.cucumber.testng.PickleWrapper,io.cucumber.testng.FeatureWrapper)[pri:0, instance:runner.TestRunner@7eac9008]" started-at="2023-09-20T12:59:41 EDT" name="runScenario" description="Runs Cucumber Scenarios" data-provider="scenarios" finished-at="2023-09-20T12:59:41 EDT" duration-ms="343" status="PASS">
          <params>
            <param index="0">
              <value>
                <![CDATA["select one item from home page without sign in"]]>
              </value>
            </param>
            <param index="1">
              <value>
                <![CDATA["to test functionality of home page"]]>
              </value>
            </param>
          </params>
          <reporter-output>
          </reporter-output>
        </test-method> <!-- runScenario -->
        <test-method is-config="true" signature="tearDownClass()[pri:0, instance:runner.TestRunner@7eac9008]" started-at="2023-09-20T12:59:41 EDT" name="tearDownClass" finished-at="2023-09-20T12:59:41 EDT" duration-ms="75" status="PASS">
          <reporter-output>
          </reporter-output>
        </test-method> <!-- tearDownClass -->
      </class> <!-- runner.TestRunner -->
    </test> <!-- Default test -->
  </suite> <!-- Default suite -->
</testng-results>
