<?xml version="1.0" encoding="UTF-8"?>
<testng-results ignored="0" total="53" passed="49" failed="4" skipped="0">
  <reporter-output>
  </reporter-output>
  <suite started-at="2023-10-02T23:42:20 EDT" name="Default suite" finished-at="2023-10-02T23:42:50 EDT" duration-ms="29393">
    <groups>
      <group name="cucumber">
        <method signature="AbstractTestNGCucumberTests.runScenario(io.cucumber.testng.PickleWrapper,io.cucumber.testng.FeatureWrapper)[pri:0, instance:runner.TestRunner@5be1d0a4]" name="runScenario" class="io.cucumber.testng.AbstractTestNGCucumberTests"/>
      </group> <!-- cucumber -->
    </groups>
    <test started-at="2023-10-02T23:42:20 EDT" name="Default test" finished-at="2023-10-02T23:42:50 EDT" duration-ms="29393">
      <class name="runner.TestRunner">
        <test-method is-config="true" signature="setUpClass(org.testng.ITestContext)[pri:0, instance:runner.TestRunner@5be1d0a4]" started-at="2023-10-02T23:42:20 EDT" name="setUpClass" finished-at="2023-10-02T23:42:21 EDT" duration-ms="602" status="PASS">
          <params>
            <param index="0">
              <value>
                <![CDATA[org.testng.TestRunner@523ade68]]>
              </value>
            </param>
          </params>
          <reporter-output>
          </reporter-output>
        </test-method> <!-- setUpClass -->
        <test-method signature="runScenario(io.cucumber.testng.PickleWrapper,io.cucumber.testng.FeatureWrapper)[pri:0, instance:runner.TestRunner@5be1d0a4]" started-at="2023-10-02T23:42:21 EDT" name="runScenario" description="Runs Cucumber Scenarios" data-provider="scenarios" finished-at="2023-10-02T23:42:29 EDT" duration-ms="8343" status="PASS">
          <params>
            <param index="0">
              <value>
                <![CDATA["open home page"]]>
              </value>
            </param>
            <param index="1">
              <value>
                <![CDATA["to test functionality of home page"]]>
              </value>
            </param>
          </params>
          <reporter-output>
          </reporter-output>
        </test-method> <!-- runScenario -->
        <test-method signature="runScenario(io.cucumber.testng.PickleWrapper,io.cucumber.testng.FeatureWrapper)[pri:0, instance:runner.TestRunner@5be1d0a4]" started-at="2023-10-02T23:42:29 EDT" name="runScenario" description="Runs Cucumber Scenarios" data-provider="scenarios" finished-at="2023-10-02T23:42:30 EDT" duration-ms="404" status="PASS">
          <params>
            <param index="0">
              <value>
                <![CDATA["get started button to go to home page"]]>
              </value>
            </param>
            <param index="1">
              <value>
                <![CDATA["to test functionality of home page"]]>
              </value>
            </param>
          </params>
          <reporter-output>
          </reporter-output>
        </test-method> <!-- runScenario -->
        <test-method signature="runScenario(io.cucumber.testng.PickleWrapper,io.cucumber.testng.FeatureWrapper)[pri:0, instance:runner.TestRunner@5be1d0a4]" started-at="2023-10-02T23:42:30 EDT" name="runScenario" description="Runs Cucumber Scenarios" data-provider="scenarios" finished-at="2023-10-02T23:42:30 EDT" duration-ms="94" status="PASS">
          <params>
            <param index="0">
              <value>
                <![CDATA["The user already on DS Algo portal page drop down with Data structures"]]>
              </value>
            </param>
            <param index="1">
              <value>
                <![CDATA["to test functionality of home page"]]>
              </value>
            </param>
          </params>
          <reporter-output>
          </reporter-output>
        </test-method> <!-- runScenario -->
        <test-method signature="runScenario(io.cucumber.testng.PickleWrapper,io.cucumber.testng.FeatureWrapper)[pri:0, instance:runner.TestRunner@5be1d0a4]" started-at="2023-10-02T23:42:30 EDT" name="runScenario" description="Runs Cucumber Scenarios" data-provider="scenarios" finished-at="2023-10-02T23:42:30 EDT" duration-ms="263" status="PASS">
          <params>
            <param index="0">
              <value>
                <![CDATA["select one item from drop down without sign in"]]>
              </value>
            </param>
            <param index="1">
              <value>
                <![CDATA["to test functionality of home page"]]>
              </value>
            </param>
          </params>
          <reporter-output>
          </reporter-output>
        </test-method> <!-- runScenario -->
        <test-method signature="runScenario(io.cucumber.testng.PickleWrapper,io.cucumber.testng.FeatureWrapper)[pri:0, instance:runner.TestRunner@5be1d0a4]" started-at="2023-10-02T23:42:30 EDT" name="runScenario" description="Runs Cucumber Scenarios" data-provider="scenarios" finished-at="2023-10-02T23:42:30 EDT" duration-ms="216" status="PASS">
          <params>
            <param index="0">
              <value>
                <![CDATA["select one item from home page without sign in"]]>
              </value>
            </param>
            <param index="1">
              <value>
                <![CDATA["to test functionality of home page"]]>
              </value>
            </param>
          </params>
          <reporter-output>
          </reporter-output>
        </test-method> <!-- runScenario -->
        <test-method signature="runScenario(io.cucumber.testng.PickleWrapper,io.cucumber.testng.FeatureWrapper)[pri:0, instance:runner.TestRunner@5be1d0a4]" started-at="2023-10-02T23:42:30 EDT" name="runScenario" description="Runs Cucumber Scenarios" data-provider="scenarios" finished-at="2023-10-02T23:42:30 EDT" duration-ms="207" status="PASS">
          <params>
            <param index="0">
              <value>
                <![CDATA["The user already on DS Algo portal page and user try to go to sign in page"]]>
              </value>
            </param>
            <param index="1">
              <value>
                <![CDATA["to test functionality of home page"]]>
              </value>
            </param>
          </params>
          <reporter-output>
          </reporter-output>
        </test-method> <!-- runScenario -->
        <test-method signature="runScenario(io.cucumber.testng.PickleWrapper,io.cucumber.testng.FeatureWrapper)[pri:0, instance:runner.TestRunner@5be1d0a4]" started-at="2023-10-02T23:42:30 EDT" name="runScenario" description="Runs Cucumber Scenarios" data-provider="scenarios" finished-at="2023-10-02T23:42:31 EDT" duration-ms="207" status="PASS">
          <params>
            <param index="0">
              <value>
                <![CDATA["The user already on DS Algo portal page and the user try to go to sign in page"]]>
              </value>
            </param>
            <param index="1">
              <value>
                <![CDATA["to test functionality of home page"]]>
              </value>
            </param>
          </params>
          <reporter-output>
          </reporter-output>
        </test-method> <!-- runScenario -->
        <test-method signature="runScenario(io.cucumber.testng.PickleWrapper,io.cucumber.testng.FeatureWrapper)[pri:0, instance:runner.TestRunner@5be1d0a4]" started-at="2023-10-02T23:42:31 EDT" name="runScenario" description="Runs Cucumber Scenarios" data-provider="scenarios" finished-at="2023-10-02T23:42:31 EDT" duration-ms="812" status="PASS">
          <params>
            <param index="0">
              <value>
                <![CDATA["try register with username and password and confirm password fields empty"]]>
              </value>
            </param>
            <param index="1">
              <value>
                <![CDATA["to test register with valid and invalid credentials"]]>
              </value>
            </param>
          </params>
          <reporter-output>
          </reporter-output>
        </test-method> <!-- runScenario -->
        <test-method signature="runScenario(io.cucumber.testng.PickleWrapper,io.cucumber.testng.FeatureWrapper)[pri:0, instance:runner.TestRunner@5be1d0a4]" started-at="2023-10-02T23:42:31 EDT" name="runScenario" description="Runs Cucumber Scenarios" data-provider="scenarios" finished-at="2023-10-02T23:42:32 EDT" duration-ms="442" status="PASS">
          <params>
            <param index="0">
              <value>
                <![CDATA["check logging with valid username and leaving password field empty"]]>
              </value>
            </param>
            <param index="1">
              <value>
                <![CDATA["to test register with valid and invalid credentials"]]>
              </value>
            </param>
          </params>
          <reporter-output>
          </reporter-output>
        </test-method> <!-- runScenario -->
        <test-method signature="runScenario(io.cucumber.testng.PickleWrapper,io.cucumber.testng.FeatureWrapper)[pri:0, instance:runner.TestRunner@5be1d0a4]" started-at="2023-10-02T23:42:32 EDT" name="runScenario" description="Runs Cucumber Scenarios" data-provider="scenarios" finished-at="2023-10-02T23:42:32 EDT" duration-ms="383" status="PASS">
          <params>
            <param index="0">
              <value>
                <![CDATA["check logging with valid password  and leaving username field empty"]]>
              </value>
            </param>
            <param index="1">
              <value>
                <![CDATA["to test register with valid and invalid credentials"]]>
              </value>
            </param>
          </params>
          <reporter-output>
          </reporter-output>
        </test-method> <!-- runScenario -->
        <test-method signature="runScenario(io.cucumber.testng.PickleWrapper,io.cucumber.testng.FeatureWrapper)[pri:0, instance:runner.TestRunner@5be1d0a4]" started-at="2023-10-02T23:42:32 EDT" name="runScenario" description="Runs Cucumber Scenarios" data-provider="scenarios" finished-at="2023-10-02T23:42:33 EDT" duration-ms="346" status="PASS">
          <params>
            <param index="0">
              <value>
                <![CDATA["check logging with valid password  and username but leaving confirm password field empty"]]>
              </value>
            </param>
            <param index="1">
              <value>
                <![CDATA["to test register with valid and invalid credentials"]]>
              </value>
            </param>
          </params>
          <reporter-output>
          </reporter-output>
        </test-method> <!-- runScenario -->
        <test-method signature="runScenario(io.cucumber.testng.PickleWrapper,io.cucumber.testng.FeatureWrapper)[pri:0, instance:runner.TestRunner@5be1d0a4]" started-at="2023-10-02T23:42:33 EDT" name="runScenario" description="Runs Cucumber Scenarios" data-provider="scenarios" finished-at="2023-10-02T23:42:33 EDT" duration-ms="434" status="PASS">
          <params>
            <param index="0">
              <value>
                <![CDATA["Check register with similar usename and password"]]>
              </value>
            </param>
            <param index="1">
              <value>
                <![CDATA["to test register with valid and invalid credentials"]]>
              </value>
            </param>
          </params>
          <reporter-output>
          </reporter-output>
        </test-method> <!-- runScenario -->
        <test-method signature="runScenario(io.cucumber.testng.PickleWrapper,io.cucumber.testng.FeatureWrapper)[pri:0, instance:runner.TestRunner@5be1d0a4]" started-at="2023-10-02T23:42:33 EDT" name="runScenario" description="Runs Cucumber Scenarios" data-provider="scenarios" finished-at="2023-10-02T23:42:34 EDT" duration-ms="570" status="FAIL">
          <params>
            <param index="0">
              <value>
                <![CDATA["Check register with password minimum length"]]>
              </value>
            </param>
            <param index="1">
              <value>
                <![CDATA["to test register with valid and invalid credentials"]]>
              </value>
            </param>
          </params>
          <exception class="java.lang.AssertionError">
            <message>
              <![CDATA[expected [Your password must contain at least 8 characters.] but found [password_mismatch:The two password fields didn’t match.]]]>
            </message>
            <full-stacktrace>
              <![CDATA[java.lang.AssertionError: expected [Your password must contain at least 8 characters.] but found [password_mismatch:The two password fields didn’t match.]
at org.testng.Assert.fail(Assert.java:111)
at org.testng.Assert.failNotEquals(Assert.java:1578)
at org.testng.Assert.assertEqualsImpl(Assert.java:150)
at org.testng.Assert.assertEquals(Assert.java:132)
at org.testng.Assert.assertEquals(Assert.java:656)
at org.testng.Assert.assertEquals(Assert.java:666)
at utilities.UtlityFunctions.check_text(UtlityFunctions.java:60)
at pageObjects.Register_POM.enter_password_less_than_eight_msg(Register_POM.java:114)
at step_definition.Register_SD.your_password_must_contain_at_least_characters_message_should_display(Register_SD.java:155)
at ✽.Your password must contain at least 8 characters message should display(file:///C:/Users/bobby/eclipse-workspace/ds-algo-quality-way/src/test/resources/features/02Register.feature:66)
]]>
            </full-stacktrace>
          </exception> <!-- java.lang.AssertionError -->
          <reporter-output>
          </reporter-output>
        </test-method> <!-- runScenario -->
        <test-method signature="runScenario(io.cucumber.testng.PickleWrapper,io.cucumber.testng.FeatureWrapper)[pri:0, instance:runner.TestRunner@5be1d0a4]" started-at="2023-10-02T23:42:34 EDT" name="runScenario" description="Runs Cucumber Scenarios" data-provider="scenarios" finished-at="2023-10-02T23:42:34 EDT" duration-ms="529" status="FAIL">
          <params>
            <param index="0">
              <value>
                <![CDATA["Check register with password characters"]]>
              </value>
            </param>
            <param index="1">
              <value>
                <![CDATA["to test register with valid and invalid credentials"]]>
              </value>
            </param>
          </params>
          <exception class="java.lang.AssertionError">
            <message>
              <![CDATA[expected [Your password can’t be entirely numeric.] but found [password_mismatch:The two password fields didn’t match.]]]>
            </message>
            <full-stacktrace>
              <![CDATA[java.lang.AssertionError: expected [Your password can’t be entirely numeric.] but found [password_mismatch:The two password fields didn’t match.]
at org.testng.Assert.fail(Assert.java:111)
at org.testng.Assert.failNotEquals(Assert.java:1578)
at org.testng.Assert.assertEqualsImpl(Assert.java:150)
at org.testng.Assert.assertEquals(Assert.java:132)
at org.testng.Assert.assertEquals(Assert.java:656)
at org.testng.Assert.assertEquals(Assert.java:666)
at utilities.UtlityFunctions.check_text(UtlityFunctions.java:60)
at pageObjects.Register_POM.enter_password_only_numeric_msg(Register_POM.java:120)
at step_definition.Register_SD.your_password_can_not_be_entirely_numeric_message_should_display(Register_SD.java:178)
at ✽.Your password can not be entirely numeric message should display(file:///C:/Users/bobby/eclipse-workspace/ds-algo-quality-way/src/test/resources/features/02Register.feature:73)
]]>
            </full-stacktrace>
          </exception> <!-- java.lang.AssertionError -->
          <reporter-output>
          </reporter-output>
        </test-method> <!-- runScenario -->
        <test-method signature="runScenario(io.cucumber.testng.PickleWrapper,io.cucumber.testng.FeatureWrapper)[pri:0, instance:runner.TestRunner@5be1d0a4]" started-at="2023-10-02T23:42:34 EDT" name="runScenario" description="Runs Cucumber Scenarios" data-provider="scenarios" finished-at="2023-10-02T23:42:35 EDT" duration-ms="605" status="PASS">
          <params>
            <param index="0">
              <value>
                <![CDATA["password mismatch"]]>
              </value>
            </param>
            <param index="1">
              <value>
                <![CDATA["to test register with valid and invalid credentials"]]>
              </value>
            </param>
          </params>
          <reporter-output>
          </reporter-output>
        </test-method> <!-- runScenario -->
        <test-method signature="runScenario(io.cucumber.testng.PickleWrapper,io.cucumber.testng.FeatureWrapper)[pri:0, instance:runner.TestRunner@5be1d0a4]" started-at="2023-10-02T23:42:35 EDT" name="runScenario" description="Runs Cucumber Scenarios" data-provider="scenarios" finished-at="2023-10-02T23:42:35 EDT" duration-ms="554" status="FAIL">
          <params>
            <param index="0">
              <value>
                <![CDATA["Try to register with already existing user"]]>
              </value>
            </param>
            <param index="1">
              <value>
                <![CDATA["to test register with valid and invalid credentials"]]>
              </value>
            </param>
          </params>
          <exception class="java.lang.AssertionError">
            <message>
              <![CDATA[expected [User already exists] but found [password_mismatch:The two password fields didn’t match.]]]>
            </message>
            <full-stacktrace>
              <![CDATA[java.lang.AssertionError: expected [User already exists] but found [password_mismatch:The two password fields didn’t match.]
at org.testng.Assert.fail(Assert.java:111)
at org.testng.Assert.failNotEquals(Assert.java:1578)
at org.testng.Assert.assertEqualsImpl(Assert.java:150)
at org.testng.Assert.assertEquals(Assert.java:132)
at org.testng.Assert.assertEquals(Assert.java:656)
at org.testng.Assert.assertEquals(Assert.java:666)
at utilities.UtlityFunctions.check_text(UtlityFunctions.java:60)
at pageObjects.Register_POM.enter_existing_username_msg(Register_POM.java:132)
at step_definition.Register_SD.user_already_exists_message_should_appears(Register_SD.java:228)
at ✽.user already exists message should appears.(file:///C:/Users/bobby/eclipse-workspace/ds-algo-quality-way/src/test/resources/features/02Register.feature:89)
]]>
            </full-stacktrace>
          </exception> <!-- java.lang.AssertionError -->
          <reporter-output>
          </reporter-output>
        </test-method> <!-- runScenario -->
        <test-method signature="runScenario(io.cucumber.testng.PickleWrapper,io.cucumber.testng.FeatureWrapper)[pri:0, instance:runner.TestRunner@5be1d0a4]" started-at="2023-10-02T23:42:35 EDT" name="runScenario" description="Runs Cucumber Scenarios" data-provider="scenarios" finished-at="2023-10-02T23:42:36 EDT" duration-ms="380" status="PASS">
          <params>
            <param index="0">
              <value>
                <![CDATA["Check login link from register page"]]>
              </value>
            </param>
            <param index="1">
              <value>
                <![CDATA["to test register with valid and invalid credentials"]]>
              </value>
            </param>
          </params>
          <reporter-output>
          </reporter-output>
        </test-method> <!-- runScenario -->
        <test-method signature="runScenario(io.cucumber.testng.PickleWrapper,io.cucumber.testng.FeatureWrapper)[pri:0, instance:runner.TestRunner@5be1d0a4]" started-at="2023-10-02T23:42:36 EDT" name="runScenario" description="Runs Cucumber Scenarios" data-provider="scenarios" finished-at="2023-10-02T23:42:36 EDT" duration-ms="539" status="FAIL">
          <params>
            <param index="0">
              <value>
                <![CDATA["Check register is successful with valid credentials"]]>
              </value>
            </param>
            <param index="1">
              <value>
                <![CDATA["to test register with valid and invalid credentials"]]>
              </value>
            </param>
          </params>
          <exception class="java.lang.AssertionError">
            <message>
              <![CDATA[expected [https://dsportalapp.herokuapp.com/home] but found [https://dsportalapp.herokuapp.com/register]]]>
            </message>
            <full-stacktrace>
              <![CDATA[java.lang.AssertionError: expected [https://dsportalapp.herokuapp.com/home] but found [https://dsportalapp.herokuapp.com/register]
at org.testng.Assert.fail(Assert.java:111)
at org.testng.Assert.failNotEquals(Assert.java:1578)
at org.testng.Assert.assertEqualsImpl(Assert.java:150)
at org.testng.Assert.assertEquals(Assert.java:132)
at org.testng.Assert.assertEquals(Assert.java:656)
at org.testng.Assert.assertEquals(Assert.java:666)
at utilities.UtlityFunctions.check_url(UtlityFunctions.java:56)
at utilities.UtlityFunctions.check_url_home(UtlityFunctions.java:81)
at step_definition.Register_SD.user_will_navigate_to_home_page(Register_SD.java:270)
at ✽.user will navigate to home page(file:///C:/Users/bobby/eclipse-workspace/ds-algo-quality-way/src/test/resources/features/02Register.feature:102)
]]>
            </full-stacktrace>
          </exception> <!-- java.lang.AssertionError -->
          <reporter-output>
          </reporter-output>
        </test-method> <!-- runScenario -->
        <test-method signature="runScenario(io.cucumber.testng.PickleWrapper,io.cucumber.testng.FeatureWrapper)[pri:0, instance:runner.TestRunner@5be1d0a4]" started-at="2023-10-02T23:42:36 EDT" name="runScenario" description="Runs Cucumber Scenarios" data-provider="scenarios" finished-at="2023-10-02T23:42:37 EDT" duration-ms="247" status="PASS">
          <params>
            <param index="0">
              <value>
                <![CDATA["try logging with username and password fields empty"]]>
              </value>
            </param>
            <param index="1">
              <value>
                <![CDATA["to test login functionality"]]>
              </value>
            </param>
          </params>
          <reporter-output>
          </reporter-output>
        </test-method> <!-- runScenario -->
        <test-method signature="runScenario(io.cucumber.testng.PickleWrapper,io.cucumber.testng.FeatureWrapper)[pri:0, instance:runner.TestRunner@5be1d0a4]" started-at="2023-10-02T23:42:37 EDT" name="runScenario" description="Runs Cucumber Scenarios" data-provider="scenarios" finished-at="2023-10-02T23:42:37 EDT" duration-ms="239" status="PASS">
          <params>
            <param index="0">
              <value>
                <![CDATA["check logging with valid username and leaving password field empty"]]>
              </value>
            </param>
            <param index="1">
              <value>
                <![CDATA["to test login functionality"]]>
              </value>
            </param>
          </params>
          <reporter-output>
          </reporter-output>
        </test-method> <!-- runScenario -->
        <test-method signature="runScenario(io.cucumber.testng.PickleWrapper,io.cucumber.testng.FeatureWrapper)[pri:0, instance:runner.TestRunner@5be1d0a4]" started-at="2023-10-02T23:42:37 EDT" name="runScenario" description="Runs Cucumber Scenarios" data-provider="scenarios" finished-at="2023-10-02T23:42:37 EDT" duration-ms="242" status="PASS">
          <params>
            <param index="0">
              <value>
                <![CDATA["check logging with valid password  and leaving username field empty"]]>
              </value>
            </param>
            <param index="1">
              <value>
                <![CDATA["to test login functionality"]]>
              </value>
            </param>
          </params>
          <reporter-output>
          </reporter-output>
        </test-method> <!-- runScenario -->
        <test-method signature="runScenario(io.cucumber.testng.PickleWrapper,io.cucumber.testng.FeatureWrapper)[pri:0, instance:runner.TestRunner@5be1d0a4]" started-at="2023-10-02T23:42:37 EDT" name="runScenario" description="Runs Cucumber Scenarios" data-provider="scenarios" finished-at="2023-10-02T23:42:37 EDT" duration-ms="427" status="PASS">
          <params>
            <param index="0">
              <value>
                <![CDATA["Check login with non registered user"]]>
              </value>
            </param>
            <param index="1">
              <value>
                <![CDATA["to test login functionality"]]>
              </value>
            </param>
          </params>
          <reporter-output>
          </reporter-output>
        </test-method> <!-- runScenario -->
        <test-method signature="runScenario(io.cucumber.testng.PickleWrapper,io.cucumber.testng.FeatureWrapper)[pri:0, instance:runner.TestRunner@5be1d0a4]" started-at="2023-10-02T23:42:37 EDT" name="runScenario" description="Runs Cucumber Scenarios" data-provider="scenarios" finished-at="2023-10-02T23:42:38 EDT" duration-ms="526" status="PASS">
          <params>
            <param index="0">
              <value>
                <![CDATA["Check login with registered user with password incorrect"]]>
              </value>
            </param>
            <param index="1">
              <value>
                <![CDATA["to test login functionality"]]>
              </value>
            </param>
          </params>
          <reporter-output>
          </reporter-output>
        </test-method> <!-- runScenario -->
        <test-method signature="runScenario(io.cucumber.testng.PickleWrapper,io.cucumber.testng.FeatureWrapper)[pri:0, instance:runner.TestRunner@5be1d0a4]" started-at="2023-10-02T23:42:38 EDT" name="runScenario" description="Runs Cucumber Scenarios" data-provider="scenarios" finished-at="2023-10-02T23:42:39 EDT" duration-ms="524" status="PASS">
          <params>
            <param index="0">
              <value>
                <![CDATA["Check login with non registered user with username incorrect"]]>
              </value>
            </param>
            <param index="1">
              <value>
                <![CDATA["to test login functionality"]]>
              </value>
            </param>
          </params>
          <reporter-output>
          </reporter-output>
        </test-method> <!-- runScenario -->
        <test-method signature="runScenario(io.cucumber.testng.PickleWrapper,io.cucumber.testng.FeatureWrapper)[pri:0, instance:runner.TestRunner@5be1d0a4]" started-at="2023-10-02T23:42:39 EDT" name="runScenario" description="Runs Cucumber Scenarios" data-provider="scenarios" finished-at="2023-10-02T23:42:39 EDT" duration-ms="363" status="PASS">
          <params>
            <param index="0">
              <value>
                <![CDATA["Check register link from login page"]]>
              </value>
            </param>
            <param index="1">
              <value>
                <![CDATA["to test login functionality"]]>
              </value>
            </param>
          </params>
          <reporter-output>
          </reporter-output>
        </test-method> <!-- runScenario -->
        <test-method signature="runScenario(io.cucumber.testng.PickleWrapper,io.cucumber.testng.FeatureWrapper)[pri:0, instance:runner.TestRunner@5be1d0a4]" started-at="2023-10-02T23:42:39 EDT" name="runScenario" description="Runs Cucumber Scenarios" data-provider="scenarios" finished-at="2023-10-02T23:42:40 EDT" duration-ms="622" status="PASS">
          <params>
            <param index="0">
              <value>
                <![CDATA["Check login is successful with valid credentials"]]>
              </value>
            </param>
            <param index="1">
              <value>
                <![CDATA["to test login functionality"]]>
              </value>
            </param>
          </params>
          <reporter-output>
          </reporter-output>
        </test-method> <!-- runScenario -->
        <test-method signature="runScenario(io.cucumber.testng.PickleWrapper,io.cucumber.testng.FeatureWrapper)[pri:0, instance:runner.TestRunner@5be1d0a4]" started-at="2023-10-02T23:42:40 EDT" name="runScenario" description="Runs Cucumber Scenarios" data-provider="scenarios" finished-at="2023-10-02T23:42:40 EDT" duration-ms="301" status="PASS">
          <params>
            <param index="0">
              <value>
                <![CDATA["user enters into Array page after logged in"]]>
              </value>
            </param>
            <param index="1">
              <value>
                <![CDATA["To validate the  Array Page"]]>
              </value>
            </param>
          </params>
          <reporter-output>
          </reporter-output>
        </test-method> <!-- runScenario -->
        <test-method signature="runScenario(io.cucumber.testng.PickleWrapper,io.cucumber.testng.FeatureWrapper)[pri:0, instance:runner.TestRunner@5be1d0a4]" started-at="2023-10-02T23:42:40 EDT" name="runScenario" description="Runs Cucumber Scenarios" data-provider="scenarios" finished-at="2023-10-02T23:42:40 EDT" duration-ms="250" status="PASS">
          <params>
            <param index="0">
              <value>
                <![CDATA["An existing user logged in with valid credentials in homepage to check the option array from the datastructure drop down menu"]]>
              </value>
            </param>
            <param index="1">
              <value>
                <![CDATA["To validate the  Array Page"]]>
              </value>
            </param>
          </params>
          <reporter-output>
          </reporter-output>
        </test-method> <!-- runScenario -->
        <test-method signature="runScenario(io.cucumber.testng.PickleWrapper,io.cucumber.testng.FeatureWrapper)[pri:0, instance:runner.TestRunner@5be1d0a4]" started-at="2023-10-02T23:42:40 EDT" name="runScenario" description="Runs Cucumber Scenarios" data-provider="scenarios" finished-at="2023-10-02T23:42:40 EDT" duration-ms="324" status="PASS">
          <params>
            <param index="0">
              <value>
                <![CDATA["to test arrays-in-python page"]]>
              </value>
            </param>
            <param index="1">
              <value>
                <![CDATA["To validate the  Array Page"]]>
              </value>
            </param>
          </params>
          <reporter-output>
          </reporter-output>
        </test-method> <!-- runScenario -->
        <test-method signature="runScenario(io.cucumber.testng.PickleWrapper,io.cucumber.testng.FeatureWrapper)[pri:0, instance:runner.TestRunner@5be1d0a4]" started-at="2023-10-02T23:42:40 EDT" name="runScenario" description="Runs Cucumber Scenarios" data-provider="scenarios" finished-at="2023-10-02T23:42:41 EDT" duration-ms="446" status="PASS">
          <params>
            <param index="0">
              <value>
                <![CDATA["A logged in user is in the  arrays-in-python page page to check tryeditor"]]>
              </value>
            </param>
            <param index="1">
              <value>
                <![CDATA["To validate the  Array Page"]]>
              </value>
            </param>
          </params>
          <reporter-output>
          </reporter-output>
        </test-method> <!-- runScenario -->
        <test-method signature="runScenario(io.cucumber.testng.PickleWrapper,io.cucumber.testng.FeatureWrapper)[pri:0, instance:runner.TestRunner@5be1d0a4]" started-at="2023-10-02T23:42:41 EDT" name="runScenario" description="Runs Cucumber Scenarios" data-provider="scenarios" finished-at="2023-10-02T23:42:41 EDT" duration-ms="395" status="PASS">
          <params>
            <param index="0">
              <value>
                <![CDATA["A logged in user is in the tryEditor page from  arrays-in-python page to check valid java code"]]>
              </value>
            </param>
            <param index="1">
              <value>
                <![CDATA["To validate the  Array Page"]]>
              </value>
            </param>
          </params>
          <reporter-output>
          </reporter-output>
        </test-method> <!-- runScenario -->
        <test-method signature="runScenario(io.cucumber.testng.PickleWrapper,io.cucumber.testng.FeatureWrapper)[pri:0, instance:runner.TestRunner@5be1d0a4]" started-at="2023-10-02T23:42:41 EDT" name="runScenario" description="Runs Cucumber Scenarios" data-provider="scenarios" finished-at="2023-10-02T23:42:42 EDT" duration-ms="461" status="PASS">
          <params>
            <param index="0">
              <value>
                <![CDATA["to test writing invalid code in tryEditor"]]>
              </value>
            </param>
            <param index="1">
              <value>
                <![CDATA["To validate the  Array Page"]]>
              </value>
            </param>
          </params>
          <reporter-output>
          </reporter-output>
        </test-method> <!-- runScenario -->
        <test-method signature="runScenario(io.cucumber.testng.PickleWrapper,io.cucumber.testng.FeatureWrapper)[pri:0, instance:runner.TestRunner@5be1d0a4]" started-at="2023-10-02T23:42:42 EDT" name="runScenario" description="Runs Cucumber Scenarios" data-provider="scenarios" finished-at="2023-10-02T23:42:42 EDT" duration-ms="385" status="PASS">
          <params>
            <param index="0">
              <value>
                <![CDATA["to test writing valid code in the try Editor"]]>
              </value>
            </param>
            <param index="1">
              <value>
                <![CDATA["To validate the  Array Page"]]>
              </value>
            </param>
          </params>
          <reporter-output>
          </reporter-output>
        </test-method> <!-- runScenario -->
        <test-method signature="runScenario(io.cucumber.testng.PickleWrapper,io.cucumber.testng.FeatureWrapper)[pri:0, instance:runner.TestRunner@5be1d0a4]" started-at="2023-10-02T23:42:42 EDT" name="runScenario" description="Runs Cucumber Scenarios" data-provider="scenarios" finished-at="2023-10-02T23:42:43 EDT" duration-ms="426" status="PASS">
          <params>
            <param index="0">
              <value>
                <![CDATA["to click Arrays Using List text and navigate into arrays-using-list page after logged in"]]>
              </value>
            </param>
            <param index="1">
              <value>
                <![CDATA["To validate the  Array Page"]]>
              </value>
            </param>
          </params>
          <reporter-output>
          </reporter-output>
        </test-method> <!-- runScenario -->
        <test-method signature="runScenario(io.cucumber.testng.PickleWrapper,io.cucumber.testng.FeatureWrapper)[pri:0, instance:runner.TestRunner@5be1d0a4]" started-at="2023-10-02T23:42:43 EDT" name="runScenario" description="Runs Cucumber Scenarios" data-provider="scenarios" finished-at="2023-10-02T23:42:43 EDT" duration-ms="259" status="PASS">
          <params>
            <param index="0">
              <value>
                <![CDATA["A logged in user is in the  arrays-using-list page to check tryeditor"]]>
              </value>
            </param>
            <param index="1">
              <value>
                <![CDATA["To validate the  Array Page"]]>
              </value>
            </param>
          </params>
          <reporter-output>
          </reporter-output>
        </test-method> <!-- runScenario -->
        <test-method signature="runScenario(io.cucumber.testng.PickleWrapper,io.cucumber.testng.FeatureWrapper)[pri:0, instance:runner.TestRunner@5be1d0a4]" started-at="2023-10-02T23:42:43 EDT" name="runScenario" description="Runs Cucumber Scenarios" data-provider="scenarios" finished-at="2023-10-02T23:42:43 EDT" duration-ms="323" status="PASS">
          <params>
            <param index="0">
              <value>
                <![CDATA["A logged in user is in the tryEditor page from  arrays-using-list page to check valid java code"]]>
              </value>
            </param>
            <param index="1">
              <value>
                <![CDATA["To validate the  Array Page"]]>
              </value>
            </param>
          </params>
          <reporter-output>
          </reporter-output>
        </test-method> <!-- runScenario -->
        <test-method signature="runScenario(io.cucumber.testng.PickleWrapper,io.cucumber.testng.FeatureWrapper)[pri:0, instance:runner.TestRunner@5be1d0a4]" started-at="2023-10-02T23:42:43 EDT" name="runScenario" description="Runs Cucumber Scenarios" data-provider="scenarios" finished-at="2023-10-02T23:42:44 EDT" duration-ms="400" status="PASS">
          <params>
            <param index="0">
              <value>
                <![CDATA["to test writing invalid code in tryEditor"]]>
              </value>
            </param>
            <param index="1">
              <value>
                <![CDATA["To validate the  Array Page"]]>
              </value>
            </param>
          </params>
          <reporter-output>
          </reporter-output>
        </test-method> <!-- runScenario -->
        <test-method signature="runScenario(io.cucumber.testng.PickleWrapper,io.cucumber.testng.FeatureWrapper)[pri:0, instance:runner.TestRunner@5be1d0a4]" started-at="2023-10-02T23:42:44 EDT" name="runScenario" description="Runs Cucumber Scenarios" data-provider="scenarios" finished-at="2023-10-02T23:42:44 EDT" duration-ms="396" status="PASS">
          <params>
            <param index="0">
              <value>
                <![CDATA["to test writing valid code in the try Editor"]]>
              </value>
            </param>
            <param index="1">
              <value>
                <![CDATA["To validate the  Array Page"]]>
              </value>
            </param>
          </params>
          <reporter-output>
          </reporter-output>
        </test-method> <!-- runScenario -->
        <test-method signature="runScenario(io.cucumber.testng.PickleWrapper,io.cucumber.testng.FeatureWrapper)[pri:0, instance:runner.TestRunner@5be1d0a4]" started-at="2023-10-02T23:42:44 EDT" name="runScenario" description="Runs Cucumber Scenarios" data-provider="scenarios" finished-at="2023-10-02T23:42:44 EDT" duration-ms="429" status="PASS">
          <params>
            <param index="0">
              <value>
                <![CDATA["to navigate into Basic Operations in Lists Page"]]>
              </value>
            </param>
            <param index="1">
              <value>
                <![CDATA["To validate the  Array Page"]]>
              </value>
            </param>
          </params>
          <reporter-output>
          </reporter-output>
        </test-method> <!-- runScenario -->
        <test-method signature="runScenario(io.cucumber.testng.PickleWrapper,io.cucumber.testng.FeatureWrapper)[pri:0, instance:runner.TestRunner@5be1d0a4]" started-at="2023-10-02T23:42:44 EDT" name="runScenario" description="Runs Cucumber Scenarios" data-provider="scenarios" finished-at="2023-10-02T23:42:45 EDT" duration-ms="229" status="PASS">
          <params>
            <param index="0">
              <value>
                <![CDATA["A logged in user is in the  basic-operations-in-lists page to check tryeditor"]]>
              </value>
            </param>
            <param index="1">
              <value>
                <![CDATA["To validate the  Array Page"]]>
              </value>
            </param>
          </params>
          <reporter-output>
          </reporter-output>
        </test-method> <!-- runScenario -->
        <test-method signature="runScenario(io.cucumber.testng.PickleWrapper,io.cucumber.testng.FeatureWrapper)[pri:0, instance:runner.TestRunner@5be1d0a4]" started-at="2023-10-02T23:42:45 EDT" name="runScenario" description="Runs Cucumber Scenarios" data-provider="scenarios" finished-at="2023-10-02T23:42:45 EDT" duration-ms="324" status="PASS">
          <params>
            <param index="0">
              <value>
                <![CDATA["A logged in user is in the tryEditor page from  basic-operations-in-lists page to check valid java code"]]>
              </value>
            </param>
            <param index="1">
              <value>
                <![CDATA["To validate the  Array Page"]]>
              </value>
            </param>
          </params>
          <reporter-output>
          </reporter-output>
        </test-method> <!-- runScenario -->
        <test-method signature="runScenario(io.cucumber.testng.PickleWrapper,io.cucumber.testng.FeatureWrapper)[pri:0, instance:runner.TestRunner@5be1d0a4]" started-at="2023-10-02T23:42:45 EDT" name="runScenario" description="Runs Cucumber Scenarios" data-provider="scenarios" finished-at="2023-10-02T23:42:45 EDT" duration-ms="409" status="PASS">
          <params>
            <param index="0">
              <value>
                <![CDATA["to test writing invalid code in tryEditor for basic-operations-in-lists"]]>
              </value>
            </param>
            <param index="1">
              <value>
                <![CDATA["To validate the  Array Page"]]>
              </value>
            </param>
          </params>
          <reporter-output>
          </reporter-output>
        </test-method> <!-- runScenario -->
        <test-method signature="runScenario(io.cucumber.testng.PickleWrapper,io.cucumber.testng.FeatureWrapper)[pri:0, instance:runner.TestRunner@5be1d0a4]" started-at="2023-10-02T23:42:45 EDT" name="runScenario" description="Runs Cucumber Scenarios" data-provider="scenarios" finished-at="2023-10-02T23:42:46 EDT" duration-ms="386" status="PASS">
          <params>
            <param index="0">
              <value>
                <![CDATA["to test writing valid code in the try Editor for basic-operations-in-lists"]]>
              </value>
            </param>
            <param index="1">
              <value>
                <![CDATA["To validate the  Array Page"]]>
              </value>
            </param>
          </params>
          <reporter-output>
          </reporter-output>
        </test-method> <!-- runScenario -->
        <test-method signature="runScenario(io.cucumber.testng.PickleWrapper,io.cucumber.testng.FeatureWrapper)[pri:0, instance:runner.TestRunner@5be1d0a4]" started-at="2023-10-02T23:42:46 EDT" name="runScenario" description="Runs Cucumber Scenarios" data-provider="scenarios" finished-at="2023-10-02T23:42:46 EDT" duration-ms="393" status="PASS">
          <params>
            <param index="0">
              <value>
                <![CDATA["to navigate into Applications of Array page"]]>
              </value>
            </param>
            <param index="1">
              <value>
                <![CDATA["To validate the  Array Page"]]>
              </value>
            </param>
          </params>
          <reporter-output>
          </reporter-output>
        </test-method> <!-- runScenario -->
        <test-method signature="runScenario(io.cucumber.testng.PickleWrapper,io.cucumber.testng.FeatureWrapper)[pri:0, instance:runner.TestRunner@5be1d0a4]" started-at="2023-10-02T23:42:46 EDT" name="runScenario" description="Runs Cucumber Scenarios" data-provider="scenarios" finished-at="2023-10-02T23:42:46 EDT" duration-ms="233" status="PASS">
          <params>
            <param index="0">
              <value>
                <![CDATA["A logged in user is in the applications-of-array page to check tryeditor"]]>
              </value>
            </param>
            <param index="1">
              <value>
                <![CDATA["To validate the  Array Page"]]>
              </value>
            </param>
          </params>
          <reporter-output>
          </reporter-output>
        </test-method> <!-- runScenario -->
        <test-method signature="runScenario(io.cucumber.testng.PickleWrapper,io.cucumber.testng.FeatureWrapper)[pri:0, instance:runner.TestRunner@5be1d0a4]" started-at="2023-10-02T23:42:46 EDT" name="runScenario" description="Runs Cucumber Scenarios" data-provider="scenarios" finished-at="2023-10-02T23:42:47 EDT" duration-ms="323" status="PASS">
          <params>
            <param index="0">
              <value>
                <![CDATA["A logged in user is in the tryEditor page from  applications-of-array page to check valid java code"]]>
              </value>
            </param>
            <param index="1">
              <value>
                <![CDATA["To validate the  Array Page"]]>
              </value>
            </param>
          </params>
          <reporter-output>
          </reporter-output>
        </test-method> <!-- runScenario -->
        <test-method signature="runScenario(io.cucumber.testng.PickleWrapper,io.cucumber.testng.FeatureWrapper)[pri:0, instance:runner.TestRunner@5be1d0a4]" started-at="2023-10-02T23:42:47 EDT" name="runScenario" description="Runs Cucumber Scenarios" data-provider="scenarios" finished-at="2023-10-02T23:42:47 EDT" duration-ms="405" status="PASS">
          <params>
            <param index="0">
              <value>
                <![CDATA["to test writing invalid code in tryEditor for applications-of-array"]]>
              </value>
            </param>
            <param index="1">
              <value>
                <![CDATA["To validate the  Array Page"]]>
              </value>
            </param>
          </params>
          <reporter-output>
          </reporter-output>
        </test-method> <!-- runScenario -->
        <test-method signature="runScenario(io.cucumber.testng.PickleWrapper,io.cucumber.testng.FeatureWrapper)[pri:0, instance:runner.TestRunner@5be1d0a4]" started-at="2023-10-02T23:42:47 EDT" name="runScenario" description="Runs Cucumber Scenarios" data-provider="scenarios" finished-at="2023-10-02T23:42:48 EDT" duration-ms="419" status="PASS">
          <params>
            <param index="0">
              <value>
                <![CDATA["to test writing valid code in the try Editor for applications-of-array"]]>
              </value>
            </param>
            <param index="1">
              <value>
                <![CDATA["To validate the  Array Page"]]>
              </value>
            </param>
          </params>
          <reporter-output>
          </reporter-output>
        </test-method> <!-- runScenario -->
        <test-method signature="runScenario(io.cucumber.testng.PickleWrapper,io.cucumber.testng.FeatureWrapper)[pri:0, instance:runner.TestRunner@5be1d0a4]" started-at="2023-10-02T23:42:48 EDT" name="runScenario" description="Runs Cucumber Scenarios" data-provider="scenarios" finished-at="2023-10-02T23:42:48 EDT" duration-ms="350" status="PASS">
          <params>
            <param index="0">
              <value>
                <![CDATA["A logged in user is in the applications-of-array  page to check practice questions Page for array page"]]>
              </value>
            </param>
            <param index="1">
              <value>
                <![CDATA["To validate the  Array Page"]]>
              </value>
            </param>
          </params>
          <reporter-output>
          </reporter-output>
        </test-method> <!-- runScenario -->
        <test-method signature="runScenario(io.cucumber.testng.PickleWrapper,io.cucumber.testng.FeatureWrapper)[pri:0, instance:runner.TestRunner@5be1d0a4]" started-at="2023-10-02T23:42:48 EDT" name="runScenario" description="Runs Cucumber Scenarios" data-provider="scenarios" finished-at="2023-10-02T23:42:48 EDT" duration-ms="334" status="PASS">
          <params>
            <param index="0">
              <value>
                <![CDATA["The user already in practice questions Page to check links"]]>
              </value>
            </param>
            <param index="1">
              <value>
                <![CDATA["To validate the  Array Page"]]>
              </value>
            </param>
          </params>
          <reporter-output>
          </reporter-output>
        </test-method> <!-- runScenario -->
        <test-method signature="runScenario(io.cucumber.testng.PickleWrapper,io.cucumber.testng.FeatureWrapper)[pri:0, instance:runner.TestRunner@5be1d0a4]" started-at="2023-10-02T23:42:48 EDT" name="runScenario" description="Runs Cucumber Scenarios" data-provider="scenarios" finished-at="2023-10-02T23:42:49 EDT" duration-ms="401" status="PASS">
          <params>
            <param index="0">
              <value>
                <![CDATA["The user already in practice questions Page to check Max Consecutive Ones link"]]>
              </value>
            </param>
            <param index="1">
              <value>
                <![CDATA["To validate the  Array Page"]]>
              </value>
            </param>
          </params>
          <reporter-output>
          </reporter-output>
        </test-method> <!-- runScenario -->
        <test-method signature="runScenario(io.cucumber.testng.PickleWrapper,io.cucumber.testng.FeatureWrapper)[pri:0, instance:runner.TestRunner@5be1d0a4]" started-at="2023-10-02T23:42:49 EDT" name="runScenario" description="Runs Cucumber Scenarios" data-provider="scenarios" finished-at="2023-10-02T23:42:49 EDT" duration-ms="436" status="PASS">
          <params>
            <param index="0">
              <value>
                <![CDATA["The user already in practice questions Page to check Find Numbers with Even Number of Digits link"]]>
              </value>
            </param>
            <param index="1">
              <value>
                <![CDATA["To validate the  Array Page"]]>
              </value>
            </param>
          </params>
          <reporter-output>
          </reporter-output>
        </test-method> <!-- runScenario -->
        <test-method signature="runScenario(io.cucumber.testng.PickleWrapper,io.cucumber.testng.FeatureWrapper)[pri:0, instance:runner.TestRunner@5be1d0a4]" started-at="2023-10-02T23:42:49 EDT" name="runScenario" description="Runs Cucumber Scenarios" data-provider="scenarios" finished-at="2023-10-02T23:42:50 EDT" duration-ms="433" status="PASS">
          <params>
            <param index="0">
              <value>
                <![CDATA["The user already in practice questions Page to check Squares of a Sorted Array links"]]>
              </value>
            </param>
            <param index="1">
              <value>
                <![CDATA["To validate the  Array Page"]]>
              </value>
            </param>
          </params>
          <reporter-output>
          </reporter-output>
        </test-method> <!-- runScenario -->
        <test-method is-config="true" signature="tearDownClass()[pri:0, instance:runner.TestRunner@5be1d0a4]" started-at="2023-10-02T23:42:50 EDT" name="tearDownClass" finished-at="2023-10-02T23:42:50 EDT" duration-ms="22" status="PASS">
          <reporter-output>
          </reporter-output>
        </test-method> <!-- tearDownClass -->
      </class> <!-- runner.TestRunner -->
    </test> <!-- Default test -->
  </suite> <!-- Default suite -->
</testng-results>
