<?xml version="1.0" encoding="UTF-8"?>
<testng-results ignored="0" total="94" passed="90" failed="4" skipped="0">
  <reporter-output>
  </reporter-output>
  <suite started-at="2023-09-27T14:42:02 EDT" name="Default suite" finished-at="2023-09-27T14:42:40 EDT" duration-ms="37752">
    <groups>
      <group name="cucumber">
        <method signature="AbstractTestNGCucumberTests.runScenario(io.cucumber.testng.PickleWrapper,io.cucumber.testng.FeatureWrapper)[pri:0, instance:runner.TestRunner@7eac9008]" name="runScenario" class="io.cucumber.testng.AbstractTestNGCucumberTests"/>
      </group> <!-- cucumber -->
    </groups>
    <test started-at="2023-09-27T14:42:02 EDT" name="Default test" finished-at="2023-09-27T14:42:40 EDT" duration-ms="37752">
      <class name="runner.TestRunner">
        <test-method is-config="true" signature="setUpClass(org.testng.ITestContext)[pri:0, instance:runner.TestRunner@7eac9008]" started-at="2023-09-27T14:42:02 EDT" name="setUpClass" finished-at="2023-09-27T14:42:03 EDT" duration-ms="703" status="PASS">
          <params>
            <param index="0">
              <value>
                <![CDATA[org.testng.TestRunner@6297cb4b]]>
              </value>
            </param>
          </params>
          <reporter-output>
          </reporter-output>
        </test-method> <!-- setUpClass -->
        <test-method signature="runScenario(io.cucumber.testng.PickleWrapper,io.cucumber.testng.FeatureWrapper)[pri:0, instance:runner.TestRunner@7eac9008]" started-at="2023-09-27T14:42:03 EDT" name="runScenario" description="Runs Cucumber Scenarios" data-provider="scenarios" finished-at="2023-09-27T14:42:07 EDT" duration-ms="4197" status="PASS">
          <params>
            <param index="0">
              <value>
                <![CDATA["open home page"]]>
              </value>
            </param>
            <param index="1">
              <value>
                <![CDATA["to test functionality of home page"]]>
              </value>
            </param>
          </params>
          <reporter-output>
          </reporter-output>
        </test-method> <!-- runScenario -->
        <test-method signature="runScenario(io.cucumber.testng.PickleWrapper,io.cucumber.testng.FeatureWrapper)[pri:0, instance:runner.TestRunner@7eac9008]" started-at="2023-09-27T14:42:07 EDT" name="runScenario" description="Runs Cucumber Scenarios" data-provider="scenarios" finished-at="2023-09-27T14:42:07 EDT" duration-ms="457" status="PASS">
          <params>
            <param index="0">
              <value>
                <![CDATA["get started button to go to home page"]]>
              </value>
            </param>
            <param index="1">
              <value>
                <![CDATA["to test functionality of home page"]]>
              </value>
            </param>
          </params>
          <reporter-output>
          </reporter-output>
        </test-method> <!-- runScenario -->
        <test-method signature="runScenario(io.cucumber.testng.PickleWrapper,io.cucumber.testng.FeatureWrapper)[pri:0, instance:runner.TestRunner@7eac9008]" started-at="2023-09-27T14:42:07 EDT" name="runScenario" description="Runs Cucumber Scenarios" data-provider="scenarios" finished-at="2023-09-27T14:42:07 EDT" duration-ms="95" status="PASS">
          <params>
            <param index="0">
              <value>
                <![CDATA["The user already on DS Algo portal page drop down with Data structures"]]>
              </value>
            </param>
            <param index="1">
              <value>
                <![CDATA["to test functionality of home page"]]>
              </value>
            </param>
          </params>
          <reporter-output>
          </reporter-output>
        </test-method> <!-- runScenario -->
        <test-method signature="runScenario(io.cucumber.testng.PickleWrapper,io.cucumber.testng.FeatureWrapper)[pri:0, instance:runner.TestRunner@7eac9008]" started-at="2023-09-27T14:42:07 EDT" name="runScenario" description="Runs Cucumber Scenarios" data-provider="scenarios" finished-at="2023-09-27T14:42:08 EDT" duration-ms="304" status="PASS">
          <params>
            <param index="0">
              <value>
                <![CDATA["select one item from drop down without sign in"]]>
              </value>
            </param>
            <param index="1">
              <value>
                <![CDATA["to test functionality of home page"]]>
              </value>
            </param>
          </params>
          <reporter-output>
          </reporter-output>
        </test-method> <!-- runScenario -->
        <test-method signature="runScenario(io.cucumber.testng.PickleWrapper,io.cucumber.testng.FeatureWrapper)[pri:0, instance:runner.TestRunner@7eac9008]" started-at="2023-09-27T14:42:08 EDT" name="runScenario" description="Runs Cucumber Scenarios" data-provider="scenarios" finished-at="2023-09-27T14:42:08 EDT" duration-ms="233" status="PASS">
          <params>
            <param index="0">
              <value>
                <![CDATA["select one item from home page without sign in"]]>
              </value>
            </param>
            <param index="1">
              <value>
                <![CDATA["to test functionality of home page"]]>
              </value>
            </param>
          </params>
          <reporter-output>
          </reporter-output>
        </test-method> <!-- runScenario -->
        <test-method signature="runScenario(io.cucumber.testng.PickleWrapper,io.cucumber.testng.FeatureWrapper)[pri:0, instance:runner.TestRunner@7eac9008]" started-at="2023-09-27T14:42:08 EDT" name="runScenario" description="Runs Cucumber Scenarios" data-provider="scenarios" finished-at="2023-09-27T14:42:08 EDT" duration-ms="223" status="PASS">
          <params>
            <param index="0">
              <value>
                <![CDATA["The user already on DS Algo portal page and user try to go to sign in page"]]>
              </value>
            </param>
            <param index="1">
              <value>
                <![CDATA["to test functionality of home page"]]>
              </value>
            </param>
          </params>
          <reporter-output>
          </reporter-output>
        </test-method> <!-- runScenario -->
        <test-method signature="runScenario(io.cucumber.testng.PickleWrapper,io.cucumber.testng.FeatureWrapper)[pri:0, instance:runner.TestRunner@7eac9008]" started-at="2023-09-27T14:42:08 EDT" name="runScenario" description="Runs Cucumber Scenarios" data-provider="scenarios" finished-at="2023-09-27T14:42:08 EDT" duration-ms="209" status="PASS">
          <params>
            <param index="0">
              <value>
                <![CDATA["The user already on DS Algo portal page and the user try to go to sign in page"]]>
              </value>
            </param>
            <param index="1">
              <value>
                <![CDATA["to test functionality of home page"]]>
              </value>
            </param>
          </params>
          <reporter-output>
          </reporter-output>
        </test-method> <!-- runScenario -->
        <test-method signature="runScenario(io.cucumber.testng.PickleWrapper,io.cucumber.testng.FeatureWrapper)[pri:0, instance:runner.TestRunner@7eac9008]" started-at="2023-09-27T14:42:08 EDT" name="runScenario" description="Runs Cucumber Scenarios" data-provider="scenarios" finished-at="2023-09-27T14:42:09 EDT" duration-ms="322" status="PASS">
          <params>
            <param index="0">
              <value>
                <![CDATA["try register with username and password and confirm password fields empty"]]>
              </value>
            </param>
            <param index="1">
              <value>
                <![CDATA["to test register with valid and invalid credentials"]]>
              </value>
            </param>
          </params>
          <reporter-output>
          </reporter-output>
        </test-method> <!-- runScenario -->
        <test-method signature="runScenario(io.cucumber.testng.PickleWrapper,io.cucumber.testng.FeatureWrapper)[pri:0, instance:runner.TestRunner@7eac9008]" started-at="2023-09-27T14:42:09 EDT" name="runScenario" description="Runs Cucumber Scenarios" data-provider="scenarios" finished-at="2023-09-27T14:42:09 EDT" duration-ms="357" status="PASS">
          <params>
            <param index="0">
              <value>
                <![CDATA["check logging with valid username and leaving password field empty"]]>
              </value>
            </param>
            <param index="1">
              <value>
                <![CDATA["to test register with valid and invalid credentials"]]>
              </value>
            </param>
          </params>
          <reporter-output>
          </reporter-output>
        </test-method> <!-- runScenario -->
        <test-method signature="runScenario(io.cucumber.testng.PickleWrapper,io.cucumber.testng.FeatureWrapper)[pri:0, instance:runner.TestRunner@7eac9008]" started-at="2023-09-27T14:42:09 EDT" name="runScenario" description="Runs Cucumber Scenarios" data-provider="scenarios" finished-at="2023-09-27T14:42:09 EDT" duration-ms="313" status="PASS">
          <params>
            <param index="0">
              <value>
                <![CDATA["check logging with valid password  and leaving username field empty"]]>
              </value>
            </param>
            <param index="1">
              <value>
                <![CDATA["to test register with valid and invalid credentials"]]>
              </value>
            </param>
          </params>
          <reporter-output>
          </reporter-output>
        </test-method> <!-- runScenario -->
        <test-method signature="runScenario(io.cucumber.testng.PickleWrapper,io.cucumber.testng.FeatureWrapper)[pri:0, instance:runner.TestRunner@7eac9008]" started-at="2023-09-27T14:42:09 EDT" name="runScenario" description="Runs Cucumber Scenarios" data-provider="scenarios" finished-at="2023-09-27T14:42:10 EDT" duration-ms="306" status="PASS">
          <params>
            <param index="0">
              <value>
                <![CDATA["check logging with valid password  and username but leaving confirm password field empty"]]>
              </value>
            </param>
            <param index="1">
              <value>
                <![CDATA["to test register with valid and invalid credentials"]]>
              </value>
            </param>
          </params>
          <reporter-output>
          </reporter-output>
        </test-method> <!-- runScenario -->
        <test-method signature="runScenario(io.cucumber.testng.PickleWrapper,io.cucumber.testng.FeatureWrapper)[pri:0, instance:runner.TestRunner@7eac9008]" started-at="2023-09-27T14:42:10 EDT" name="runScenario" description="Runs Cucumber Scenarios" data-provider="scenarios" finished-at="2023-09-27T14:42:10 EDT" duration-ms="373" status="PASS">
          <params>
            <param index="0">
              <value>
                <![CDATA["Check register with similar usename and password"]]>
              </value>
            </param>
            <param index="1">
              <value>
                <![CDATA["to test register with valid and invalid credentials"]]>
              </value>
            </param>
          </params>
          <reporter-output>
          </reporter-output>
        </test-method> <!-- runScenario -->
        <test-method signature="runScenario(io.cucumber.testng.PickleWrapper,io.cucumber.testng.FeatureWrapper)[pri:0, instance:runner.TestRunner@7eac9008]" started-at="2023-09-27T14:42:10 EDT" name="runScenario" description="Runs Cucumber Scenarios" data-provider="scenarios" finished-at="2023-09-27T14:42:10 EDT" duration-ms="378" status="FAIL">
          <params>
            <param index="0">
              <value>
                <![CDATA["Check register with password minimum length"]]>
              </value>
            </param>
            <param index="1">
              <value>
                <![CDATA["to test register with valid and invalid credentials"]]>
              </value>
            </param>
          </params>
          <exception class="java.lang.AssertionError">
            <message>
              <![CDATA[expected [Your password must contain at least 8 characters.] but found [password_mismatch:The two password fields didn’t match.]]]>
            </message>
            <full-stacktrace>
              <![CDATA[java.lang.AssertionError: expected [Your password must contain at least 8 characters.] but found [password_mismatch:The two password fields didn’t match.]
at org.testng.Assert.fail(Assert.java:111)
at org.testng.Assert.failNotEquals(Assert.java:1578)
at org.testng.Assert.assertEqualsImpl(Assert.java:150)
at org.testng.Assert.assertEquals(Assert.java:132)
at org.testng.Assert.assertEquals(Assert.java:656)
at org.testng.Assert.assertEquals(Assert.java:666)
at utilities.UtlityFunctions.check_text(UtlityFunctions.java:49)
at pageObjeccts.Register_POM.enter_password_less_than_eight_msg(Register_POM.java:76)
at step_definition.Register_SD.your_password_must_contain_at_least_characters_message_should_display(Register_SD.java:155)
at ✽.Your password must contain at least 8 characters message should display(file:///C:/Users/bobby/eclipse-workspace/ds-algo-quality-way/src/test/resources/features/02Register.feature:66)
]]>
            </full-stacktrace>
          </exception> <!-- java.lang.AssertionError -->
          <reporter-output>
          </reporter-output>
        </test-method> <!-- runScenario -->
        <test-method signature="runScenario(io.cucumber.testng.PickleWrapper,io.cucumber.testng.FeatureWrapper)[pri:0, instance:runner.TestRunner@7eac9008]" started-at="2023-09-27T14:42:10 EDT" name="runScenario" description="Runs Cucumber Scenarios" data-provider="scenarios" finished-at="2023-09-27T14:42:11 EDT" duration-ms="374" status="FAIL">
          <params>
            <param index="0">
              <value>
                <![CDATA["Check register with password characters"]]>
              </value>
            </param>
            <param index="1">
              <value>
                <![CDATA["to test register with valid and invalid credentials"]]>
              </value>
            </param>
          </params>
          <exception class="java.lang.AssertionError">
            <message>
              <![CDATA[expected [Your password can’t be entirely numeric.] but found [password_mismatch:The two password fields didn’t match.]]]>
            </message>
            <full-stacktrace>
              <![CDATA[java.lang.AssertionError: expected [Your password can’t be entirely numeric.] but found [password_mismatch:The two password fields didn’t match.]
at org.testng.Assert.fail(Assert.java:111)
at org.testng.Assert.failNotEquals(Assert.java:1578)
at org.testng.Assert.assertEqualsImpl(Assert.java:150)
at org.testng.Assert.assertEquals(Assert.java:132)
at org.testng.Assert.assertEquals(Assert.java:656)
at org.testng.Assert.assertEquals(Assert.java:666)
at utilities.UtlityFunctions.check_text(UtlityFunctions.java:49)
at pageObjeccts.Register_POM.enter_password_only_numeric_msg(Register_POM.java:81)
at step_definition.Register_SD.your_password_can_not_be_entirely_numeric_message_should_display(Register_SD.java:177)
at ✽.Your password can not be entirely numeric message should display(file:///C:/Users/bobby/eclipse-workspace/ds-algo-quality-way/src/test/resources/features/02Register.feature:73)
]]>
            </full-stacktrace>
          </exception> <!-- java.lang.AssertionError -->
          <reporter-output>
          </reporter-output>
        </test-method> <!-- runScenario -->
        <test-method signature="runScenario(io.cucumber.testng.PickleWrapper,io.cucumber.testng.FeatureWrapper)[pri:0, instance:runner.TestRunner@7eac9008]" started-at="2023-09-27T14:42:11 EDT" name="runScenario" description="Runs Cucumber Scenarios" data-provider="scenarios" finished-at="2023-09-27T14:42:11 EDT" duration-ms="417" status="PASS">
          <params>
            <param index="0">
              <value>
                <![CDATA["password mismatch"]]>
              </value>
            </param>
            <param index="1">
              <value>
                <![CDATA["to test register with valid and invalid credentials"]]>
              </value>
            </param>
          </params>
          <reporter-output>
          </reporter-output>
        </test-method> <!-- runScenario -->
        <test-method signature="runScenario(io.cucumber.testng.PickleWrapper,io.cucumber.testng.FeatureWrapper)[pri:0, instance:runner.TestRunner@7eac9008]" started-at="2023-09-27T14:42:11 EDT" name="runScenario" description="Runs Cucumber Scenarios" data-provider="scenarios" finished-at="2023-09-27T14:42:12 EDT" duration-ms="412" status="FAIL">
          <params>
            <param index="0">
              <value>
                <![CDATA["Try to register with already existing user"]]>
              </value>
            </param>
            <param index="1">
              <value>
                <![CDATA["to test register with valid and invalid credentials"]]>
              </value>
            </param>
          </params>
          <exception class="java.lang.AssertionError">
            <message>
              <![CDATA[expected [User already exists.] but found [password_mismatch:The two password fields didn’t match.]]]>
            </message>
            <full-stacktrace>
              <![CDATA[java.lang.AssertionError: expected [User already exists.] but found [password_mismatch:The two password fields didn’t match.]
at org.testng.Assert.fail(Assert.java:111)
at org.testng.Assert.failNotEquals(Assert.java:1578)
at org.testng.Assert.assertEqualsImpl(Assert.java:150)
at org.testng.Assert.assertEquals(Assert.java:132)
at org.testng.Assert.assertEquals(Assert.java:656)
at org.testng.Assert.assertEquals(Assert.java:666)
at utilities.UtlityFunctions.check_text(UtlityFunctions.java:49)
at pageObjeccts.Register_POM.enter_existing_username_msg(Register_POM.java:91)
at step_definition.Register_SD.user_already_exists_message_should_appears(Register_SD.java:225)
at ✽.user already exists message should appears.(file:///C:/Users/bobby/eclipse-workspace/ds-algo-quality-way/src/test/resources/features/02Register.feature:89)
]]>
            </full-stacktrace>
          </exception> <!-- java.lang.AssertionError -->
          <reporter-output>
          </reporter-output>
        </test-method> <!-- runScenario -->
        <test-method signature="runScenario(io.cucumber.testng.PickleWrapper,io.cucumber.testng.FeatureWrapper)[pri:0, instance:runner.TestRunner@7eac9008]" started-at="2023-09-27T14:42:12 EDT" name="runScenario" description="Runs Cucumber Scenarios" data-provider="scenarios" finished-at="2023-09-27T14:42:12 EDT" duration-ms="401" status="PASS">
          <params>
            <param index="0">
              <value>
                <![CDATA["Check login link from register page"]]>
              </value>
            </param>
            <param index="1">
              <value>
                <![CDATA["to test register with valid and invalid credentials"]]>
              </value>
            </param>
          </params>
          <reporter-output>
          </reporter-output>
        </test-method> <!-- runScenario -->
        <test-method signature="runScenario(io.cucumber.testng.PickleWrapper,io.cucumber.testng.FeatureWrapper)[pri:0, instance:runner.TestRunner@7eac9008]" started-at="2023-09-27T14:42:12 EDT" name="runScenario" description="Runs Cucumber Scenarios" data-provider="scenarios" finished-at="2023-09-27T14:42:13 EDT" duration-ms="614" status="FAIL">
          <params>
            <param index="0">
              <value>
                <![CDATA["Check register is successful with valid credentials"]]>
              </value>
            </param>
            <param index="1">
              <value>
                <![CDATA["to test register with valid and invalid credentials"]]>
              </value>
            </param>
          </params>
          <exception class="java.lang.AssertionError">
            <message>
              <![CDATA[expected [https://dsportalapp.herokuapp.com/home] but found [https://dsportalapp.herokuapp.com/register]]]>
            </message>
            <full-stacktrace>
              <![CDATA[java.lang.AssertionError: expected [https://dsportalapp.herokuapp.com/home] but found [https://dsportalapp.herokuapp.com/register]
at org.testng.Assert.fail(Assert.java:111)
at org.testng.Assert.failNotEquals(Assert.java:1578)
at org.testng.Assert.assertEqualsImpl(Assert.java:150)
at org.testng.Assert.assertEquals(Assert.java:132)
at org.testng.Assert.assertEquals(Assert.java:656)
at org.testng.Assert.assertEquals(Assert.java:666)
at utilities.UtlityFunctions.check_url(UtlityFunctions.java:45)
at utilities.UtlityFunctions.check_url_home(UtlityFunctions.java:70)
at step_definition.Register_SD.user_will_navigate_to_home_page(Register_SD.java:266)
at ✽.user will navigate to home page(file:///C:/Users/bobby/eclipse-workspace/ds-algo-quality-way/src/test/resources/features/02Register.feature:102)
]]>
            </full-stacktrace>
          </exception> <!-- java.lang.AssertionError -->
          <reporter-output>
          </reporter-output>
        </test-method> <!-- runScenario -->
        <test-method signature="runScenario(io.cucumber.testng.PickleWrapper,io.cucumber.testng.FeatureWrapper)[pri:0, instance:runner.TestRunner@7eac9008]" started-at="2023-09-27T14:42:13 EDT" name="runScenario" description="Runs Cucumber Scenarios" data-provider="scenarios" finished-at="2023-09-27T14:42:13 EDT" duration-ms="273" status="PASS">
          <params>
            <param index="0">
              <value>
                <![CDATA["try logging with username and password fields empty"]]>
              </value>
            </param>
            <param index="1">
              <value>
                <![CDATA["to test login functionality"]]>
              </value>
            </param>
          </params>
          <reporter-output>
          </reporter-output>
        </test-method> <!-- runScenario -->
        <test-method signature="runScenario(io.cucumber.testng.PickleWrapper,io.cucumber.testng.FeatureWrapper)[pri:0, instance:runner.TestRunner@7eac9008]" started-at="2023-09-27T14:42:13 EDT" name="runScenario" description="Runs Cucumber Scenarios" data-provider="scenarios" finished-at="2023-09-27T14:42:13 EDT" duration-ms="214" status="PASS">
          <params>
            <param index="0">
              <value>
                <![CDATA["check logging with valid username and leaving password field empty"]]>
              </value>
            </param>
            <param index="1">
              <value>
                <![CDATA["to test login functionality"]]>
              </value>
            </param>
          </params>
          <reporter-output>
          </reporter-output>
        </test-method> <!-- runScenario -->
        <test-method signature="runScenario(io.cucumber.testng.PickleWrapper,io.cucumber.testng.FeatureWrapper)[pri:0, instance:runner.TestRunner@7eac9008]" started-at="2023-09-27T14:42:13 EDT" name="runScenario" description="Runs Cucumber Scenarios" data-provider="scenarios" finished-at="2023-09-27T14:42:13 EDT" duration-ms="211" status="PASS">
          <params>
            <param index="0">
              <value>
                <![CDATA["check logging with valid password  and leaving username field empty"]]>
              </value>
            </param>
            <param index="1">
              <value>
                <![CDATA["to test login functionality"]]>
              </value>
            </param>
          </params>
          <reporter-output>
          </reporter-output>
        </test-method> <!-- runScenario -->
        <test-method signature="runScenario(io.cucumber.testng.PickleWrapper,io.cucumber.testng.FeatureWrapper)[pri:0, instance:runner.TestRunner@7eac9008]" started-at="2023-09-27T14:42:13 EDT" name="runScenario" description="Runs Cucumber Scenarios" data-provider="scenarios" finished-at="2023-09-27T14:42:14 EDT" duration-ms="392" status="PASS">
          <params>
            <param index="0">
              <value>
                <![CDATA["Check login with non registered user"]]>
              </value>
            </param>
            <param index="1">
              <value>
                <![CDATA["to test login functionality"]]>
              </value>
            </param>
          </params>
          <reporter-output>
          </reporter-output>
        </test-method> <!-- runScenario -->
        <test-method signature="runScenario(io.cucumber.testng.PickleWrapper,io.cucumber.testng.FeatureWrapper)[pri:0, instance:runner.TestRunner@7eac9008]" started-at="2023-09-27T14:42:14 EDT" name="runScenario" description="Runs Cucumber Scenarios" data-provider="scenarios" finished-at="2023-09-27T14:42:14 EDT" duration-ms="396" status="PASS">
          <params>
            <param index="0">
              <value>
                <![CDATA["Check login with registered user with password incorrect"]]>
              </value>
            </param>
            <param index="1">
              <value>
                <![CDATA["to test login functionality"]]>
              </value>
            </param>
          </params>
          <reporter-output>
          </reporter-output>
        </test-method> <!-- runScenario -->
        <test-method signature="runScenario(io.cucumber.testng.PickleWrapper,io.cucumber.testng.FeatureWrapper)[pri:0, instance:runner.TestRunner@7eac9008]" started-at="2023-09-27T14:42:14 EDT" name="runScenario" description="Runs Cucumber Scenarios" data-provider="scenarios" finished-at="2023-09-27T14:42:14 EDT" duration-ms="306" status="PASS">
          <params>
            <param index="0">
              <value>
                <![CDATA["Check login with non registered user with username incorrect"]]>
              </value>
            </param>
            <param index="1">
              <value>
                <![CDATA["to test login functionality"]]>
              </value>
            </param>
          </params>
          <reporter-output>
          </reporter-output>
        </test-method> <!-- runScenario -->
        <test-method signature="runScenario(io.cucumber.testng.PickleWrapper,io.cucumber.testng.FeatureWrapper)[pri:0, instance:runner.TestRunner@7eac9008]" started-at="2023-09-27T14:42:14 EDT" name="runScenario" description="Runs Cucumber Scenarios" data-provider="scenarios" finished-at="2023-09-27T14:42:15 EDT" duration-ms="306" status="PASS">
          <params>
            <param index="0">
              <value>
                <![CDATA["Check register link from login page"]]>
              </value>
            </param>
            <param index="1">
              <value>
                <![CDATA["to test login functionality"]]>
              </value>
            </param>
          </params>
          <reporter-output>
          </reporter-output>
        </test-method> <!-- runScenario -->
        <test-method signature="runScenario(io.cucumber.testng.PickleWrapper,io.cucumber.testng.FeatureWrapper)[pri:0, instance:runner.TestRunner@7eac9008]" started-at="2023-09-27T14:42:15 EDT" name="runScenario" description="Runs Cucumber Scenarios" data-provider="scenarios" finished-at="2023-09-27T14:42:15 EDT" duration-ms="728" status="PASS">
          <params>
            <param index="0">
              <value>
                <![CDATA["Check login is successful with valid credentials"]]>
              </value>
            </param>
            <param index="1">
              <value>
                <![CDATA["to test login functionality"]]>
              </value>
            </param>
          </params>
          <reporter-output>
          </reporter-output>
        </test-method> <!-- runScenario -->
        <test-method signature="runScenario(io.cucumber.testng.PickleWrapper,io.cucumber.testng.FeatureWrapper)[pri:0, instance:runner.TestRunner@7eac9008]" started-at="2023-09-27T14:42:15 EDT" name="runScenario" description="Runs Cucumber Scenarios" data-provider="scenarios" finished-at="2023-09-27T14:42:16 EDT" duration-ms="288" status="PASS">
          <params>
            <param index="0">
              <value>
                <![CDATA["An existing user logged in with valid credentials in homepage"]]>
              </value>
            </param>
            <param index="1">
              <value>
                <![CDATA["to test functionality of tree"]]>
              </value>
            </param>
          </params>
          <reporter-output>
          </reporter-output>
        </test-method> <!-- runScenario -->
        <test-method signature="runScenario(io.cucumber.testng.PickleWrapper,io.cucumber.testng.FeatureWrapper)[pri:0, instance:runner.TestRunner@7eac9008]" started-at="2023-09-27T14:42:16 EDT" name="runScenario" description="Runs Cucumber Scenarios" data-provider="scenarios" finished-at="2023-09-27T14:42:16 EDT" duration-ms="237" status="PASS">
          <params>
            <param index="0">
              <value>
                <![CDATA["An existing user logged in with valid credentials in homepage"]]>
              </value>
            </param>
            <param index="1">
              <value>
                <![CDATA["to test functionality of tree"]]>
              </value>
            </param>
          </params>
          <reporter-output>
          </reporter-output>
        </test-method> <!-- runScenario -->
        <test-method signature="runScenario(io.cucumber.testng.PickleWrapper,io.cucumber.testng.FeatureWrapper)[pri:0, instance:runner.TestRunner@7eac9008]" started-at="2023-09-27T14:42:16 EDT" name="runScenario" description="Runs Cucumber Scenarios" data-provider="scenarios" finished-at="2023-09-27T14:42:16 EDT" duration-ms="337" status="PASS">
          <params>
            <param index="0">
              <value>
                <![CDATA["A logged in user is in the tree page"]]>
              </value>
            </param>
            <param index="1">
              <value>
                <![CDATA["to test functionality of tree"]]>
              </value>
            </param>
          </params>
          <reporter-output>
          </reporter-output>
        </test-method> <!-- runScenario -->
        <test-method signature="runScenario(io.cucumber.testng.PickleWrapper,io.cucumber.testng.FeatureWrapper)[pri:0, instance:runner.TestRunner@7eac9008]" started-at="2023-09-27T14:42:16 EDT" name="runScenario" description="Runs Cucumber Scenarios" data-provider="scenarios" finished-at="2023-09-27T14:42:17 EDT" duration-ms="433" status="PASS">
          <params>
            <param index="0">
              <value>
                <![CDATA["A logged in user is in the Overview of Trees page"]]>
              </value>
            </param>
            <param index="1">
              <value>
                <![CDATA["to test functionality of tree"]]>
              </value>
            </param>
          </params>
          <reporter-output>
          </reporter-output>
        </test-method> <!-- runScenario -->
        <test-method signature="runScenario(io.cucumber.testng.PickleWrapper,io.cucumber.testng.FeatureWrapper)[pri:0, instance:runner.TestRunner@7eac9008]" started-at="2023-09-27T14:42:17 EDT" name="runScenario" description="Runs Cucumber Scenarios" data-provider="scenarios" finished-at="2023-09-27T14:42:17 EDT" duration-ms="428" status="PASS">
          <params>
            <param index="0">
              <value>
                <![CDATA["A logged in user is in the tryEditor page from Overview of Trees page"]]>
              </value>
            </param>
            <param index="1">
              <value>
                <![CDATA["to test functionality of tree"]]>
              </value>
            </param>
          </params>
          <reporter-output>
          </reporter-output>
        </test-method> <!-- runScenario -->
        <test-method signature="runScenario(io.cucumber.testng.PickleWrapper,io.cucumber.testng.FeatureWrapper)[pri:0, instance:runner.TestRunner@7eac9008]" started-at="2023-09-27T14:42:17 EDT" name="runScenario" description="Runs Cucumber Scenarios" data-provider="scenarios" finished-at="2023-09-27T14:42:18 EDT" duration-ms="431" status="PASS">
          <params>
            <param index="0">
              <value>
                <![CDATA["A logged in user is in the tryEditor page from Overview of Trees page"]]>
              </value>
            </param>
            <param index="1">
              <value>
                <![CDATA["to test functionality of tree"]]>
              </value>
            </param>
          </params>
          <reporter-output>
          </reporter-output>
        </test-method> <!-- runScenario -->
        <test-method signature="runScenario(io.cucumber.testng.PickleWrapper,io.cucumber.testng.FeatureWrapper)[pri:0, instance:runner.TestRunner@7eac9008]" started-at="2023-09-27T14:42:18 EDT" name="runScenario" description="Runs Cucumber Scenarios" data-provider="scenarios" finished-at="2023-09-27T14:42:18 EDT" duration-ms="406" status="PASS">
          <params>
            <param index="0">
              <value>
                <![CDATA["A logged in user is in the tryEditor page from Overview of Trees page"]]>
              </value>
            </param>
            <param index="1">
              <value>
                <![CDATA["to test functionality of tree"]]>
              </value>
            </param>
          </params>
          <reporter-output>
          </reporter-output>
        </test-method> <!-- runScenario -->
        <test-method signature="runScenario(io.cucumber.testng.PickleWrapper,io.cucumber.testng.FeatureWrapper)[pri:0, instance:runner.TestRunner@7eac9008]" started-at="2023-09-27T14:42:18 EDT" name="runScenario" description="Runs Cucumber Scenarios" data-provider="scenarios" finished-at="2023-09-27T14:42:18 EDT" duration-ms="396" status="PASS">
          <params>
            <param index="0">
              <value>
                <![CDATA["A logged in user is in the Overview of Trees Page"]]>
              </value>
            </param>
            <param index="1">
              <value>
                <![CDATA["to test functionality of tree"]]>
              </value>
            </param>
          </params>
          <reporter-output>
          </reporter-output>
        </test-method> <!-- runScenario -->
        <test-method signature="runScenario(io.cucumber.testng.PickleWrapper,io.cucumber.testng.FeatureWrapper)[pri:0, instance:runner.TestRunner@7eac9008]" started-at="2023-09-27T14:42:18 EDT" name="runScenario" description="Runs Cucumber Scenarios" data-provider="scenarios" finished-at="2023-09-27T14:42:19 EDT" duration-ms="234" status="PASS">
          <params>
            <param index="0">
              <value>
                <![CDATA["A logged in user is in the Terminologies page"]]>
              </value>
            </param>
            <param index="1">
              <value>
                <![CDATA["to test functionality of tree"]]>
              </value>
            </param>
          </params>
          <reporter-output>
          </reporter-output>
        </test-method> <!-- runScenario -->
        <test-method signature="runScenario(io.cucumber.testng.PickleWrapper,io.cucumber.testng.FeatureWrapper)[pri:0, instance:runner.TestRunner@7eac9008]" started-at="2023-09-27T14:42:19 EDT" name="runScenario" description="Runs Cucumber Scenarios" data-provider="scenarios" finished-at="2023-09-27T14:42:19 EDT" duration-ms="333" status="PASS">
          <params>
            <param index="0">
              <value>
                <![CDATA["A logged in user is in the tryEditor page from Terminologiess page"]]>
              </value>
            </param>
            <param index="1">
              <value>
                <![CDATA["to test functionality of tree"]]>
              </value>
            </param>
          </params>
          <reporter-output>
          </reporter-output>
        </test-method> <!-- runScenario -->
        <test-method signature="runScenario(io.cucumber.testng.PickleWrapper,io.cucumber.testng.FeatureWrapper)[pri:0, instance:runner.TestRunner@7eac9008]" started-at="2023-09-27T14:42:19 EDT" name="runScenario" description="Runs Cucumber Scenarios" data-provider="scenarios" finished-at="2023-09-27T14:42:19 EDT" duration-ms="419" status="PASS">
          <params>
            <param index="0">
              <value>
                <![CDATA["A logged in user is in the tryEditor page from Terminologiess page"]]>
              </value>
            </param>
            <param index="1">
              <value>
                <![CDATA["to test functionality of tree"]]>
              </value>
            </param>
          </params>
          <reporter-output>
          </reporter-output>
        </test-method> <!-- runScenario -->
        <test-method signature="runScenario(io.cucumber.testng.PickleWrapper,io.cucumber.testng.FeatureWrapper)[pri:0, instance:runner.TestRunner@7eac9008]" started-at="2023-09-27T14:42:19 EDT" name="runScenario" description="Runs Cucumber Scenarios" data-provider="scenarios" finished-at="2023-09-27T14:42:20 EDT" duration-ms="381" status="PASS">
          <params>
            <param index="0">
              <value>
                <![CDATA["A logged in user is in the tryEditor page from Terminologiess page"]]>
              </value>
            </param>
            <param index="1">
              <value>
                <![CDATA["to test functionality of tree"]]>
              </value>
            </param>
          </params>
          <reporter-output>
          </reporter-output>
        </test-method> <!-- runScenario -->
        <test-method signature="runScenario(io.cucumber.testng.PickleWrapper,io.cucumber.testng.FeatureWrapper)[pri:0, instance:runner.TestRunner@7eac9008]" started-at="2023-09-27T14:42:20 EDT" name="runScenario" description="Runs Cucumber Scenarios" data-provider="scenarios" finished-at="2023-09-27T14:42:20 EDT" duration-ms="396" status="PASS">
          <params>
            <param index="0">
              <value>
                <![CDATA["A logged in user is in the Terminologies  page"]]>
              </value>
            </param>
            <param index="1">
              <value>
                <![CDATA["to test functionality of tree"]]>
              </value>
            </param>
          </params>
          <reporter-output>
          </reporter-output>
        </test-method> <!-- runScenario -->
        <test-method signature="runScenario(io.cucumber.testng.PickleWrapper,io.cucumber.testng.FeatureWrapper)[pri:0, instance:runner.TestRunner@7eac9008]" started-at="2023-09-27T14:42:20 EDT" name="runScenario" description="Runs Cucumber Scenarios" data-provider="scenarios" finished-at="2023-09-27T14:42:20 EDT" duration-ms="253" status="PASS">
          <params>
            <param index="0">
              <value>
                <![CDATA["A logged in user is in the  Types of Trees page"]]>
              </value>
            </param>
            <param index="1">
              <value>
                <![CDATA["to test functionality of tree"]]>
              </value>
            </param>
          </params>
          <reporter-output>
          </reporter-output>
        </test-method> <!-- runScenario -->
        <test-method signature="runScenario(io.cucumber.testng.PickleWrapper,io.cucumber.testng.FeatureWrapper)[pri:0, instance:runner.TestRunner@7eac9008]" started-at="2023-09-27T14:42:20 EDT" name="runScenario" description="Runs Cucumber Scenarios" data-provider="scenarios" finished-at="2023-09-27T14:42:21 EDT" duration-ms="340" status="PASS">
          <params>
            <param index="0">
              <value>
                <![CDATA["A logged in user is in the tryEditor page from Types of Trees page"]]>
              </value>
            </param>
            <param index="1">
              <value>
                <![CDATA["to test functionality of tree"]]>
              </value>
            </param>
          </params>
          <reporter-output>
          </reporter-output>
        </test-method> <!-- runScenario -->
        <test-method signature="runScenario(io.cucumber.testng.PickleWrapper,io.cucumber.testng.FeatureWrapper)[pri:0, instance:runner.TestRunner@7eac9008]" started-at="2023-09-27T14:42:21 EDT" name="runScenario" description="Runs Cucumber Scenarios" data-provider="scenarios" finished-at="2023-09-27T14:42:21 EDT" duration-ms="430" status="PASS">
          <params>
            <param index="0">
              <value>
                <![CDATA["A logged in user is in the tryEditor page from Types of Trees page"]]>
              </value>
            </param>
            <param index="1">
              <value>
                <![CDATA["to test functionality of tree"]]>
              </value>
            </param>
          </params>
          <reporter-output>
          </reporter-output>
        </test-method> <!-- runScenario -->
        <test-method signature="runScenario(io.cucumber.testng.PickleWrapper,io.cucumber.testng.FeatureWrapper)[pri:0, instance:runner.TestRunner@7eac9008]" started-at="2023-09-27T14:42:21 EDT" name="runScenario" description="Runs Cucumber Scenarios" data-provider="scenarios" finished-at="2023-09-27T14:42:22 EDT" duration-ms="391" status="PASS">
          <params>
            <param index="0">
              <value>
                <![CDATA["A logged in user is in the tryEditor page from Types of Trees page"]]>
              </value>
            </param>
            <param index="1">
              <value>
                <![CDATA["to test functionality of tree"]]>
              </value>
            </param>
          </params>
          <reporter-output>
          </reporter-output>
        </test-method> <!-- runScenario -->
        <test-method signature="runScenario(io.cucumber.testng.PickleWrapper,io.cucumber.testng.FeatureWrapper)[pri:0, instance:runner.TestRunner@7eac9008]" started-at="2023-09-27T14:42:22 EDT" name="runScenario" description="Runs Cucumber Scenarios" data-provider="scenarios" finished-at="2023-09-27T14:42:22 EDT" duration-ms="425" status="PASS">
          <params>
            <param index="0">
              <value>
                <![CDATA["A logged in user is in the Types of Trees page"]]>
              </value>
            </param>
            <param index="1">
              <value>
                <![CDATA["to test functionality of tree"]]>
              </value>
            </param>
          </params>
          <reporter-output>
          </reporter-output>
        </test-method> <!-- runScenario -->
        <test-method signature="runScenario(io.cucumber.testng.PickleWrapper,io.cucumber.testng.FeatureWrapper)[pri:0, instance:runner.TestRunner@7eac9008]" started-at="2023-09-27T14:42:22 EDT" name="runScenario" description="Runs Cucumber Scenarios" data-provider="scenarios" finished-at="2023-09-27T14:42:22 EDT" duration-ms="236" status="PASS">
          <params>
            <param index="0">
              <value>
                <![CDATA["A logged in user is in the  Tree Traversals page"]]>
              </value>
            </param>
            <param index="1">
              <value>
                <![CDATA["to test functionality of tree"]]>
              </value>
            </param>
          </params>
          <reporter-output>
          </reporter-output>
        </test-method> <!-- runScenario -->
        <test-method signature="runScenario(io.cucumber.testng.PickleWrapper,io.cucumber.testng.FeatureWrapper)[pri:0, instance:runner.TestRunner@7eac9008]" started-at="2023-09-27T14:42:22 EDT" name="runScenario" description="Runs Cucumber Scenarios" data-provider="scenarios" finished-at="2023-09-27T14:42:23 EDT" duration-ms="321" status="PASS">
          <params>
            <param index="0">
              <value>
                <![CDATA["A logged in user is in the tryEditor page from Tree Traversals page"]]>
              </value>
            </param>
            <param index="1">
              <value>
                <![CDATA["to test functionality of tree"]]>
              </value>
            </param>
          </params>
          <reporter-output>
          </reporter-output>
        </test-method> <!-- runScenario -->
        <test-method signature="runScenario(io.cucumber.testng.PickleWrapper,io.cucumber.testng.FeatureWrapper)[pri:0, instance:runner.TestRunner@7eac9008]" started-at="2023-09-27T14:42:23 EDT" name="runScenario" description="Runs Cucumber Scenarios" data-provider="scenarios" finished-at="2023-09-27T14:42:23 EDT" duration-ms="410" status="PASS">
          <params>
            <param index="0">
              <value>
                <![CDATA["A logged in user is in the tryEditor page from Tree Traversals page"]]>
              </value>
            </param>
            <param index="1">
              <value>
                <![CDATA["to test functionality of tree"]]>
              </value>
            </param>
          </params>
          <reporter-output>
          </reporter-output>
        </test-method> <!-- runScenario -->
        <test-method signature="runScenario(io.cucumber.testng.PickleWrapper,io.cucumber.testng.FeatureWrapper)[pri:0, instance:runner.TestRunner@7eac9008]" started-at="2023-09-27T14:42:23 EDT" name="runScenario" description="Runs Cucumber Scenarios" data-provider="scenarios" finished-at="2023-09-27T14:42:23 EDT" duration-ms="428" status="PASS">
          <params>
            <param index="0">
              <value>
                <![CDATA["A logged in user is in the tryEditor page from Tree Traversals page"]]>
              </value>
            </param>
            <param index="1">
              <value>
                <![CDATA["to test functionality of tree"]]>
              </value>
            </param>
          </params>
          <reporter-output>
          </reporter-output>
        </test-method> <!-- runScenario -->
        <test-method signature="runScenario(io.cucumber.testng.PickleWrapper,io.cucumber.testng.FeatureWrapper)[pri:0, instance:runner.TestRunner@7eac9008]" started-at="2023-09-27T14:42:23 EDT" name="runScenario" description="Runs Cucumber Scenarios" data-provider="scenarios" finished-at="2023-09-27T14:42:24 EDT" duration-ms="413" status="PASS">
          <params>
            <param index="0">
              <value>
                <![CDATA["A logged in user is in the Tree Traversals page"]]>
              </value>
            </param>
            <param index="1">
              <value>
                <![CDATA["to test functionality of tree"]]>
              </value>
            </param>
          </params>
          <reporter-output>
          </reporter-output>
        </test-method> <!-- runScenario -->
        <test-method signature="runScenario(io.cucumber.testng.PickleWrapper,io.cucumber.testng.FeatureWrapper)[pri:0, instance:runner.TestRunner@7eac9008]" started-at="2023-09-27T14:42:24 EDT" name="runScenario" description="Runs Cucumber Scenarios" data-provider="scenarios" finished-at="2023-09-27T14:42:24 EDT" duration-ms="246" status="PASS">
          <params>
            <param index="0">
              <value>
                <![CDATA["A logged in user is in the Traversals-Illustration page"]]>
              </value>
            </param>
            <param index="1">
              <value>
                <![CDATA["to test functionality of tree"]]>
              </value>
            </param>
          </params>
          <reporter-output>
          </reporter-output>
        </test-method> <!-- runScenario -->
        <test-method signature="runScenario(io.cucumber.testng.PickleWrapper,io.cucumber.testng.FeatureWrapper)[pri:0, instance:runner.TestRunner@7eac9008]" started-at="2023-09-27T14:42:24 EDT" name="runScenario" description="Runs Cucumber Scenarios" data-provider="scenarios" finished-at="2023-09-27T14:42:24 EDT" duration-ms="320" status="PASS">
          <params>
            <param index="0">
              <value>
                <![CDATA["A logged in user is in the tryEditor page from Traversals-Illustration page"]]>
              </value>
            </param>
            <param index="1">
              <value>
                <![CDATA["to test functionality of tree"]]>
              </value>
            </param>
          </params>
          <reporter-output>
          </reporter-output>
        </test-method> <!-- runScenario -->
        <test-method signature="runScenario(io.cucumber.testng.PickleWrapper,io.cucumber.testng.FeatureWrapper)[pri:0, instance:runner.TestRunner@7eac9008]" started-at="2023-09-27T14:42:24 EDT" name="runScenario" description="Runs Cucumber Scenarios" data-provider="scenarios" finished-at="2023-09-27T14:42:25 EDT" duration-ms="406" status="PASS">
          <params>
            <param index="0">
              <value>
                <![CDATA["A logged in user is in the tryEditor page from Traversals-Illustration page"]]>
              </value>
            </param>
            <param index="1">
              <value>
                <![CDATA["to test functionality of tree"]]>
              </value>
            </param>
          </params>
          <reporter-output>
          </reporter-output>
        </test-method> <!-- runScenario -->
        <test-method signature="runScenario(io.cucumber.testng.PickleWrapper,io.cucumber.testng.FeatureWrapper)[pri:0, instance:runner.TestRunner@7eac9008]" started-at="2023-09-27T14:42:25 EDT" name="runScenario" description="Runs Cucumber Scenarios" data-provider="scenarios" finished-at="2023-09-27T14:42:25 EDT" duration-ms="354" status="PASS">
          <params>
            <param index="0">
              <value>
                <![CDATA["A logged in user is in the tryEditor page from Traversals-Illustration page"]]>
              </value>
            </param>
            <param index="1">
              <value>
                <![CDATA["to test functionality of tree"]]>
              </value>
            </param>
          </params>
          <reporter-output>
          </reporter-output>
        </test-method> <!-- runScenario -->
        <test-method signature="runScenario(io.cucumber.testng.PickleWrapper,io.cucumber.testng.FeatureWrapper)[pri:0, instance:runner.TestRunner@7eac9008]" started-at="2023-09-27T14:42:25 EDT" name="runScenario" description="Runs Cucumber Scenarios" data-provider="scenarios" finished-at="2023-09-27T14:42:26 EDT" duration-ms="403" status="PASS">
          <params>
            <param index="0">
              <value>
                <![CDATA["A logged in user is in the Traversals-Illustration Page"]]>
              </value>
            </param>
            <param index="1">
              <value>
                <![CDATA["to test functionality of tree"]]>
              </value>
            </param>
          </params>
          <reporter-output>
          </reporter-output>
        </test-method> <!-- runScenario -->
        <test-method signature="runScenario(io.cucumber.testng.PickleWrapper,io.cucumber.testng.FeatureWrapper)[pri:0, instance:runner.TestRunner@7eac9008]" started-at="2023-09-27T14:42:26 EDT" name="runScenario" description="Runs Cucumber Scenarios" data-provider="scenarios" finished-at="2023-09-27T14:42:26 EDT" duration-ms="243" status="PASS">
          <params>
            <param index="0">
              <value>
                <![CDATA["A logged in user is in the Binary Trees page"]]>
              </value>
            </param>
            <param index="1">
              <value>
                <![CDATA["to test functionality of tree"]]>
              </value>
            </param>
          </params>
          <reporter-output>
          </reporter-output>
        </test-method> <!-- runScenario -->
        <test-method signature="runScenario(io.cucumber.testng.PickleWrapper,io.cucumber.testng.FeatureWrapper)[pri:0, instance:runner.TestRunner@7eac9008]" started-at="2023-09-27T14:42:26 EDT" name="runScenario" description="Runs Cucumber Scenarios" data-provider="scenarios" finished-at="2023-09-27T14:42:26 EDT" duration-ms="297" status="PASS">
          <params>
            <param index="0">
              <value>
                <![CDATA["A logged in user is in the tryEditor page from Binary Trees page"]]>
              </value>
            </param>
            <param index="1">
              <value>
                <![CDATA["to test functionality of tree"]]>
              </value>
            </param>
          </params>
          <reporter-output>
          </reporter-output>
        </test-method> <!-- runScenario -->
        <test-method signature="runScenario(io.cucumber.testng.PickleWrapper,io.cucumber.testng.FeatureWrapper)[pri:0, instance:runner.TestRunner@7eac9008]" started-at="2023-09-27T14:42:26 EDT" name="runScenario" description="Runs Cucumber Scenarios" data-provider="scenarios" finished-at="2023-09-27T14:42:27 EDT" duration-ms="392" status="PASS">
          <params>
            <param index="0">
              <value>
                <![CDATA["A logged in user is in the tryEditor page from Binary Trees page"]]>
              </value>
            </param>
            <param index="1">
              <value>
                <![CDATA["to test functionality of tree"]]>
              </value>
            </param>
          </params>
          <reporter-output>
          </reporter-output>
        </test-method> <!-- runScenario -->
        <test-method signature="runScenario(io.cucumber.testng.PickleWrapper,io.cucumber.testng.FeatureWrapper)[pri:0, instance:runner.TestRunner@7eac9008]" started-at="2023-09-27T14:42:27 EDT" name="runScenario" description="Runs Cucumber Scenarios" data-provider="scenarios" finished-at="2023-09-27T14:42:27 EDT" duration-ms="388" status="PASS">
          <params>
            <param index="0">
              <value>
                <![CDATA["A logged in user is in the tryEditor page from Binary Trees page"]]>
              </value>
            </param>
            <param index="1">
              <value>
                <![CDATA["to test functionality of tree"]]>
              </value>
            </param>
          </params>
          <reporter-output>
          </reporter-output>
        </test-method> <!-- runScenario -->
        <test-method signature="runScenario(io.cucumber.testng.PickleWrapper,io.cucumber.testng.FeatureWrapper)[pri:0, instance:runner.TestRunner@7eac9008]" started-at="2023-09-27T14:42:27 EDT" name="runScenario" description="Runs Cucumber Scenarios" data-provider="scenarios" finished-at="2023-09-27T14:42:27 EDT" duration-ms="515" status="PASS">
          <params>
            <param index="0">
              <value>
                <![CDATA["A logged in user is in the Binary Trees  page"]]>
              </value>
            </param>
            <param index="1">
              <value>
                <![CDATA["to test functionality of tree"]]>
              </value>
            </param>
          </params>
          <reporter-output>
          </reporter-output>
        </test-method> <!-- runScenario -->
        <test-method signature="runScenario(io.cucumber.testng.PickleWrapper,io.cucumber.testng.FeatureWrapper)[pri:0, instance:runner.TestRunner@7eac9008]" started-at="2023-09-27T14:42:27 EDT" name="runScenario" description="Runs Cucumber Scenarios" data-provider="scenarios" finished-at="2023-09-27T14:42:28 EDT" duration-ms="228" status="PASS">
          <params>
            <param index="0">
              <value>
                <![CDATA["A logged in user is in the  Types of Binary Trees page"]]>
              </value>
            </param>
            <param index="1">
              <value>
                <![CDATA["to test functionality of tree"]]>
              </value>
            </param>
          </params>
          <reporter-output>
          </reporter-output>
        </test-method> <!-- runScenario -->
        <test-method signature="runScenario(io.cucumber.testng.PickleWrapper,io.cucumber.testng.FeatureWrapper)[pri:0, instance:runner.TestRunner@7eac9008]" started-at="2023-09-27T14:42:28 EDT" name="runScenario" description="Runs Cucumber Scenarios" data-provider="scenarios" finished-at="2023-09-27T14:42:28 EDT" duration-ms="299" status="PASS">
          <params>
            <param index="0">
              <value>
                <![CDATA["A logged in user is in the tryEditor page from Types of Binary Trees page"]]>
              </value>
            </param>
            <param index="1">
              <value>
                <![CDATA["to test functionality of tree"]]>
              </value>
            </param>
          </params>
          <reporter-output>
          </reporter-output>
        </test-method> <!-- runScenario -->
        <test-method signature="runScenario(io.cucumber.testng.PickleWrapper,io.cucumber.testng.FeatureWrapper)[pri:0, instance:runner.TestRunner@7eac9008]" started-at="2023-09-27T14:42:28 EDT" name="runScenario" description="Runs Cucumber Scenarios" data-provider="scenarios" finished-at="2023-09-27T14:42:28 EDT" duration-ms="397" status="PASS">
          <params>
            <param index="0">
              <value>
                <![CDATA["A logged in user is in the tryEditor page from Types of Binary Trees page"]]>
              </value>
            </param>
            <param index="1">
              <value>
                <![CDATA["to test functionality of tree"]]>
              </value>
            </param>
          </params>
          <reporter-output>
          </reporter-output>
        </test-method> <!-- runScenario -->
        <test-method signature="runScenario(io.cucumber.testng.PickleWrapper,io.cucumber.testng.FeatureWrapper)[pri:0, instance:runner.TestRunner@7eac9008]" started-at="2023-09-27T14:42:28 EDT" name="runScenario" description="Runs Cucumber Scenarios" data-provider="scenarios" finished-at="2023-09-27T14:42:29 EDT" duration-ms="352" status="PASS">
          <params>
            <param index="0">
              <value>
                <![CDATA["A logged in user is in the tryEditor page from Types of Binary Trees page"]]>
              </value>
            </param>
            <param index="1">
              <value>
                <![CDATA["to test functionality of tree"]]>
              </value>
            </param>
          </params>
          <reporter-output>
          </reporter-output>
        </test-method> <!-- runScenario -->
        <test-method signature="runScenario(io.cucumber.testng.PickleWrapper,io.cucumber.testng.FeatureWrapper)[pri:0, instance:runner.TestRunner@7eac9008]" started-at="2023-09-27T14:42:29 EDT" name="runScenario" description="Runs Cucumber Scenarios" data-provider="scenarios" finished-at="2023-09-27T14:42:29 EDT" duration-ms="379" status="PASS">
          <params>
            <param index="0">
              <value>
                <![CDATA["A logged in user is in the Types of Binary Trees page"]]>
              </value>
            </param>
            <param index="1">
              <value>
                <![CDATA["to test functionality of tree"]]>
              </value>
            </param>
          </params>
          <reporter-output>
          </reporter-output>
        </test-method> <!-- runScenario -->
        <test-method signature="runScenario(io.cucumber.testng.PickleWrapper,io.cucumber.testng.FeatureWrapper)[pri:0, instance:runner.TestRunner@7eac9008]" started-at="2023-09-27T14:42:29 EDT" name="runScenario" description="Runs Cucumber Scenarios" data-provider="scenarios" finished-at="2023-09-27T14:42:29 EDT" duration-ms="235" status="PASS">
          <params>
            <param index="0">
              <value>
                <![CDATA["A logged in user is in the  Implementation in Python page"]]>
              </value>
            </param>
            <param index="1">
              <value>
                <![CDATA["to test functionality of tree"]]>
              </value>
            </param>
          </params>
          <reporter-output>
          </reporter-output>
        </test-method> <!-- runScenario -->
        <test-method signature="runScenario(io.cucumber.testng.PickleWrapper,io.cucumber.testng.FeatureWrapper)[pri:0, instance:runner.TestRunner@7eac9008]" started-at="2023-09-27T14:42:29 EDT" name="runScenario" description="Runs Cucumber Scenarios" data-provider="scenarios" finished-at="2023-09-27T14:42:30 EDT" duration-ms="284" status="PASS">
          <params>
            <param index="0">
              <value>
                <![CDATA["A logged in user is in the tryEditor page from Implementation in Python page"]]>
              </value>
            </param>
            <param index="1">
              <value>
                <![CDATA["to test functionality of tree"]]>
              </value>
            </param>
          </params>
          <reporter-output>
          </reporter-output>
        </test-method> <!-- runScenario -->
        <test-method signature="runScenario(io.cucumber.testng.PickleWrapper,io.cucumber.testng.FeatureWrapper)[pri:0, instance:runner.TestRunner@7eac9008]" started-at="2023-09-27T14:42:30 EDT" name="runScenario" description="Runs Cucumber Scenarios" data-provider="scenarios" finished-at="2023-09-27T14:42:30 EDT" duration-ms="394" status="PASS">
          <params>
            <param index="0">
              <value>
                <![CDATA["A logged in user is in the tryEditor page from Implementation in Python page"]]>
              </value>
            </param>
            <param index="1">
              <value>
                <![CDATA["to test functionality of tree"]]>
              </value>
            </param>
          </params>
          <reporter-output>
          </reporter-output>
        </test-method> <!-- runScenario -->
        <test-method signature="runScenario(io.cucumber.testng.PickleWrapper,io.cucumber.testng.FeatureWrapper)[pri:0, instance:runner.TestRunner@7eac9008]" started-at="2023-09-27T14:42:30 EDT" name="runScenario" description="Runs Cucumber Scenarios" data-provider="scenarios" finished-at="2023-09-27T14:42:30 EDT" duration-ms="362" status="PASS">
          <params>
            <param index="0">
              <value>
                <![CDATA["A logged in user is in the tryEditor page from Implementation in Python page"]]>
              </value>
            </param>
            <param index="1">
              <value>
                <![CDATA["to test functionality of tree"]]>
              </value>
            </param>
          </params>
          <reporter-output>
          </reporter-output>
        </test-method> <!-- runScenario -->
        <test-method signature="runScenario(io.cucumber.testng.PickleWrapper,io.cucumber.testng.FeatureWrapper)[pri:0, instance:runner.TestRunner@7eac9008]" started-at="2023-09-27T14:42:30 EDT" name="runScenario" description="Runs Cucumber Scenarios" data-provider="scenarios" finished-at="2023-09-27T14:42:31 EDT" duration-ms="387" status="PASS">
          <params>
            <param index="0">
              <value>
                <![CDATA["A logged in user is in the Implementation in Python page"]]>
              </value>
            </param>
            <param index="1">
              <value>
                <![CDATA["to test functionality of tree"]]>
              </value>
            </param>
          </params>
          <reporter-output>
          </reporter-output>
        </test-method> <!-- runScenario -->
        <test-method signature="runScenario(io.cucumber.testng.PickleWrapper,io.cucumber.testng.FeatureWrapper)[pri:0, instance:runner.TestRunner@7eac9008]" started-at="2023-09-27T14:42:31 EDT" name="runScenario" description="Runs Cucumber Scenarios" data-provider="scenarios" finished-at="2023-09-27T14:42:31 EDT" duration-ms="237" status="PASS">
          <params>
            <param index="0">
              <value>
                <![CDATA["A logged in user is in the Binary Tree Traversals page"]]>
              </value>
            </param>
            <param index="1">
              <value>
                <![CDATA["to test functionality of tree"]]>
              </value>
            </param>
          </params>
          <reporter-output>
          </reporter-output>
        </test-method> <!-- runScenario -->
        <test-method signature="runScenario(io.cucumber.testng.PickleWrapper,io.cucumber.testng.FeatureWrapper)[pri:0, instance:runner.TestRunner@7eac9008]" started-at="2023-09-27T14:42:31 EDT" name="runScenario" description="Runs Cucumber Scenarios" data-provider="scenarios" finished-at="2023-09-27T14:42:31 EDT" duration-ms="296" status="PASS">
          <params>
            <param index="0">
              <value>
                <![CDATA["A logged in user is in the tryEditor page from Binary Tree Traversals page"]]>
              </value>
            </param>
            <param index="1">
              <value>
                <![CDATA["to test functionality of tree"]]>
              </value>
            </param>
          </params>
          <reporter-output>
          </reporter-output>
        </test-method> <!-- runScenario -->
        <test-method signature="runScenario(io.cucumber.testng.PickleWrapper,io.cucumber.testng.FeatureWrapper)[pri:0, instance:runner.TestRunner@7eac9008]" started-at="2023-09-27T14:42:31 EDT" name="runScenario" description="Runs Cucumber Scenarios" data-provider="scenarios" finished-at="2023-09-27T14:42:32 EDT" duration-ms="412" status="PASS">
          <params>
            <param index="0">
              <value>
                <![CDATA["A logged in user is in the tryEditor page from Binary Tree Traversals page"]]>
              </value>
            </param>
            <param index="1">
              <value>
                <![CDATA["to test functionality of tree"]]>
              </value>
            </param>
          </params>
          <reporter-output>
          </reporter-output>
        </test-method> <!-- runScenario -->
        <test-method signature="runScenario(io.cucumber.testng.PickleWrapper,io.cucumber.testng.FeatureWrapper)[pri:0, instance:runner.TestRunner@7eac9008]" started-at="2023-09-27T14:42:32 EDT" name="runScenario" description="Runs Cucumber Scenarios" data-provider="scenarios" finished-at="2023-09-27T14:42:32 EDT" duration-ms="357" status="PASS">
          <params>
            <param index="0">
              <value>
                <![CDATA["A logged in user is in the tryEditor page from Binary Tree Traversals page"]]>
              </value>
            </param>
            <param index="1">
              <value>
                <![CDATA["to test functionality of tree"]]>
              </value>
            </param>
          </params>
          <reporter-output>
          </reporter-output>
        </test-method> <!-- runScenario -->
        <test-method signature="runScenario(io.cucumber.testng.PickleWrapper,io.cucumber.testng.FeatureWrapper)[pri:0, instance:runner.TestRunner@7eac9008]" started-at="2023-09-27T14:42:32 EDT" name="runScenario" description="Runs Cucumber Scenarios" data-provider="scenarios" finished-at="2023-09-27T14:42:33 EDT" duration-ms="422" status="PASS">
          <params>
            <param index="0">
              <value>
                <![CDATA["A logged in user is in the Binary Tree Traversals Page"]]>
              </value>
            </param>
            <param index="1">
              <value>
                <![CDATA["to test functionality of tree"]]>
              </value>
            </param>
          </params>
          <reporter-output>
          </reporter-output>
        </test-method> <!-- runScenario -->
        <test-method signature="runScenario(io.cucumber.testng.PickleWrapper,io.cucumber.testng.FeatureWrapper)[pri:0, instance:runner.TestRunner@7eac9008]" started-at="2023-09-27T14:42:33 EDT" name="runScenario" description="Runs Cucumber Scenarios" data-provider="scenarios" finished-at="2023-09-27T14:42:33 EDT" duration-ms="233" status="PASS">
          <params>
            <param index="0">
              <value>
                <![CDATA["A logged in user is in the Implementation of Binary Trees page"]]>
              </value>
            </param>
            <param index="1">
              <value>
                <![CDATA["to test functionality of tree"]]>
              </value>
            </param>
          </params>
          <reporter-output>
          </reporter-output>
        </test-method> <!-- runScenario -->
        <test-method signature="runScenario(io.cucumber.testng.PickleWrapper,io.cucumber.testng.FeatureWrapper)[pri:0, instance:runner.TestRunner@7eac9008]" started-at="2023-09-27T14:42:33 EDT" name="runScenario" description="Runs Cucumber Scenarios" data-provider="scenarios" finished-at="2023-09-27T14:42:33 EDT" duration-ms="279" status="PASS">
          <params>
            <param index="0">
              <value>
                <![CDATA["A logged in user is in the tryEditor page from Implementation of Binary Trees page"]]>
              </value>
            </param>
            <param index="1">
              <value>
                <![CDATA["to test functionality of tree"]]>
              </value>
            </param>
          </params>
          <reporter-output>
          </reporter-output>
        </test-method> <!-- runScenario -->
        <test-method signature="runScenario(io.cucumber.testng.PickleWrapper,io.cucumber.testng.FeatureWrapper)[pri:0, instance:runner.TestRunner@7eac9008]" started-at="2023-09-27T14:42:33 EDT" name="runScenario" description="Runs Cucumber Scenarios" data-provider="scenarios" finished-at="2023-09-27T14:42:33 EDT" duration-ms="393" status="PASS">
          <params>
            <param index="0">
              <value>
                <![CDATA["A logged in user is in the tryEditor page from Implementation of Binary Trees page"]]>
              </value>
            </param>
            <param index="1">
              <value>
                <![CDATA["to test functionality of tree"]]>
              </value>
            </param>
          </params>
          <reporter-output>
          </reporter-output>
        </test-method> <!-- runScenario -->
        <test-method signature="runScenario(io.cucumber.testng.PickleWrapper,io.cucumber.testng.FeatureWrapper)[pri:0, instance:runner.TestRunner@7eac9008]" started-at="2023-09-27T14:42:33 EDT" name="runScenario" description="Runs Cucumber Scenarios" data-provider="scenarios" finished-at="2023-09-27T14:42:34 EDT" duration-ms="382" status="PASS">
          <params>
            <param index="0">
              <value>
                <![CDATA["A logged in user is in the tryEditor page from Implementation of Binary Trees page"]]>
              </value>
            </param>
            <param index="1">
              <value>
                <![CDATA["to test functionality of tree"]]>
              </value>
            </param>
          </params>
          <reporter-output>
          </reporter-output>
        </test-method> <!-- runScenario -->
        <test-method signature="runScenario(io.cucumber.testng.PickleWrapper,io.cucumber.testng.FeatureWrapper)[pri:0, instance:runner.TestRunner@7eac9008]" started-at="2023-09-27T14:42:34 EDT" name="runScenario" description="Runs Cucumber Scenarios" data-provider="scenarios" finished-at="2023-09-27T14:42:34 EDT" duration-ms="424" status="PASS">
          <params>
            <param index="0">
              <value>
                <![CDATA["A logged in user is in the Implementation of Binary Trees  page"]]>
              </value>
            </param>
            <param index="1">
              <value>
                <![CDATA["to test functionality of tree"]]>
              </value>
            </param>
          </params>
          <reporter-output>
          </reporter-output>
        </test-method> <!-- runScenario -->
        <test-method signature="runScenario(io.cucumber.testng.PickleWrapper,io.cucumber.testng.FeatureWrapper)[pri:0, instance:runner.TestRunner@7eac9008]" started-at="2023-09-27T14:42:34 EDT" name="runScenario" description="Runs Cucumber Scenarios" data-provider="scenarios" finished-at="2023-09-27T14:42:34 EDT" duration-ms="256" status="PASS">
          <params>
            <param index="0">
              <value>
                <![CDATA["A logged in user is in the  Applications of Binary trees page"]]>
              </value>
            </param>
            <param index="1">
              <value>
                <![CDATA["to test functionality of tree"]]>
              </value>
            </param>
          </params>
          <reporter-output>
          </reporter-output>
        </test-method> <!-- runScenario -->
        <test-method signature="runScenario(io.cucumber.testng.PickleWrapper,io.cucumber.testng.FeatureWrapper)[pri:0, instance:runner.TestRunner@7eac9008]" started-at="2023-09-27T14:42:34 EDT" name="runScenario" description="Runs Cucumber Scenarios" data-provider="scenarios" finished-at="2023-09-27T14:42:35 EDT" duration-ms="289" status="PASS">
          <params>
            <param index="0">
              <value>
                <![CDATA["A logged in user is in the tryEditor page from Applications of Binary trees page"]]>
              </value>
            </param>
            <param index="1">
              <value>
                <![CDATA["to test functionality of tree"]]>
              </value>
            </param>
          </params>
          <reporter-output>
          </reporter-output>
        </test-method> <!-- runScenario -->
        <test-method signature="runScenario(io.cucumber.testng.PickleWrapper,io.cucumber.testng.FeatureWrapper)[pri:0, instance:runner.TestRunner@7eac9008]" started-at="2023-09-27T14:42:35 EDT" name="runScenario" description="Runs Cucumber Scenarios" data-provider="scenarios" finished-at="2023-09-27T14:42:35 EDT" duration-ms="392" status="PASS">
          <params>
            <param index="0">
              <value>
                <![CDATA["A logged in user is in the tryEditor page from Applications of Binary trees page"]]>
              </value>
            </param>
            <param index="1">
              <value>
                <![CDATA["to test functionality of tree"]]>
              </value>
            </param>
          </params>
          <reporter-output>
          </reporter-output>
        </test-method> <!-- runScenario -->
        <test-method signature="runScenario(io.cucumber.testng.PickleWrapper,io.cucumber.testng.FeatureWrapper)[pri:0, instance:runner.TestRunner@7eac9008]" started-at="2023-09-27T14:42:35 EDT" name="runScenario" description="Runs Cucumber Scenarios" data-provider="scenarios" finished-at="2023-09-27T14:42:36 EDT" duration-ms="386" status="PASS">
          <params>
            <param index="0">
              <value>
                <![CDATA["A logged in user is in the tryEditor page from Applications of Binary trees page"]]>
              </value>
            </param>
            <param index="1">
              <value>
                <![CDATA["to test functionality of tree"]]>
              </value>
            </param>
          </params>
          <reporter-output>
          </reporter-output>
        </test-method> <!-- runScenario -->
        <test-method signature="runScenario(io.cucumber.testng.PickleWrapper,io.cucumber.testng.FeatureWrapper)[pri:0, instance:runner.TestRunner@7eac9008]" started-at="2023-09-27T14:42:36 EDT" name="runScenario" description="Runs Cucumber Scenarios" data-provider="scenarios" finished-at="2023-09-27T14:42:36 EDT" duration-ms="658" status="PASS">
          <params>
            <param index="0">
              <value>
                <![CDATA["A logged in user is in the Applications of Binary trees page"]]>
              </value>
            </param>
            <param index="1">
              <value>
                <![CDATA["to test functionality of tree"]]>
              </value>
            </param>
          </params>
          <reporter-output>
          </reporter-output>
        </test-method> <!-- runScenario -->
        <test-method signature="runScenario(io.cucumber.testng.PickleWrapper,io.cucumber.testng.FeatureWrapper)[pri:0, instance:runner.TestRunner@7eac9008]" started-at="2023-09-27T14:42:36 EDT" name="runScenario" description="Runs Cucumber Scenarios" data-provider="scenarios" finished-at="2023-09-27T14:42:36 EDT" duration-ms="248" status="PASS">
          <params>
            <param index="0">
              <value>
                <![CDATA["A logged in user is in the Binary Search Trees page"]]>
              </value>
            </param>
            <param index="1">
              <value>
                <![CDATA["to test functionality of tree"]]>
              </value>
            </param>
          </params>
          <reporter-output>
          </reporter-output>
        </test-method> <!-- runScenario -->
        <test-method signature="runScenario(io.cucumber.testng.PickleWrapper,io.cucumber.testng.FeatureWrapper)[pri:0, instance:runner.TestRunner@7eac9008]" started-at="2023-09-27T14:42:36 EDT" name="runScenario" description="Runs Cucumber Scenarios" data-provider="scenarios" finished-at="2023-09-27T14:42:37 EDT" duration-ms="296" status="PASS">
          <params>
            <param index="0">
              <value>
                <![CDATA["A logged in user is in the tryEditor page from Binary Search Trees page"]]>
              </value>
            </param>
            <param index="1">
              <value>
                <![CDATA["to test functionality of tree"]]>
              </value>
            </param>
          </params>
          <reporter-output>
          </reporter-output>
        </test-method> <!-- runScenario -->
        <test-method signature="runScenario(io.cucumber.testng.PickleWrapper,io.cucumber.testng.FeatureWrapper)[pri:0, instance:runner.TestRunner@7eac9008]" started-at="2023-09-27T14:42:37 EDT" name="runScenario" description="Runs Cucumber Scenarios" data-provider="scenarios" finished-at="2023-09-27T14:42:37 EDT" duration-ms="414" status="PASS">
          <params>
            <param index="0">
              <value>
                <![CDATA["A logged in user is in the tryEditor page from Binary Search Trees page"]]>
              </value>
            </param>
            <param index="1">
              <value>
                <![CDATA["to test functionality of tree"]]>
              </value>
            </param>
          </params>
          <reporter-output>
          </reporter-output>
        </test-method> <!-- runScenario -->
        <test-method signature="runScenario(io.cucumber.testng.PickleWrapper,io.cucumber.testng.FeatureWrapper)[pri:0, instance:runner.TestRunner@7eac9008]" started-at="2023-09-27T14:42:37 EDT" name="runScenario" description="Runs Cucumber Scenarios" data-provider="scenarios" finished-at="2023-09-27T14:42:38 EDT" duration-ms="380" status="PASS">
          <params>
            <param index="0">
              <value>
                <![CDATA["A logged in user is in the tryEditor page from Binary Search Trees page"]]>
              </value>
            </param>
            <param index="1">
              <value>
                <![CDATA["to test functionality of tree"]]>
              </value>
            </param>
          </params>
          <reporter-output>
          </reporter-output>
        </test-method> <!-- runScenario -->
        <test-method signature="runScenario(io.cucumber.testng.PickleWrapper,io.cucumber.testng.FeatureWrapper)[pri:0, instance:runner.TestRunner@7eac9008]" started-at="2023-09-27T14:42:38 EDT" name="runScenario" description="Runs Cucumber Scenarios" data-provider="scenarios" finished-at="2023-09-27T14:42:38 EDT" duration-ms="385" status="PASS">
          <params>
            <param index="0">
              <value>
                <![CDATA["A logged in user is in the Binary Search Trees page"]]>
              </value>
            </param>
            <param index="1">
              <value>
                <![CDATA["to test functionality of tree"]]>
              </value>
            </param>
          </params>
          <reporter-output>
          </reporter-output>
        </test-method> <!-- runScenario -->
        <test-method signature="runScenario(io.cucumber.testng.PickleWrapper,io.cucumber.testng.FeatureWrapper)[pri:0, instance:runner.TestRunner@7eac9008]" started-at="2023-09-27T14:42:38 EDT" name="runScenario" description="Runs Cucumber Scenarios" data-provider="scenarios" finished-at="2023-09-27T14:42:38 EDT" duration-ms="215" status="PASS">
          <params>
            <param index="0">
              <value>
                <![CDATA["A logged in user is in the Implementation Of BST page"]]>
              </value>
            </param>
            <param index="1">
              <value>
                <![CDATA["to test functionality of tree"]]>
              </value>
            </param>
          </params>
          <reporter-output>
          </reporter-output>
        </test-method> <!-- runScenario -->
        <test-method signature="runScenario(io.cucumber.testng.PickleWrapper,io.cucumber.testng.FeatureWrapper)[pri:0, instance:runner.TestRunner@7eac9008]" started-at="2023-09-27T14:42:38 EDT" name="runScenario" description="Runs Cucumber Scenarios" data-provider="scenarios" finished-at="2023-09-27T14:42:38 EDT" duration-ms="277" status="PASS">
          <params>
            <param index="0">
              <value>
                <![CDATA["A logged in user is in the tryEditor page from Implementation Of BST page"]]>
              </value>
            </param>
            <param index="1">
              <value>
                <![CDATA["to test functionality of tree"]]>
              </value>
            </param>
          </params>
          <reporter-output>
          </reporter-output>
        </test-method> <!-- runScenario -->
        <test-method signature="runScenario(io.cucumber.testng.PickleWrapper,io.cucumber.testng.FeatureWrapper)[pri:0, instance:runner.TestRunner@7eac9008]" started-at="2023-09-27T14:42:38 EDT" name="runScenario" description="Runs Cucumber Scenarios" data-provider="scenarios" finished-at="2023-09-27T14:42:39 EDT" duration-ms="385" status="PASS">
          <params>
            <param index="0">
              <value>
                <![CDATA["A logged in user is in the tryEditor page from Implementation Of BST page"]]>
              </value>
            </param>
            <param index="1">
              <value>
                <![CDATA["to test functionality of tree"]]>
              </value>
            </param>
          </params>
          <reporter-output>
          </reporter-output>
        </test-method> <!-- runScenario -->
        <test-method signature="runScenario(io.cucumber.testng.PickleWrapper,io.cucumber.testng.FeatureWrapper)[pri:0, instance:runner.TestRunner@7eac9008]" started-at="2023-09-27T14:42:39 EDT" name="runScenario" description="Runs Cucumber Scenarios" data-provider="scenarios" finished-at="2023-09-27T14:42:39 EDT" duration-ms="372" status="PASS">
          <params>
            <param index="0">
              <value>
                <![CDATA["A logged in user is in the tryEditor page from Implementation Of BST page"]]>
              </value>
            </param>
            <param index="1">
              <value>
                <![CDATA["to test functionality of tree"]]>
              </value>
            </param>
          </params>
          <reporter-output>
          </reporter-output>
        </test-method> <!-- runScenario -->
        <test-method signature="runScenario(io.cucumber.testng.PickleWrapper,io.cucumber.testng.FeatureWrapper)[pri:0, instance:runner.TestRunner@7eac9008]" started-at="2023-09-27T14:42:39 EDT" name="runScenario" description="Runs Cucumber Scenarios" data-provider="scenarios" finished-at="2023-09-27T14:42:40 EDT" duration-ms="350" status="PASS">
          <params>
            <param index="0">
              <value>
                <![CDATA["A logged in user is in Implementation Of BST page"]]>
              </value>
            </param>
            <param index="1">
              <value>
                <![CDATA["to test functionality of tree"]]>
              </value>
            </param>
          </params>
          <reporter-output>
          </reporter-output>
        </test-method> <!-- runScenario -->
        <test-method is-config="true" signature="tearDownClass()[pri:0, instance:runner.TestRunner@7eac9008]" started-at="2023-09-27T14:42:40 EDT" name="tearDownClass" finished-at="2023-09-27T14:42:40 EDT" duration-ms="51" status="PASS">
          <reporter-output>
          </reporter-output>
        </test-method> <!-- tearDownClass -->
      </class> <!-- runner.TestRunner -->
    </test> <!-- Default test -->
  </suite> <!-- Default suite -->
</testng-results>
