<?xml version="1.0" encoding="UTF-8"?>
<testng-results ignored="0" total="7" passed="7" failed="0" skipped="0">
  <reporter-output>
  </reporter-output>
  <suite started-at="2023-11-06T14:53:18 EST" name="Default suite" finished-at="2023-11-06T14:53:26 EST" duration-ms="8516">
    <groups>
      <group name="cucumber">
        <method signature="AbstractTestNGCucumberTests.runScenario(io.cucumber.testng.PickleWrapper,io.cucumber.testng.FeatureWrapper)[pri:0, instance:runner.TestRunner@5be1d0a4]" name="runScenario" class="io.cucumber.testng.AbstractTestNGCucumberTests"/>
      </group> <!-- cucumber -->
    </groups>
    <test started-at="2023-11-06T14:53:18 EST" name="Default test" finished-at="2023-11-06T14:53:26 EST" duration-ms="8516">
      <class name="runner.TestRunner">
        <test-method is-config="true" signature="setUpClass(org.testng.ITestContext)[pri:0, instance:runner.TestRunner@5be1d0a4]" started-at="2023-11-06T14:53:18 EST" name="setUpClass" finished-at="2023-11-06T14:53:18 EST" duration-ms="349" status="PASS">
          <params>
            <param index="0">
              <value>
                <![CDATA[org.testng.TestRunner@7741d346]]>
              </value>
            </param>
          </params>
          <reporter-output>
          </reporter-output>
        </test-method> <!-- setUpClass -->
        <test-method signature="runScenario(io.cucumber.testng.PickleWrapper,io.cucumber.testng.FeatureWrapper)[pri:0, instance:runner.TestRunner@5be1d0a4]" started-at="2023-11-06T14:53:18 EST" name="runScenario" description="Runs Cucumber Scenarios" data-provider="scenarios" finished-at="2023-11-06T14:53:24 EST" duration-ms="6092" status="PASS">
          <params>
            <param index="0">
              <value>
                <![CDATA["open home page"]]>
              </value>
            </param>
            <param index="1">
              <value>
                <![CDATA["to test functionality of home page"]]>
              </value>
            </param>
          </params>
          <reporter-output>
          </reporter-output>
        </test-method> <!-- runScenario -->
        <test-method signature="runScenario(io.cucumber.testng.PickleWrapper,io.cucumber.testng.FeatureWrapper)[pri:0, instance:runner.TestRunner@5be1d0a4]" started-at="2023-11-06T14:53:24 EST" name="runScenario" description="Runs Cucumber Scenarios" data-provider="scenarios" finished-at="2023-11-06T14:53:25 EST" duration-ms="460" status="PASS">
          <params>
            <param index="0">
              <value>
                <![CDATA["get started button to go to home page"]]>
              </value>
            </param>
            <param index="1">
              <value>
                <![CDATA["to test functionality of home page"]]>
              </value>
            </param>
          </params>
          <reporter-output>
          </reporter-output>
        </test-method> <!-- runScenario -->
        <test-method signature="runScenario(io.cucumber.testng.PickleWrapper,io.cucumber.testng.FeatureWrapper)[pri:0, instance:runner.TestRunner@5be1d0a4]" started-at="2023-11-06T14:53:25 EST" name="runScenario" description="Runs Cucumber Scenarios" data-provider="scenarios" finished-at="2023-11-06T14:53:25 EST" duration-ms="124" status="PASS">
          <params>
            <param index="0">
              <value>
                <![CDATA["The user already on DS Algo portal page drop down with Data structures"]]>
              </value>
            </param>
            <param index="1">
              <value>
                <![CDATA["to test functionality of home page"]]>
              </value>
            </param>
          </params>
          <reporter-output>
          </reporter-output>
        </test-method> <!-- runScenario -->
        <test-method signature="runScenario(io.cucumber.testng.PickleWrapper,io.cucumber.testng.FeatureWrapper)[pri:0, instance:runner.TestRunner@5be1d0a4]" started-at="2023-11-06T14:53:25 EST" name="runScenario" description="Runs Cucumber Scenarios" data-provider="scenarios" finished-at="2023-11-06T14:53:25 EST" duration-ms="427" status="PASS">
          <params>
            <param index="0">
              <value>
                <![CDATA["select one item from drop down without sign in"]]>
              </value>
            </param>
            <param index="1">
              <value>
                <![CDATA["to test functionality of home page"]]>
              </value>
            </param>
          </params>
          <reporter-output>
          </reporter-output>
        </test-method> <!-- runScenario -->
        <test-method signature="runScenario(io.cucumber.testng.PickleWrapper,io.cucumber.testng.FeatureWrapper)[pri:0, instance:runner.TestRunner@5be1d0a4]" started-at="2023-11-06T14:53:25 EST" name="runScenario" description="Runs Cucumber Scenarios" data-provider="scenarios" finished-at="2023-11-06T14:53:25 EST" duration-ms="217" status="PASS">
          <params>
            <param index="0">
              <value>
                <![CDATA["select one item from home page without sign in"]]>
              </value>
            </param>
            <param index="1">
              <value>
                <![CDATA["to test functionality of home page"]]>
              </value>
            </param>
          </params>
          <reporter-output>
          </reporter-output>
        </test-method> <!-- runScenario -->
        <test-method signature="runScenario(io.cucumber.testng.PickleWrapper,io.cucumber.testng.FeatureWrapper)[pri:0, instance:runner.TestRunner@5be1d0a4]" started-at="2023-11-06T14:53:25 EST" name="runScenario" description="Runs Cucumber Scenarios" data-provider="scenarios" finished-at="2023-11-06T14:53:26 EST" duration-ms="203" status="PASS">
          <params>
            <param index="0">
              <value>
                <![CDATA["The user already on DS Algo portal page and user try to go to sign in page"]]>
              </value>
            </param>
            <param index="1">
              <value>
                <![CDATA["to test functionality of home page"]]>
              </value>
            </param>
          </params>
          <reporter-output>
          </reporter-output>
        </test-method> <!-- runScenario -->
        <test-method signature="runScenario(io.cucumber.testng.PickleWrapper,io.cucumber.testng.FeatureWrapper)[pri:0, instance:runner.TestRunner@5be1d0a4]" started-at="2023-11-06T14:53:26 EST" name="runScenario" description="Runs Cucumber Scenarios" data-provider="scenarios" finished-at="2023-11-06T14:53:26 EST" duration-ms="191" status="PASS">
          <params>
            <param index="0">
              <value>
                <![CDATA["The user already on DS Algo portal page and the user try to go to sign in page"]]>
              </value>
            </param>
            <param index="1">
              <value>
                <![CDATA["to test functionality of home page"]]>
              </value>
            </param>
          </params>
          <reporter-output>
          </reporter-output>
        </test-method> <!-- runScenario -->
        <test-method is-config="true" signature="tearDownClass()[pri:0, instance:runner.TestRunner@5be1d0a4]" started-at="2023-11-06T14:53:26 EST" name="tearDownClass" finished-at="2023-11-06T14:53:26 EST" duration-ms="276" status="PASS">
          <reporter-output>
          </reporter-output>
        </test-method> <!-- tearDownClass -->
      </class> <!-- runner.TestRunner -->
    </test> <!-- Default test -->
  </suite> <!-- Default suite -->
</testng-results>
