<?xml version="1.0" encoding="UTF-8"?>
<testng-results ignored="0" total="33" passed="32" failed="1" skipped="0">
  <reporter-output>
  </reporter-output>
  <suite started-at="2023-09-22T23:20:45 EDT" name="Default suite" finished-at="2023-09-22T23:21:33 EDT" duration-ms="48042">
    <groups>
      <group name="cucumber">
        <method signature="AbstractTestNGCucumberTests.runScenario(io.cucumber.testng.PickleWrapper,io.cucumber.testng.FeatureWrapper)[pri:0, instance:runner.TestRunner@7eac9008]" name="runScenario" class="io.cucumber.testng.AbstractTestNGCucumberTests"/>
      </group> <!-- cucumber -->
    </groups>
    <test started-at="2023-09-22T23:20:45 EDT" name="Default test" finished-at="2023-09-22T23:21:33 EDT" duration-ms="48042">
      <class name="runner.TestRunner">
        <test-method is-config="true" signature="setUpClass(org.testng.ITestContext)[pri:0, instance:runner.TestRunner@7eac9008]" started-at="2023-09-22T23:20:45 EDT" name="setUpClass" finished-at="2023-09-22T23:20:45 EDT" duration-ms="508" status="PASS">
          <params>
            <param index="0">
              <value>
                <![CDATA[org.testng.TestRunner@44286963]]>
              </value>
            </param>
          </params>
          <reporter-output>
          </reporter-output>
        </test-method> <!-- setUpClass -->
        <test-method signature="runScenario(io.cucumber.testng.PickleWrapper,io.cucumber.testng.FeatureWrapper)[pri:0, instance:runner.TestRunner@7eac9008]" started-at="2023-09-22T23:20:45 EDT" name="runScenario" description="Runs Cucumber Scenarios" data-provider="scenarios" finished-at="2023-09-22T23:20:53 EDT" duration-ms="7763" status="PASS">
          <params>
            <param index="0">
              <value>
                <![CDATA["open home page"]]>
              </value>
            </param>
            <param index="1">
              <value>
                <![CDATA["to test functionality of home page"]]>
              </value>
            </param>
          </params>
          <reporter-output>
          </reporter-output>
        </test-method> <!-- runScenario -->
        <test-method signature="runScenario(io.cucumber.testng.PickleWrapper,io.cucumber.testng.FeatureWrapper)[pri:0, instance:runner.TestRunner@7eac9008]" started-at="2023-09-22T23:20:53 EDT" name="runScenario" description="Runs Cucumber Scenarios" data-provider="scenarios" finished-at="2023-09-22T23:20:54 EDT" duration-ms="460" status="PASS">
          <params>
            <param index="0">
              <value>
                <![CDATA["get started button to go to home page"]]>
              </value>
            </param>
            <param index="1">
              <value>
                <![CDATA["to test functionality of home page"]]>
              </value>
            </param>
          </params>
          <reporter-output>
          </reporter-output>
        </test-method> <!-- runScenario -->
        <test-method signature="runScenario(io.cucumber.testng.PickleWrapper,io.cucumber.testng.FeatureWrapper)[pri:0, instance:runner.TestRunner@7eac9008]" started-at="2023-09-22T23:20:54 EDT" name="runScenario" description="Runs Cucumber Scenarios" data-provider="scenarios" finished-at="2023-09-22T23:20:54 EDT" duration-ms="95" status="PASS">
          <params>
            <param index="0">
              <value>
                <![CDATA["The user already on DS Algo portal page drop down with Data structures"]]>
              </value>
            </param>
            <param index="1">
              <value>
                <![CDATA["to test functionality of home page"]]>
              </value>
            </param>
          </params>
          <reporter-output>
          </reporter-output>
        </test-method> <!-- runScenario -->
        <test-method signature="runScenario(io.cucumber.testng.PickleWrapper,io.cucumber.testng.FeatureWrapper)[pri:0, instance:runner.TestRunner@7eac9008]" started-at="2023-09-22T23:20:54 EDT" name="runScenario" description="Runs Cucumber Scenarios" data-provider="scenarios" finished-at="2023-09-22T23:20:54 EDT" duration-ms="245" status="PASS">
          <params>
            <param index="0">
              <value>
                <![CDATA["select one item from drop down without sign in"]]>
              </value>
            </param>
            <param index="1">
              <value>
                <![CDATA["to test functionality of home page"]]>
              </value>
            </param>
          </params>
          <reporter-output>
          </reporter-output>
        </test-method> <!-- runScenario -->
        <test-method signature="runScenario(io.cucumber.testng.PickleWrapper,io.cucumber.testng.FeatureWrapper)[pri:0, instance:runner.TestRunner@7eac9008]" started-at="2023-09-22T23:20:54 EDT" name="runScenario" description="Runs Cucumber Scenarios" data-provider="scenarios" finished-at="2023-09-22T23:20:54 EDT" duration-ms="209" status="PASS">
          <params>
            <param index="0">
              <value>
                <![CDATA["select one item from home page without sign in"]]>
              </value>
            </param>
            <param index="1">
              <value>
                <![CDATA["to test functionality of home page"]]>
              </value>
            </param>
          </params>
          <reporter-output>
          </reporter-output>
        </test-method> <!-- runScenario -->
        <test-method signature="runScenario(io.cucumber.testng.PickleWrapper,io.cucumber.testng.FeatureWrapper)[pri:0, instance:runner.TestRunner@7eac9008]" started-at="2023-09-22T23:20:54 EDT" name="runScenario" description="Runs Cucumber Scenarios" data-provider="scenarios" finished-at="2023-09-22T23:20:54 EDT" duration-ms="205" status="PASS">
          <params>
            <param index="0">
              <value>
                <![CDATA["The user already on DS Algo portal page and user try to go to sign in page"]]>
              </value>
            </param>
            <param index="1">
              <value>
                <![CDATA["to test functionality of home page"]]>
              </value>
            </param>
          </params>
          <reporter-output>
          </reporter-output>
        </test-method> <!-- runScenario -->
        <test-method signature="runScenario(io.cucumber.testng.PickleWrapper,io.cucumber.testng.FeatureWrapper)[pri:0, instance:runner.TestRunner@7eac9008]" started-at="2023-09-22T23:20:54 EDT" name="runScenario" description="Runs Cucumber Scenarios" data-provider="scenarios" finished-at="2023-09-22T23:20:54 EDT" duration-ms="179" status="PASS">
          <params>
            <param index="0">
              <value>
                <![CDATA["The user already on DS Algo portal page and the user try to go to sign in page"]]>
              </value>
            </param>
            <param index="1">
              <value>
                <![CDATA["to test functionality of home page"]]>
              </value>
            </param>
          </params>
          <reporter-output>
          </reporter-output>
        </test-method> <!-- runScenario -->
        <test-method signature="runScenario(io.cucumber.testng.PickleWrapper,io.cucumber.testng.FeatureWrapper)[pri:0, instance:runner.TestRunner@7eac9008]" started-at="2023-09-22T23:20:54 EDT" name="runScenario" description="Runs Cucumber Scenarios" data-provider="scenarios" finished-at="2023-09-22T23:20:55 EDT" duration-ms="432" status="FAIL">
          <params>
            <param index="0">
              <value>
                <![CDATA["create user with valid credentials"]]>
              </value>
            </param>
            <param index="1">
              <value>
                <![CDATA["Register with valid and invalid credentials"]]>
              </value>
            </param>
          </params>
          <exception class="java.lang.AssertionError">
            <message>
              <![CDATA[expected [https://dsportalapp.herokuapp.com/home] but found [https://dsportalapp.herokuapp.com/register]]]>
            </message>
            <full-stacktrace>
              <![CDATA[java.lang.AssertionError: expected [https://dsportalapp.herokuapp.com/home] but found [https://dsportalapp.herokuapp.com/register]
at org.testng.Assert.fail(Assert.java:111)
at org.testng.Assert.failNotEquals(Assert.java:1578)
at org.testng.Assert.assertEqualsImpl(Assert.java:150)
at org.testng.Assert.assertEquals(Assert.java:132)
at org.testng.Assert.assertEquals(Assert.java:656)
at org.testng.Assert.assertEquals(Assert.java:666)
at utilities.UtlityFunctions.check_url(UtlityFunctions.java:40)
at utilities.UtlityFunctions.check_url_home(UtlityFunctions.java:61)
at step_definition.Register_SD.user_willl_direct_to_home_page(Register_SD.java:39)
at ✽.user willl direct to home page(file:///C:/Users/bobby/eclipse-workspace/ds-algo-quality-way/src/test/resources/features/02Register.feature:76)
]]>
            </full-stacktrace>
          </exception> <!-- java.lang.AssertionError -->
          <reporter-output>
          </reporter-output>
        </test-method> <!-- runScenario -->
        <test-method signature="runScenario(io.cucumber.testng.PickleWrapper,io.cucumber.testng.FeatureWrapper)[pri:0, instance:runner.TestRunner@7eac9008]" started-at="2023-09-22T23:20:55 EDT" name="runScenario" description="Runs Cucumber Scenarios" data-provider="scenarios" finished-at="2023-09-22T23:20:55 EDT" duration-ms="511" status="PASS">
          <params>
            <param index="0">
              <value>
                <![CDATA["Check login is successful with valid credentials"]]>
              </value>
            </param>
            <param index="1">
              <value>
                <![CDATA["to test login functionality"]]>
              </value>
            </param>
          </params>
          <reporter-output>
          </reporter-output>
        </test-method> <!-- runScenario -->
        <test-method signature="runScenario(io.cucumber.testng.PickleWrapper,io.cucumber.testng.FeatureWrapper)[pri:0, instance:runner.TestRunner@7eac9008]" started-at="2023-09-22T23:20:55 EDT" name="runScenario" description="Runs Cucumber Scenarios" data-provider="scenarios" finished-at="2023-09-22T23:20:56 EDT" duration-ms="296" status="PASS">
          <params>
            <param index="0">
              <value>
                <![CDATA["An existing user logged in with valid credentials in homepage"]]>
              </value>
            </param>
            <param index="1">
              <value>
                <![CDATA["to test functionality of graph"]]>
              </value>
            </param>
          </params>
          <reporter-output>
          </reporter-output>
        </test-method> <!-- runScenario -->
        <test-method signature="runScenario(io.cucumber.testng.PickleWrapper,io.cucumber.testng.FeatureWrapper)[pri:0, instance:runner.TestRunner@7eac9008]" started-at="2023-09-22T23:20:56 EDT" name="runScenario" description="Runs Cucumber Scenarios" data-provider="scenarios" finished-at="2023-09-22T23:20:56 EDT" duration-ms="220" status="PASS">
          <params>
            <param index="0">
              <value>
                <![CDATA["An existing user logged in with valid credentials in homepage"]]>
              </value>
            </param>
            <param index="1">
              <value>
                <![CDATA["to test functionality of graph"]]>
              </value>
            </param>
          </params>
          <reporter-output>
          </reporter-output>
        </test-method> <!-- runScenario -->
        <test-method signature="runScenario(io.cucumber.testng.PickleWrapper,io.cucumber.testng.FeatureWrapper)[pri:0, instance:runner.TestRunner@7eac9008]" started-at="2023-09-22T23:20:56 EDT" name="runScenario" description="Runs Cucumber Scenarios" data-provider="scenarios" finished-at="2023-09-22T23:20:56 EDT" duration-ms="312" status="PASS">
          <params>
            <param index="0">
              <value>
                <![CDATA["A logged in user is in the Graph page"]]>
              </value>
            </param>
            <param index="1">
              <value>
                <![CDATA["to test functionality of graph"]]>
              </value>
            </param>
          </params>
          <reporter-output>
          </reporter-output>
        </test-method> <!-- runScenario -->
        <test-method signature="runScenario(io.cucumber.testng.PickleWrapper,io.cucumber.testng.FeatureWrapper)[pri:0, instance:runner.TestRunner@7eac9008]" started-at="2023-09-22T23:20:56 EDT" name="runScenario" description="Runs Cucumber Scenarios" data-provider="scenarios" finished-at="2023-09-22T23:20:57 EDT" duration-ms="419" status="PASS">
          <params>
            <param index="0">
              <value>
                <![CDATA["A logged in user is in the Graph page"]]>
              </value>
            </param>
            <param index="1">
              <value>
                <![CDATA["to test functionality of graph"]]>
              </value>
            </param>
          </params>
          <reporter-output>
          </reporter-output>
        </test-method> <!-- runScenario -->
        <test-method signature="runScenario(io.cucumber.testng.PickleWrapper,io.cucumber.testng.FeatureWrapper)[pri:0, instance:runner.TestRunner@7eac9008]" started-at="2023-09-22T23:20:57 EDT" name="runScenario" description="Runs Cucumber Scenarios" data-provider="scenarios" finished-at="2023-09-22T23:21:02 EDT" duration-ms="5217" status="PASS">
          <params>
            <param index="0">
              <value>
                <![CDATA["A logged in user is in the tryEditor page from Graph/Graph page"]]>
              </value>
            </param>
            <param index="1">
              <value>
                <![CDATA["to test functionality of graph"]]>
              </value>
            </param>
          </params>
          <reporter-output>
          </reporter-output>
        </test-method> <!-- runScenario -->
        <test-method signature="runScenario(io.cucumber.testng.PickleWrapper,io.cucumber.testng.FeatureWrapper)[pri:0, instance:runner.TestRunner@7eac9008]" started-at="2023-09-22T23:21:02 EDT" name="runScenario" description="Runs Cucumber Scenarios" data-provider="scenarios" finished-at="2023-09-22T23:21:02 EDT" duration-ms="548" status="PASS">
          <params>
            <param index="0">
              <value>
                <![CDATA["A logged in user is in the Graph page"]]>
              </value>
            </param>
            <param index="1">
              <value>
                <![CDATA["to test functionality of graph"]]>
              </value>
            </param>
          </params>
          <reporter-output>
          </reporter-output>
        </test-method> <!-- runScenario -->
        <test-method signature="runScenario(io.cucumber.testng.PickleWrapper,io.cucumber.testng.FeatureWrapper)[pri:0, instance:runner.TestRunner@7eac9008]" started-at="2023-09-22T23:21:02 EDT" name="runScenario" description="Runs Cucumber Scenarios" data-provider="scenarios" finished-at="2023-09-22T23:21:03 EDT" duration-ms="540" status="PASS">
          <params>
            <param index="0">
              <value>
                <![CDATA["A logged in user is in the Graph Representations page"]]>
              </value>
            </param>
            <param index="1">
              <value>
                <![CDATA["to test functionality of graph"]]>
              </value>
            </param>
          </params>
          <reporter-output>
          </reporter-output>
        </test-method> <!-- runScenario -->
        <test-method signature="runScenario(io.cucumber.testng.PickleWrapper,io.cucumber.testng.FeatureWrapper)[pri:0, instance:runner.TestRunner@7eac9008]" started-at="2023-09-22T23:21:03 EDT" name="runScenario" description="Runs Cucumber Scenarios" data-provider="scenarios" finished-at="2023-09-22T23:21:08 EDT" duration-ms="5172" status="PASS">
          <params>
            <param index="0">
              <value>
                <![CDATA["A logged in user is in the tryEditor page from Graph/Graph Representations page"]]>
              </value>
            </param>
            <param index="1">
              <value>
                <![CDATA["to test functionality of graph"]]>
              </value>
            </param>
          </params>
          <reporter-output>
          </reporter-output>
        </test-method> <!-- runScenario -->
        <test-method signature="runScenario(io.cucumber.testng.PickleWrapper,io.cucumber.testng.FeatureWrapper)[pri:0, instance:runner.TestRunner@7eac9008]" started-at="2023-09-22T23:21:08 EDT" name="runScenario" description="Runs Cucumber Scenarios" data-provider="scenarios" finished-at="2023-09-22T23:21:09 EDT" duration-ms="365" status="PASS">
          <params>
            <param index="0">
              <value>
                <![CDATA["A logged in user is in the Graph page"]]>
              </value>
            </param>
            <param index="1">
              <value>
                <![CDATA["to test functionality of graph"]]>
              </value>
            </param>
          </params>
          <reporter-output>
          </reporter-output>
        </test-method> <!-- runScenario -->
        <test-method signature="runScenario(io.cucumber.testng.PickleWrapper,io.cucumber.testng.FeatureWrapper)[pri:0, instance:runner.TestRunner@7eac9008]" started-at="2023-09-22T23:21:09 EDT" name="runScenario" description="Runs Cucumber Scenarios" data-provider="scenarios" finished-at="2023-09-22T23:21:09 EDT" duration-ms="296" status="PASS">
          <params>
            <param index="0">
              <value>
                <![CDATA["An existing user logged in with valid credentials in homepage"]]>
              </value>
            </param>
            <param index="1">
              <value>
                <![CDATA["to test functionality of queue"]]>
              </value>
            </param>
          </params>
          <reporter-output>
          </reporter-output>
        </test-method> <!-- runScenario -->
        <test-method signature="runScenario(io.cucumber.testng.PickleWrapper,io.cucumber.testng.FeatureWrapper)[pri:0, instance:runner.TestRunner@7eac9008]" started-at="2023-09-22T23:21:09 EDT" name="runScenario" description="Runs Cucumber Scenarios" data-provider="scenarios" finished-at="2023-09-22T23:21:09 EDT" duration-ms="230" status="PASS">
          <params>
            <param index="0">
              <value>
                <![CDATA["An existing user logged in with valid credentials in homepage"]]>
              </value>
            </param>
            <param index="1">
              <value>
                <![CDATA["to test functionality of queue"]]>
              </value>
            </param>
          </params>
          <reporter-output>
          </reporter-output>
        </test-method> <!-- runScenario -->
        <test-method signature="runScenario(io.cucumber.testng.PickleWrapper,io.cucumber.testng.FeatureWrapper)[pri:0, instance:runner.TestRunner@7eac9008]" started-at="2023-09-22T23:21:09 EDT" name="runScenario" description="Runs Cucumber Scenarios" data-provider="scenarios" finished-at="2023-09-22T23:21:09 EDT" duration-ms="327" status="PASS">
          <params>
            <param index="0">
              <value>
                <![CDATA["A logged in user is in the queue page"]]>
              </value>
            </param>
            <param index="1">
              <value>
                <![CDATA["to test functionality of queue"]]>
              </value>
            </param>
          </params>
          <reporter-output>
          </reporter-output>
        </test-method> <!-- runScenario -->
        <test-method signature="runScenario(io.cucumber.testng.PickleWrapper,io.cucumber.testng.FeatureWrapper)[pri:0, instance:runner.TestRunner@7eac9008]" started-at="2023-09-22T23:21:09 EDT" name="runScenario" description="Runs Cucumber Scenarios" data-provider="scenarios" finished-at="2023-09-22T23:21:10 EDT" duration-ms="263" status="PASS">
          <params>
            <param index="0">
              <value>
                <![CDATA["A logged in user is in the  queue/implementation-lists page"]]>
              </value>
            </param>
            <param index="1">
              <value>
                <![CDATA["to test functionality of queue"]]>
              </value>
            </param>
          </params>
          <reporter-output>
          </reporter-output>
        </test-method> <!-- runScenario -->
        <test-method signature="runScenario(io.cucumber.testng.PickleWrapper,io.cucumber.testng.FeatureWrapper)[pri:0, instance:runner.TestRunner@7eac9008]" started-at="2023-09-22T23:21:10 EDT" name="runScenario" description="Runs Cucumber Scenarios" data-provider="scenarios" finished-at="2023-09-22T23:21:15 EDT" duration-ms="5143" status="PASS">
          <params>
            <param index="0">
              <value>
                <![CDATA["A logged in user is in the tryEditor page for queue/implementation-lists  page"]]>
              </value>
            </param>
            <param index="1">
              <value>
                <![CDATA["to test functionality of queue"]]>
              </value>
            </param>
          </params>
          <reporter-output>
          </reporter-output>
        </test-method> <!-- runScenario -->
        <test-method signature="runScenario(io.cucumber.testng.PickleWrapper,io.cucumber.testng.FeatureWrapper)[pri:0, instance:runner.TestRunner@7eac9008]" started-at="2023-09-22T23:21:15 EDT" name="runScenario" description="Runs Cucumber Scenarios" data-provider="scenarios" finished-at="2023-09-22T23:21:15 EDT" duration-ms="409" status="PASS">
          <params>
            <param index="0">
              <value>
                <![CDATA["A logged in user is in the queue/implementation-lists Page"]]>
              </value>
            </param>
            <param index="1">
              <value>
                <![CDATA["to test functionality of queue"]]>
              </value>
            </param>
          </params>
          <reporter-output>
          </reporter-output>
        </test-method> <!-- runScenario -->
        <test-method signature="runScenario(io.cucumber.testng.PickleWrapper,io.cucumber.testng.FeatureWrapper)[pri:0, instance:runner.TestRunner@7eac9008]" started-at="2023-09-22T23:21:15 EDT" name="runScenario" description="Runs Cucumber Scenarios" data-provider="scenarios" finished-at="2023-09-22T23:21:15 EDT" duration-ms="249" status="PASS">
          <params>
            <param index="0">
              <value>
                <![CDATA["A logged in user is in the queue/implementation-collections page"]]>
              </value>
            </param>
            <param index="1">
              <value>
                <![CDATA["to test functionality of queue"]]>
              </value>
            </param>
          </params>
          <reporter-output>
          </reporter-output>
        </test-method> <!-- runScenario -->
        <test-method signature="runScenario(io.cucumber.testng.PickleWrapper,io.cucumber.testng.FeatureWrapper)[pri:0, instance:runner.TestRunner@7eac9008]" started-at="2023-09-22T23:21:15 EDT" name="runScenario" description="Runs Cucumber Scenarios" data-provider="scenarios" finished-at="2023-09-22T23:21:21 EDT" duration-ms="5142" status="PASS">
          <params>
            <param index="0">
              <value>
                <![CDATA["A logged in user is in the tryEditor page from queue/implementation-collections  page"]]>
              </value>
            </param>
            <param index="1">
              <value>
                <![CDATA["to test functionality of queue"]]>
              </value>
            </param>
          </params>
          <reporter-output>
          </reporter-output>
        </test-method> <!-- runScenario -->
        <test-method signature="runScenario(io.cucumber.testng.PickleWrapper,io.cucumber.testng.FeatureWrapper)[pri:0, instance:runner.TestRunner@7eac9008]" started-at="2023-09-22T23:21:21 EDT" name="runScenario" description="Runs Cucumber Scenarios" data-provider="scenarios" finished-at="2023-09-22T23:21:21 EDT" duration-ms="524" status="PASS">
          <params>
            <param index="0">
              <value>
                <![CDATA["A logged in user is in the queue/implementation-collections  page"]]>
              </value>
            </param>
            <param index="1">
              <value>
                <![CDATA["to test functionality of queue"]]>
              </value>
            </param>
          </params>
          <reporter-output>
          </reporter-output>
        </test-method> <!-- runScenario -->
        <test-method signature="runScenario(io.cucumber.testng.PickleWrapper,io.cucumber.testng.FeatureWrapper)[pri:0, instance:runner.TestRunner@7eac9008]" started-at="2023-09-22T23:21:21 EDT" name="runScenario" description="Runs Cucumber Scenarios" data-provider="scenarios" finished-at="2023-09-22T23:21:21 EDT" duration-ms="239" status="PASS">
          <params>
            <param index="0">
              <value>
                <![CDATA["A logged in user is in the  queue/implementation using array page"]]>
              </value>
            </param>
            <param index="1">
              <value>
                <![CDATA["to test functionality of queue"]]>
              </value>
            </param>
          </params>
          <reporter-output>
          </reporter-output>
        </test-method> <!-- runScenario -->
        <test-method signature="runScenario(io.cucumber.testng.PickleWrapper,io.cucumber.testng.FeatureWrapper)[pri:0, instance:runner.TestRunner@7eac9008]" started-at="2023-09-22T23:21:21 EDT" name="runScenario" description="Runs Cucumber Scenarios" data-provider="scenarios" finished-at="2023-09-22T23:21:27 EDT" duration-ms="5161" status="PASS">
          <params>
            <param index="0">
              <value>
                <![CDATA["A logged in user is in the tryEditor page from queue/implementation using array page"]]>
              </value>
            </param>
            <param index="1">
              <value>
                <![CDATA["to test functionality of queue"]]>
              </value>
            </param>
          </params>
          <reporter-output>
          </reporter-output>
        </test-method> <!-- runScenario -->
        <test-method signature="runScenario(io.cucumber.testng.PickleWrapper,io.cucumber.testng.FeatureWrapper)[pri:0, instance:runner.TestRunner@7eac9008]" started-at="2023-09-22T23:21:27 EDT" name="runScenario" description="Runs Cucumber Scenarios" data-provider="scenarios" finished-at="2023-09-22T23:21:27 EDT" duration-ms="454" status="PASS">
          <params>
            <param index="0">
              <value>
                <![CDATA["A logged in user is in the queue/implementation using array page"]]>
              </value>
            </param>
            <param index="1">
              <value>
                <![CDATA["to test functionality of queue"]]>
              </value>
            </param>
          </params>
          <reporter-output>
          </reporter-output>
        </test-method> <!-- runScenario -->
        <test-method signature="runScenario(io.cucumber.testng.PickleWrapper,io.cucumber.testng.FeatureWrapper)[pri:0, instance:runner.TestRunner@7eac9008]" started-at="2023-09-22T23:21:27 EDT" name="runScenario" description="Runs Cucumber Scenarios" data-provider="scenarios" finished-at="2023-09-22T23:21:27 EDT" duration-ms="239" status="PASS">
          <params>
            <param index="0">
              <value>
                <![CDATA["A logged in user is in the  queue/Queue Operations page"]]>
              </value>
            </param>
            <param index="1">
              <value>
                <![CDATA["to test functionality of queue"]]>
              </value>
            </param>
          </params>
          <reporter-output>
          </reporter-output>
        </test-method> <!-- runScenario -->
        <test-method signature="runScenario(io.cucumber.testng.PickleWrapper,io.cucumber.testng.FeatureWrapper)[pri:0, instance:runner.TestRunner@7eac9008]" started-at="2023-09-22T23:21:27 EDT" name="runScenario" description="Runs Cucumber Scenarios" data-provider="scenarios" finished-at="2023-09-22T23:21:32 EDT" duration-ms="5164" status="PASS">
          <params>
            <param index="0">
              <value>
                <![CDATA["A logged in user is in the tryEditor page from queue/Queue Operations page"]]>
              </value>
            </param>
            <param index="1">
              <value>
                <![CDATA["to test functionality of queue"]]>
              </value>
            </param>
          </params>
          <reporter-output>
          </reporter-output>
        </test-method> <!-- runScenario -->
        <test-method signature="runScenario(io.cucumber.testng.PickleWrapper,io.cucumber.testng.FeatureWrapper)[pri:0, instance:runner.TestRunner@7eac9008]" started-at="2023-09-22T23:21:32 EDT" name="runScenario" description="Runs Cucumber Scenarios" data-provider="scenarios" finished-at="2023-09-22T23:21:33 EDT" duration-ms="365" status="PASS">
          <params>
            <param index="0">
              <value>
                <![CDATA["A logged in user is in the Queue Operations page"]]>
              </value>
            </param>
            <param index="1">
              <value>
                <![CDATA["to test functionality of queue"]]>
              </value>
            </param>
          </params>
          <reporter-output>
          </reporter-output>
        </test-method> <!-- runScenario -->
        <test-method is-config="true" signature="tearDownClass()[pri:0, instance:runner.TestRunner@7eac9008]" started-at="2023-09-22T23:21:33 EDT" name="tearDownClass" finished-at="2023-09-22T23:21:33 EDT" duration-ms="29" status="PASS">
          <reporter-output>
          </reporter-output>
        </test-method> <!-- tearDownClass -->
      </class> <!-- runner.TestRunner -->
    </test> <!-- Default test -->
  </suite> <!-- Default suite -->
</testng-results>
