<?xml version="1.0" encoding="UTF-8"?>
<!-- Generated by org.testng.reporters.JUnitReportReporter -->
<testsuite hostname="DESKTOP-C4T3QLF" failures="1" tests="18" name="runner.TestRunner" time="16.346" errors="0" timestamp="2023-09-22T11:45:52 EDT" skipped="0">
  <testcase classname="runner.TestRunner" name="runScenario" time="0.090"/>
  <testcase classname="runner.TestRunner" name="runScenario" time="0.248"/>
  <testcase classname="runner.TestRunner" name="runScenario" time="0.351"/>
  <testcase classname="runner.TestRunner" name="runScenario" time="0.367"/>
  <testcase classname="runner.TestRunner" name="runScenario" time="0.400"/>
  <testcase classname="runner.TestRunner" name="runScenario" time="2.158"/>
  <testcase classname="runner.TestRunner" name="runScenario" time="0.333"/>
  <testcase classname="runner.TestRunner" name="runScenario" time="0.467">
    <failure message="expected [https://dsportalapp.herokuapp.com/home] but found [https://dsportalapp.herokuapp.com/register]" type="java.lang.AssertionError">
      <![CDATA[java.lang.AssertionError: expected [https://dsportalapp.herokuapp.com/home] but found [https://dsportalapp.herokuapp.com/register]
at org.testng.Assert.fail(Assert.java:111)
at org.testng.Assert.failNotEquals(Assert.java:1578)
at org.testng.Assert.assertEqualsImpl(Assert.java:150)
at org.testng.Assert.assertEquals(Assert.java:132)
at org.testng.Assert.assertEquals(Assert.java:656)
at org.testng.Assert.assertEquals(Assert.java:666)
at utilities.UtlityFunctions.check_url(UtlityFunctions.java:38)
at utilities.UtlityFunctions.check_url_home(UtlityFunctions.java:59)
at step_definition.Register_SD.user_willl_direct_to_home_page(Register_SD.java:39)
at ✽.user willl direct to home page(file:///C:/Users/bobby/eclipse-workspace/ds-algo-quality-way/src/test/resources/features/02Register.feature:76)
]]>
    </failure>
  </testcase> <!-- runScenario -->
  <testcase classname="runner.TestRunner" name="runScenario" time="0.544"/>
  <testcase classname="runner.TestRunner" name="runScenario" time="0.258"/>
  <testcase classname="runner.TestRunner" name="runScenario" time="7.260"/>
  <testcase classname="runner.TestRunner" name="runScenario" time="0.198"/>
  <testcase classname="runner.TestRunner" name="runScenario" time="0.320"/>
  <testcase classname="runner.TestRunner" name="runScenario" time="0.235"/>
  <testcase classname="runner.TestRunner" name="runScenario" time="0.294"/>
  <testcase classname="runner.TestRunner" name="runScenario" time="0.193"/>
  <testcase classname="runner.TestRunner" name="runScenario" time="0.414"/>
  <testcase classname="runner.TestRunner" name="runScenario" time="2.216"/>
</testsuite> <!-- runner.TestRunner -->
