<?xml version="1.0" encoding="UTF-8"?>
<!-- Generated by org.testng.reporters.JUnitReportReporter -->
<testsuite hostname="DESKTOP-C4T3QLF" failures="1" tests="14" name="runner.TestRunner" time="17.992" errors="0" timestamp="2023-09-24T20:04:34 EDT" skipped="0">
  <testcase classname="runner.TestRunner" name="runScenario" time="0.113"/>
  <testcase classname="runner.TestRunner" name="runScenario" time="0.346"/>
  <testcase classname="runner.TestRunner" name="runScenario" time="0.198"/>
  <testcase classname="runner.TestRunner" name="runScenario" time="0.115">
    <failure message="expected [https://dsportalapp.herokuapp.com/stack/operations-in-stack/] but found [https://dsportalapp.herokuapp.com/tryEditor]" type="java.lang.AssertionError">
      <![CDATA[java.lang.AssertionError: expected [https://dsportalapp.herokuapp.com/stack/operations-in-stack/] but found [https://dsportalapp.herokuapp.com/tryEditor]
at org.testng.Assert.fail(Assert.java:111)
at org.testng.Assert.failNotEquals(Assert.java:1578)
at org.testng.Assert.assertEqualsImpl(Assert.java:150)
at org.testng.Assert.assertEquals(Assert.java:132)
at org.testng.Assert.assertEquals(Assert.java:656)
at org.testng.Assert.assertEquals(Assert.java:666)
at utilities.UtlityFunctions.check_url(UtlityFunctions.java:40)
at step_definition.Stack_SD.the_user_is_in_the_Operations_in_Stack_page(Stack_SD.java:82)
at ✽.The user is in the Operations in Stack Page(file:///C:/Users/bobby/eclipse-workspace/ds-algo-quality-way/src/test/resources/features/stack.feature:61)
]]>
    </failure>
  </testcase> <!-- runScenario -->
  <testcase classname="runner.TestRunner" name="runScenario" time="0.202"/>
  <testcase classname="runner.TestRunner" name="runScenario" time="0.207"/>
  <testcase classname="runner.TestRunner" name="runScenario" time="0.430"/>
  <testcase classname="runner.TestRunner" name="runScenario" time="0.505"/>
  <testcase classname="runner.TestRunner" name="runScenario" time="7.232"/>
  <testcase classname="runner.TestRunner" name="runScenario" time="0.313"/>
  <testcase classname="runner.TestRunner" name="runScenario" time="0.471"/>
  <testcase classname="runner.TestRunner" name="runScenario" time="7.366"/>
  <testcase classname="runner.TestRunner" name="runScenario" time="0.279"/>
  <testcase classname="runner.TestRunner" name="runScenario" time="0.215"/>
</testsuite> <!-- runner.TestRunner -->
