<?xml version="1.0" encoding="UTF-8"?>
<!-- Generated by org.testng.reporters.JUnitReportReporter -->
<testsuite hostname="DESKTOP-C4T3QLF" failures="1" tests="14" name="runner.TestRunner" time="11.146" errors="0" timestamp="2023-09-21T23:58:30 EDT" skipped="0">
  <testcase classname="runner.TestRunner" name="runScenario" time="0.222"/>
  <testcase classname="runner.TestRunner" name="runScenario" time="0.431"/>
  <testcase classname="runner.TestRunner" name="runScenario" time="0.488"/>
  <testcase classname="runner.TestRunner" name="runScenario" time="0.205"/>
  <testcase classname="runner.TestRunner" name="runScenario" time="0.202"/>
  <testcase classname="runner.TestRunner" name="runScenario" time="0.257"/>
  <testcase classname="runner.TestRunner" name="runScenario" time="7.289"/>
  <testcase classname="runner.TestRunner" name="runScenario" time="0.484">
    <failure message="expected [https://dsportalapp.herokuapp.com/home] but found [https://dsportalapp.herokuapp.com/register]" type="java.lang.AssertionError">
      <![CDATA[java.lang.AssertionError: expected [https://dsportalapp.herokuapp.com/home] but found [https://dsportalapp.herokuapp.com/register]
at org.testng.Assert.fail(Assert.java:111)
at org.testng.Assert.failNotEquals(Assert.java:1578)
at org.testng.Assert.assertEqualsImpl(Assert.java:150)
at org.testng.Assert.assertEquals(Assert.java:132)
at org.testng.Assert.assertEquals(Assert.java:656)
at org.testng.Assert.assertEquals(Assert.java:666)
at utilities.UtlityFunctions.check_url(UtlityFunctions.java:27)
at utilities.UtlityFunctions.check_url_home(UtlityFunctions.java:48)
at step_definition.Register_SD.user_willl_direct_to_home_page(Register_SD.java:39)
at ✽.user willl direct to home page(file:///C:/Users/bobby/eclipse-workspace/ds-algo-quality-way/src/test/resources/features/02Register.feature:76)
]]>
    </failure>
  </testcase> <!-- runScenario -->
  <testcase classname="runner.TestRunner" name="runScenario" time="0.202"/>
  <testcase classname="runner.TestRunner" name="runScenario" time="0.099"/>
  <testcase classname="runner.TestRunner" name="runScenario" time="0.294"/>
  <testcase classname="runner.TestRunner" name="runScenario" time="0.322"/>
  <testcase classname="runner.TestRunner" name="runScenario" time="0.238"/>
  <testcase classname="runner.TestRunner" name="runScenario" time="0.413"/>
</testsuite> <!-- runner.TestRunner -->
