<?xml version="1.0" encoding="UTF-8"?>
<!-- Generated by org.testng.reporters.JUnitReportReporter -->
<testsuite hostname="DESKTOP-C4T3QLF" failures="1" tests="20" name="runner.TestRunner" time="17.063" errors="0" timestamp="2023-09-22T13:10:44 EDT" skipped="0">
  <testcase classname="runner.TestRunner" name="runScenario" time="0.206"/>
  <testcase classname="runner.TestRunner" name="runScenario" time="0.435"/>
  <testcase classname="runner.TestRunner" name="runScenario" time="0.295"/>
  <testcase classname="runner.TestRunner" name="runScenario" time="0.464">
    <failure message="expected [https://dsportalapp.herokuapp.com/home] but found [https://dsportalapp.herokuapp.com/register]" type="java.lang.AssertionError">
      <![CDATA[java.lang.AssertionError: expected [https://dsportalapp.herokuapp.com/home] but found [https://dsportalapp.herokuapp.com/register]
at org.testng.Assert.fail(Assert.java:111)
at org.testng.Assert.failNotEquals(Assert.java:1578)
at org.testng.Assert.assertEqualsImpl(Assert.java:150)
at org.testng.Assert.assertEquals(Assert.java:132)
at org.testng.Assert.assertEquals(Assert.java:656)
at org.testng.Assert.assertEquals(Assert.java:666)
at utilities.UtlityFunctions.check_url(UtlityFunctions.java:39)
at utilities.UtlityFunctions.check_url_home(UtlityFunctions.java:60)
at step_definition.Register_SD.user_willl_direct_to_home_page(Register_SD.java:39)
at ✽.user willl direct to home page(file:///C:/Users/bobby/eclipse-workspace/ds-algo-quality-way/src/test/resources/features/02Register.feature:76)
]]>
    </failure>
  </testcase> <!-- runScenario -->
  <testcase classname="runner.TestRunner" name="runScenario" time="0.197"/>
  <testcase classname="runner.TestRunner" name="runScenario" time="0.356"/>
  <testcase classname="runner.TestRunner" name="runScenario" time="0.206"/>
  <testcase classname="runner.TestRunner" name="runScenario" time="0.320"/>
  <testcase classname="runner.TestRunner" name="runScenario" time="0.414"/>
  <testcase classname="runner.TestRunner" name="runScenario" time="0.279"/>
  <testcase classname="runner.TestRunner" name="runScenario" time="0.420"/>
  <testcase classname="runner.TestRunner" name="runScenario" time="0.518"/>
  <testcase classname="runner.TestRunner" name="runScenario" time="0.329"/>
  <testcase classname="runner.TestRunner" name="runScenario" time="0.363"/>
  <testcase classname="runner.TestRunner" name="runScenario" time="0.256"/>
  <testcase classname="runner.TestRunner" name="runScenario" time="0.077"/>
  <testcase classname="runner.TestRunner" name="runScenario" time="7.360"/>
  <testcase classname="runner.TestRunner" name="runScenario" time="2.154"/>
  <testcase classname="runner.TestRunner" name="runScenario" time="0.194"/>
  <testcase classname="runner.TestRunner" name="runScenario" time="2.220"/>
</testsuite> <!-- runner.TestRunner -->
