<?xml version="1.0" encoding="UTF-8"?>
<!-- Generated by org.testng.reporters.JUnitReportReporter -->
<testsuite hostname="DESKTOP-C4T3QLF" failures="1" tests="33" name="runner.TestRunner" time="47.084" errors="0" timestamp="2023-09-22T14:52:43 EDT" skipped="0">
  <testcase classname="runner.TestRunner" name="runScenario" time="0.207"/>
  <testcase classname="runner.TestRunner" name="runScenario" time="0.355"/>
  <testcase classname="runner.TestRunner" name="runScenario" time="0.330"/>
  <testcase classname="runner.TestRunner" name="runScenario" time="0.240"/>
  <testcase classname="runner.TestRunner" name="runScenario" time="0.300"/>
  <testcase classname="runner.TestRunner" name="runScenario" time="0.250"/>
  <testcase classname="runner.TestRunner" name="runScenario" time="0.108"/>
  <testcase classname="runner.TestRunner" name="runScenario" time="0.649"/>
  <testcase classname="runner.TestRunner" name="runScenario" time="0.332"/>
  <testcase classname="runner.TestRunner" name="runScenario" time="0.309"/>
  <testcase classname="runner.TestRunner" name="runScenario" time="5.212"/>
  <testcase classname="runner.TestRunner" name="runScenario" time="5.145"/>
  <testcase classname="runner.TestRunner" name="runScenario" time="0.350"/>
  <testcase classname="runner.TestRunner" name="runScenario" time="0.199"/>
  <testcase classname="runner.TestRunner" name="runScenario" time="0.265"/>
  <testcase classname="runner.TestRunner" name="runScenario" time="5.151"/>
  <testcase classname="runner.TestRunner" name="runScenario" time="0.252"/>
  <testcase classname="runner.TestRunner" name="runScenario" time="0.341"/>
  <testcase classname="runner.TestRunner" name="runScenario" time="5.147"/>
  <testcase classname="runner.TestRunner" name="runScenario" time="0.489"/>
  <testcase classname="runner.TestRunner" name="runScenario" time="7.463"/>
  <testcase classname="runner.TestRunner" name="runScenario" time="0.274"/>
  <testcase classname="runner.TestRunner" name="runScenario" time="0.383"/>
  <testcase classname="runner.TestRunner" name="runScenario" time="0.402"/>
  <testcase classname="runner.TestRunner" name="runScenario" time="5.206"/>
  <testcase classname="runner.TestRunner" name="runScenario" time="0.467">
    <failure message="expected [https://dsportalapp.herokuapp.com/home] but found [https://dsportalapp.herokuapp.com/register]" type="java.lang.AssertionError">
      <![CDATA[java.lang.AssertionError: expected [https://dsportalapp.herokuapp.com/home] but found [https://dsportalapp.herokuapp.com/register]
at org.testng.Assert.fail(Assert.java:111)
at org.testng.Assert.failNotEquals(Assert.java:1578)
at org.testng.Assert.assertEqualsImpl(Assert.java:150)
at org.testng.Assert.assertEquals(Assert.java:132)
at org.testng.Assert.assertEquals(Assert.java:656)
at org.testng.Assert.assertEquals(Assert.java:666)
at utilities.UtlityFunctions.check_url(UtlityFunctions.java:40)
at utilities.UtlityFunctions.check_url_home(UtlityFunctions.java:61)
at step_definition.Register_SD.user_willl_direct_to_home_page(Register_SD.java:39)
at ✽.user willl direct to home page(file:///C:/Users/bobby/eclipse-workspace/ds-algo-quality-way/src/test/resources/features/02Register.feature:76)
]]>
    </failure>
  </testcase> <!-- runScenario -->
  <testcase classname="runner.TestRunner" name="runScenario" time="0.387"/>
  <testcase classname="runner.TestRunner" name="runScenario" time="0.367"/>
  <testcase classname="runner.TestRunner" name="runScenario" time="0.410"/>
  <testcase classname="runner.TestRunner" name="runScenario" time="5.138"/>
  <testcase classname="runner.TestRunner" name="runScenario" time="0.255"/>
  <testcase classname="runner.TestRunner" name="runScenario" time="0.437"/>
  <testcase classname="runner.TestRunner" name="runScenario" time="0.264"/>
</testsuite> <!-- runner.TestRunner -->
