<?xml version="1.0" encoding="UTF-8"?>
<!-- Generated by org.testng.reporters.JUnitReportReporter -->
<testsuite hostname="DESKTOP-C4T3QLF" failures="0" tests="9" name="runner.TestRunner" time="9.393" errors="1" timestamp="2023-09-21T09:58:32 EDT" skipped="0">
  <testcase classname="runner.TestRunner" name="runScenario" time="0.498"/>
  <testcase classname="runner.TestRunner" name="runScenario" time="0.094">
    <error message="Cannot invoke &quot;org.openqa.selenium.WebDriver.getCurrentUrl()&quot; because &quot;utilities.UtlityFunctions.chromeDriver&quot; is null" type="java.lang.NullPointerException">
      <![CDATA[java.lang.NullPointerException: Cannot invoke "org.openqa.selenium.WebDriver.getCurrentUrl()" because "utilities.UtlityFunctions.chromeDriver" is null
at utilities.UtlityFunctions.check_url(UtlityFunctions.java:24)
at step_definition.Graph_SD.an_existing_user_is_in_the_home_page_after_logged_in(Graph_SD.java:17)
at ✽.An existing user is in the Home page after logged in(file:///C:/Users/bobby/eclipse-workspace/ds-algo-quality-way/src/test/resources/features/graph.feature:27)
]]>
    </error>
  </testcase> <!-- runScenario -->
  <testcase classname="runner.TestRunner" name="runScenario" time="0.134"/>
  <testcase classname="runner.TestRunner" name="runScenario" time="0.111"/>
  <testcase classname="runner.TestRunner" name="runScenario" time="0.253"/>
  <testcase classname="runner.TestRunner" name="runScenario" time="0.130"/>
  <testcase classname="runner.TestRunner" name="runScenario" time="0.331"/>
  <testcase classname="runner.TestRunner" name="runScenario" time="7.525"/>
  <testcase classname="runner.TestRunner" name="runScenario" time="0.317"/>
</testsuite> <!-- runner.TestRunner -->
