<?xml version="1.0" encoding="UTF-8"?>
<!-- Generated by org.testng.reporters.JUnitReportReporter -->
<testsuite hostname="DESKTOP-C4T3QLF" failures="1" tests="14" name="runner.TestRunner" time="11.775" errors="0" timestamp="2023-09-21T23:41:33 EDT" skipped="0">
  <testcase classname="runner.TestRunner" name="runScenario" time="0.241"/>
  <testcase classname="runner.TestRunner" name="runScenario" time="0.743"/>
  <testcase classname="runner.TestRunner" name="runScenario" time="0.528"/>
  <testcase classname="runner.TestRunner" name="runScenario" time="0.220"/>
  <testcase classname="runner.TestRunner" name="runScenario" time="0.188"/>
  <testcase classname="runner.TestRunner" name="runScenario" time="0.257"/>
  <testcase classname="runner.TestRunner" name="runScenario" time="7.290"/>
  <testcase classname="runner.TestRunner" name="runScenario" time="0.440">
    <failure message="expected [https://dsportalapp.herokuapp.com/home] but found [https://dsportalapp.herokuapp.com/register]" type="java.lang.AssertionError">
      <![CDATA[java.lang.AssertionError: expected [https://dsportalapp.herokuapp.com/home] but found [https://dsportalapp.herokuapp.com/register]
at org.testng.Assert.fail(Assert.java:111)
at org.testng.Assert.failNotEquals(Assert.java:1578)
at org.testng.Assert.assertEqualsImpl(Assert.java:150)
at org.testng.Assert.assertEquals(Assert.java:132)
at org.testng.Assert.assertEquals(Assert.java:656)
at org.testng.Assert.assertEquals(Assert.java:666)
at utilities.UtlityFunctions.check_url(UtlityFunctions.java:27)
at utilities.UtlityFunctions.check_url_home(UtlityFunctions.java:48)
at step_definition.Register_SD.user_willl_direct_to_home_page(Register_SD.java:39)
at ✽.user willl direct to home page(file:///C:/Users/bobby/eclipse-workspace/ds-algo-quality-way/src/test/resources/features/02Register.feature:76)
]]>
    </failure>
  </testcase> <!-- runScenario -->
  <testcase classname="runner.TestRunner" name="runScenario" time="0.203"/>
  <testcase classname="runner.TestRunner" name="runScenario" time="0.074"/>
  <testcase classname="runner.TestRunner" name="runScenario" time="0.437"/>
  <testcase classname="runner.TestRunner" name="runScenario" time="0.511"/>
  <testcase classname="runner.TestRunner" name="runScenario" time="0.243"/>
  <testcase classname="runner.TestRunner" name="runScenario" time="0.400"/>
</testsuite> <!-- runner.TestRunner -->
